#
# There is insufficient memory for the Java Runtime Environment to continue.
# Native memory allocation (malloc) failed to allocate 1952208 bytes. Error detail: Chunk::new
# Possible reasons:
#   The system is out of physical RAM or swap space
#   This process is running with CompressedOops enabled, and the Java Heap may be blocking the growth of the native heap
# Possible solutions:
#   Reduce memory load on the system
#   Increase physical memory or swap space
#   Check if swap backing store is full
#   Decrease Java heap size (-Xmx/-Xms)
#   Decrease number of Java threads
#   Decrease Java thread stack sizes (-Xss)
#   Set larger code cache with -XX:ReservedCodeCacheSize=
#   JVM is running with Unscaled Compressed Oops mode in which the Java heap is
#     placed in the first 4GB address space. The Java Heap base address is the
#     maximum limit for the native heap growth. Please use -XX:HeapBaseMinAddress
#     to set the Java Heap base and to place the Java Heap above 4GB virtual address.
# This output file may be truncated or incomplete.
#
#  Out of Memory Error (arena.cpp:168), pid=9836, tid=5408
#
# JRE version: OpenJDK Runtime Environment Temurin-21.0.7+6 (21.0.7+6) (build 21.0.7+6-LTS)
# Java VM: OpenJDK 64-Bit Server VM Temurin-21.0.7+6 (21.0.7+6-LTS, mixed mode, sharing, tiered, compressed oops, compressed class ptrs, parallel gc, windows-amd64)
# No core dump will be written. Minidumps are not enabled by default on client versions of Windows
#

---------------  S U M M A R Y ------------

Command Line: --add-modules=ALL-SYSTEM --add-opens=java.base/java.util=ALL-UNNAMED --add-opens=java.base/java.lang=ALL-UNNAMED --add-opens=java.base/sun.nio.fs=ALL-UNNAMED -Declipse.application=org.eclipse.jdt.ls.core.id1 -Dosgi.bundles.defaultStartLevel=4 -Declipse.product=org.eclipse.jdt.ls.core.product -Djava.import.generatesMetadataFilesAtProjectRoot=false -DDetectVMInstallationsJob.disabled=true -Dfile.encoding=utf8 -XX:+UseParallelGC -XX:GCTimeRatio=4 -XX:AdaptiveSizePolicyWeight=90 -Dsun.zip.disableMemoryMapping=true -Xmx1G -Xms100m -Xlog:disable -javaagent:c:\Users\ASUS\.vscode\extensions\redhat.java-1.42.0-win32-x64\lombok\lombok-1.18.36.jar -XX:+HeapDumpOnOutOfMemoryError -XX:HeapDumpPath=c:\Users\ASUS\AppData\Roaming\Code\User\workspaceStorage\a33238b1471dacc6b2a44bf7a413b9cd\redhat.java -Daether.dependencyCollector.impl=bf c:\Users\ASUS\.vscode\extensions\redhat.java-1.42.0-win32-x64\server\plugins\org.eclipse.equinox.launcher_1.7.0.v20250424-1814.jar -configuration c:\Users\ASUS\AppData\Roaming\Code\User\globalStorage\redhat.java\1.42.0\config_win -data c:\Users\ASUS\AppData\Roaming\Code\User\workspaceStorage\a33238b1471dacc6b2a44bf7a413b9cd\redhat.java\jdt_ws --pipe=\\.\pipe\lsp-475ced244a4cb71adac3d13573c0135e-sock

Host: Intel(R) Core(TM) i5-1035G1 CPU @ 1.00GHz, 8 cores, 7G,  Windows 11 , 64 bit Build 26100 (10.0.26100.4202)
Time: Tue Jun 17 22:43:48 2025 Bangladesh Standard Time elapsed time: 30.323886 seconds (0d 0h 0m 30s)

---------------  T H R E A D  ---------------

Current thread (0x00000226f2d56430):  JavaThread "C2 CompilerThread0" daemon [_thread_in_native, id=5408, stack(0x000000ecdbc00000,0x000000ecdbd00000) (1024K)]


Current CompileTask:
C2:30324 11197 %     4       java.util.Properties::load0 @ 29 (249 bytes)

Stack: [0x000000ecdbc00000,0x000000ecdbd00000]
Native frames: (J=compiled Java code, j=interpreted, Vv=VM code, C=native code)
V  [jvm.dll+0x6ce119]
V  [jvm.dll+0x8a84a1]
V  [jvm.dll+0x8aa9ce]
V  [jvm.dll+0x8ab0b3]
V  [jvm.dll+0x27f8a6]
V  [jvm.dll+0xc507d]
V  [jvm.dll+0xc55b3]
V  [jvm.dll+0x3b692c]
V  [jvm.dll+0x1dfe33]
V  [jvm.dll+0x247c42]
V  [jvm.dll+0x2470cf]
V  [jvm.dll+0x1c760e]
V  [jvm.dll+0x25695a]
V  [jvm.dll+0x254efa]
V  [jvm.dll+0x3f03f6]
V  [jvm.dll+0x851f6b]
V  [jvm.dll+0x6cc7dd]
C  [ucrtbase.dll+0x37b0]
C  [KERNEL32.DLL+0x2e8d7]
C  [ntdll.dll+0x3c34c]


---------------  P R O C E S S  ---------------

Threads class SMR info:
_java_thread_list=0x00000226fafc9350, length=69, elements={
0x00000226de97c580, 0x00000226f2d2b4a0, 0x00000226f2d2d1d0, 0x00000226f2d33130,
0x00000226f2d35f40, 0x00000226f2d39cc0, 0x00000226f2d3cc30, 0x00000226f2d56430,
0x00000226f2d5a700, 0x00000226f2d3dfe0, 0x00000226f2d3c5a0, 0x00000226f2d3e670,
0x00000226f2d3ed00, 0x00000226f2d3d950, 0x00000226f2d3d2c0, 0x00000226f2d3f390,
0x00000226f2d3bf10, 0x00000226f981d700, 0x00000226f981c350, 0x00000226f981eab0,
0x00000226f981b630, 0x00000226f981fe60, 0x00000226f981c9e0, 0x00000226f981f140,
0x00000226f981f7d0, 0x00000226f981dd90, 0x00000226f98204f0, 0x00000226f981d070,
0x00000226f9821210, 0x00000226f9820b80, 0x00000226f98218a0, 0x00000226f981e420,
0x00000226f9821f30, 0x00000226f9822c50, 0x00000226f98225c0, 0x00000226fc7b4290,
0x00000226fc7b6360, 0x00000226fc7b5cd0, 0x00000226fc7b5640, 0x00000226fc7b69f0,
0x00000226fc7b7080, 0x00000226fc7b7710, 0x00000226fc7b4920, 0x00000226fc7bab90,
0x00000226fc7b8ac0, 0x00000226fc7b9150, 0x00000226fc7ba500, 0x00000226fc7b8430,
0x00000226fc7bb8b0, 0x00000226fc7b9e70, 0x00000226fc7b97e0, 0x00000226fc7bb220,
0x00000226f981bcc0, 0x00000226fb98fcc0, 0x00000226fb98f630, 0x00000226fb991700,
0x00000226fb9909e0, 0x00000226fb98e280, 0x00000226fb778c20, 0x00000226fa54f4e0,
0x00000226fa54c060, 0x00000226fa54e130, 0x00000226fa54e7c0, 0x00000226fb776340,
0x00000226fa54fb70, 0x00000226fa54c6f0, 0x00000226fa550200, 0x00000226fa54cd80,
0x00000226fa550890
}

Java Threads: ( => current thread )
  0x00000226de97c580 JavaThread "main"                              [_thread_blocked, id=16664, stack(0x000000ecdb200000,0x000000ecdb300000) (1024K)]
  0x00000226f2d2b4a0 JavaThread "Reference Handler"          daemon [_thread_blocked, id=24472, stack(0x000000ecdb600000,0x000000ecdb700000) (1024K)]
  0x00000226f2d2d1d0 JavaThread "Finalizer"                  daemon [_thread_blocked, id=21052, stack(0x000000ecdb700000,0x000000ecdb800000) (1024K)]
  0x00000226f2d33130 JavaThread "Signal Dispatcher"          daemon [_thread_blocked, id=14568, stack(0x000000ecdb800000,0x000000ecdb900000) (1024K)]
  0x00000226f2d35f40 JavaThread "Attach Listener"            daemon [_thread_blocked, id=22652, stack(0x000000ecdb900000,0x000000ecdba00000) (1024K)]
  0x00000226f2d39cc0 JavaThread "Service Thread"             daemon [_thread_blocked, id=4124, stack(0x000000ecdba00000,0x000000ecdbb00000) (1024K)]
  0x00000226f2d3cc30 JavaThread "Monitor Deflation Thread"   daemon [_thread_blocked, id=16008, stack(0x000000ecdbb00000,0x000000ecdbc00000) (1024K)]
=>0x00000226f2d56430 JavaThread "C2 CompilerThread0"         daemon [_thread_in_native, id=5408, stack(0x000000ecdbc00000,0x000000ecdbd00000) (1024K)]
  0x00000226f2d5a700 JavaThread "C1 CompilerThread0"         daemon [_thread_in_native, id=7612, stack(0x000000ecdbd00000,0x000000ecdbe00000) (1024K)]
  0x00000226f2d3dfe0 JavaThread "Common-Cleaner"             daemon [_thread_blocked, id=9976, stack(0x000000ecdbe00000,0x000000ecdbf00000) (1024K)]
  0x00000226f2d3c5a0 JavaThread "Notification Thread"        daemon [_thread_blocked, id=16744, stack(0x000000ecdc000000,0x000000ecdc100000) (1024K)]
  0x00000226f2d3e670 JavaThread "Active Thread: Equinox Container: 48b4f97f-8756-4ebc-b0ec-7a4d92355697"        [_thread_blocked, id=6952, stack(0x000000ecdc800000,0x000000ecdc900000) (1024K)]
  0x00000226f2d3ed00 JavaThread "Refresh Thread: Equinox Container: 48b4f97f-8756-4ebc-b0ec-7a4d92355697" daemon [_thread_blocked, id=13404, stack(0x000000ecdc900000,0x000000ecdca00000) (1024K)]
  0x00000226f2d3d950 JavaThread "Framework Event Dispatcher: Equinox Container: 48b4f97f-8756-4ebc-b0ec-7a4d92355697" daemon [_thread_blocked, id=15332, stack(0x000000ecdcb00000,0x000000ecdcc00000) (1024K)]
  0x00000226f2d3d2c0 JavaThread "Start Level: Equinox Container: 48b4f97f-8756-4ebc-b0ec-7a4d92355697" daemon [_thread_blocked, id=20820, stack(0x000000ecdcc00000,0x000000ecdcd00000) (1024K)]
  0x00000226f2d3f390 JavaThread "Bundle File Closer"         daemon [_thread_blocked, id=23304, stack(0x000000ecdcd00000,0x000000ecdce00000) (1024K)]
  0x00000226f2d3bf10 JavaThread "SCR Component Actor"        daemon [_thread_blocked, id=13320, stack(0x000000ecdce00000,0x000000ecdcf00000) (1024K)]
  0x00000226f981d700 JavaThread "Worker-JM"                         [_thread_blocked, id=20924, stack(0x000000ecdc100000,0x000000ecdc200000) (1024K)]
  0x00000226f981c350 JavaThread "JNA Cleaner"                daemon [_thread_blocked, id=16988, stack(0x000000ecdd000000,0x000000ecdd100000) (1024K)]
  0x00000226f981eab0 JavaThread "Worker-0"                          [_thread_blocked, id=23072, stack(0x000000ecdd100000,0x000000ecdd200000) (1024K)]
  0x00000226f981b630 JavaThread "Worker-1: Publish Diagnostics"        [_thread_in_Java, id=18300, stack(0x000000ecdd200000,0x000000ecdd300000) (1024K)]
  0x00000226f981fe60 JavaThread "Java indexing"              daemon [_thread_blocked, id=8788, stack(0x000000ecdd300000,0x000000ecdd400000) (1024K)]
  0x00000226f981c9e0 JavaThread "Worker-2"                          [_thread_blocked, id=19324, stack(0x000000ecdd700000,0x000000ecdd800000) (1024K)]
  0x00000226f981f140 JavaThread "Worker-3: Initialize workspace"        [_thread_in_native, id=15220, stack(0x000000ecdd800000,0x000000ecdd900000) (1024K)]
  0x00000226f981f7d0 JavaThread "Worker-4"                          [_thread_blocked, id=8200, stack(0x000000ecdd900000,0x000000ecdda00000) (1024K)]
  0x00000226f981dd90 JavaThread "Thread-2"                   daemon [_thread_in_native, id=6536, stack(0x000000ecdda00000,0x000000ecddb00000) (1024K)]
  0x00000226f98204f0 JavaThread "Thread-3"                   daemon [_thread_in_native, id=25084, stack(0x000000ecddb00000,0x000000ecddc00000) (1024K)]
  0x00000226f981d070 JavaThread "Thread-4"                   daemon [_thread_in_native, id=13660, stack(0x000000ecddc00000,0x000000ecddd00000) (1024K)]
  0x00000226f9821210 JavaThread "Thread-5"                   daemon [_thread_in_native, id=13588, stack(0x000000ecddd00000,0x000000ecdde00000) (1024K)]
  0x00000226f9820b80 JavaThread "Thread-6"                   daemon [_thread_in_native, id=9172, stack(0x000000ecdde00000,0x000000ecddf00000) (1024K)]
  0x00000226f98218a0 JavaThread "Thread-7"                   daemon [_thread_in_native, id=23144, stack(0x000000ecddf00000,0x000000ecde000000) (1024K)]
  0x00000226f981e420 JavaThread "Thread-8"                   daemon [_thread_in_native, id=5240, stack(0x000000ecde000000,0x000000ecde100000) (1024K)]
  0x00000226f9821f30 JavaThread "Thread-9"                   daemon [_thread_in_native, id=15044, stack(0x000000ecde100000,0x000000ecde200000) (1024K)]
  0x00000226f9822c50 JavaThread "Thread-10"                  daemon [_thread_in_native, id=19616, stack(0x000000ecde200000,0x000000ecde300000) (1024K)]
  0x00000226f98225c0 JavaThread "pool-2-thread-1"                   [_thread_blocked, id=18852, stack(0x000000ecde300000,0x000000ecde400000) (1024K)]
  0x00000226fc7b4290 JavaThread "Worker-5"                          [_thread_blocked, id=18704, stack(0x000000ecde400000,0x000000ecde500000) (1024K)]
  0x00000226fc7b6360 JavaThread "WorkspaceEventsHandler"            [_thread_blocked, id=6452, stack(0x000000ecde500000,0x000000ecde600000) (1024K)]
  0x00000226fc7b5cd0 JavaThread "pool-1-thread-1"                   [_thread_blocked, id=15544, stack(0x000000ecde600000,0x000000ecde700000) (1024K)]
  0x00000226fc7b5640 JavaThread "LocalFile Deleter"          daemon [_thread_blocked, id=18988, stack(0x000000ecde700000,0x000000ecde800000) (1024K)]
  0x00000226fc7b69f0 JavaThread "LocalFile Deleter"          daemon [_thread_blocked, id=12484, stack(0x000000ecde800000,0x000000ecde900000) (1024K)]
  0x00000226fc7b7080 JavaThread "LocalFile Deleter"          daemon [_thread_blocked, id=20560, stack(0x000000ecde900000,0x000000ecdea00000) (1024K)]
  0x00000226fc7b7710 JavaThread "LocalFile Deleter"          daemon [_thread_blocked, id=4048, stack(0x000000ecdea00000,0x000000ecdeb00000) (1024K)]
  0x00000226fc7b4920 JavaThread "LocalFile Deleter"          daemon [_thread_blocked, id=23988, stack(0x000000ecdeb00000,0x000000ecdec00000) (1024K)]
  0x00000226fc7bab90 JavaThread "LocalFile Deleter"          daemon [_thread_blocked, id=12832, stack(0x000000ecdec00000,0x000000ecded00000) (1024K)]
  0x00000226fc7b8ac0 JavaThread "LocalFile Deleter"          daemon [_thread_blocked, id=3544, stack(0x000000ecded00000,0x000000ecdee00000) (1024K)]
  0x00000226fc7b9150 JavaThread "LocalFile Deleter"          daemon [_thread_blocked, id=23772, stack(0x000000ecdee00000,0x000000ecdef00000) (1024K)]
  0x00000226fc7ba500 JavaThread "Compiler Source File Reader" daemon [_thread_blocked, id=5432, stack(0x000000ecdef00000,0x000000ecdf000000) (1024K)]
  0x00000226fc7b8430 JavaThread "Compiler Source File Reader" daemon [_thread_blocked, id=20544, stack(0x000000ecdf000000,0x000000ecdf100000) (1024K)]
  0x00000226fc7bb8b0 JavaThread "Compiler Source File Reader" daemon [_thread_blocked, id=22260, stack(0x000000ecdf100000,0x000000ecdf200000) (1024K)]
  0x00000226fc7b9e70 JavaThread "Compiler Source File Reader" daemon [_thread_blocked, id=3872, stack(0x000000ecdf200000,0x000000ecdf300000) (1024K)]
  0x00000226fc7b97e0 JavaThread "Compiler Source File Reader" daemon [_thread_blocked, id=14384, stack(0x000000ecdf300000,0x000000ecdf400000) (1024K)]
  0x00000226fc7bb220 JavaThread "Compiler Processing Task"   daemon [_thread_blocked, id=3160, stack(0x000000ecdcf00000,0x000000ecdd000000) (1024K)]
  0x00000226f981bcc0 JavaThread "Compiler Class File Writer" daemon [_thread_blocked, id=21760, stack(0x000000ecdf400000,0x000000ecdf500000) (1024K)]
  0x00000226fb98fcc0 JavaThread "Compiler Class File Writer" daemon [_thread_blocked, id=16740, stack(0x000000ecdf500000,0x000000ecdf600000) (1024K)]
  0x00000226fb98f630 JavaThread "Compiler Class File Writer" daemon [_thread_blocked, id=10612, stack(0x000000ecdf600000,0x000000ecdf700000) (1024K)]
  0x00000226fb991700 JavaThread "Compiler Class File Writer" daemon [_thread_blocked, id=11124, stack(0x000000ecdf700000,0x000000ecdf800000) (1024K)]
  0x00000226fb9909e0 JavaThread "Compiler Source File Reader" daemon [_thread_blocked, id=7128, stack(0x000000ecdf800000,0x000000ecdf900000) (1024K)]
  0x00000226fb98e280 JavaThread "Compiler Class File Writer" daemon [_thread_blocked, id=21916, stack(0x000000ecdf900000,0x000000ecdfa00000) (1024K)]
  0x00000226fb778c20 JavaThread "C2 CompilerThread1"         daemon [_thread_in_native, id=15164, stack(0x000000ecdbf00000,0x000000ecdc000000) (1024K)]
  0x00000226fa54f4e0 JavaThread "ForkJoinPool.commonPool-worker-1" daemon [_thread_blocked, id=14472, stack(0x000000ecdd400000,0x000000ecdd500000) (1024K)]
  0x00000226fa54c060 JavaThread "ForkJoinPool.commonPool-worker-2" daemon [_thread_blocked, id=20256, stack(0x000000ecdfa00000,0x000000ecdfb00000) (1024K)]
  0x00000226fa54e130 JavaThread "ForkJoinPool.commonPool-worker-3" daemon [_thread_in_Java, id=5740, stack(0x000000ecdfb00000,0x000000ecdfc00000) (1024K)]
  0x00000226fa54e7c0 JavaThread "ForkJoinPool.commonPool-worker-4" daemon [_thread_in_Java, id=3620, stack(0x000000ecdfc00000,0x000000ecdfd00000) (1024K)]
  0x00000226fb776340 JavaThread "C2 CompilerThread2"         daemon [_thread_in_native, id=6068, stack(0x000000ecdfd00000,0x000000ecdfe00000) (1024K)]
  0x00000226fa54fb70 JavaThread "SCR Component Registry"     daemon [_thread_blocked, id=10460, stack(0x000000ecdfe00000,0x000000ecdff00000) (1024K)]
  0x00000226fa54c6f0 JavaThread "ForkJoinPool.commonPool-worker-5" daemon [_thread_blocked, id=528, stack(0x000000ecdff00000,0x000000ece0000000) (1024K)]
  0x00000226fa550200 JavaThread "ForkJoinPool.commonPool-worker-6" daemon [_thread_blocked, id=6884, stack(0x000000ece0000000,0x000000ece0100000) (1024K)]
  0x00000226fa54cd80 JavaThread "ForkJoinPool.commonPool-worker-7" daemon [_thread_blocked, id=3432, stack(0x000000ece0100000,0x000000ece0200000) (1024K)]
  0x00000226fa550890 JavaThread "Thread-12"                  daemon [_thread_in_Java, id=3860, stack(0x000000ece0200000,0x000000ece0300000) (1024K)]
Total: 69

Other Threads:
  0x00000226f2d125d0 VMThread "VM Thread"                           [id=20468, stack(0x000000ecdb500000,0x000000ecdb600000) (1024K)]
  0x00000226de9e8840 WatcherThread "VM Periodic Task Thread"        [id=10176, stack(0x000000ecdb400000,0x000000ecdb500000) (1024K)]
  0x00000226de99b5f0 WorkerThread "GC Thread#0"                     [id=12992, stack(0x000000ecdb300000,0x000000ecdb400000) (1024K)]
  0x00000226f4a06c10 WorkerThread "GC Thread#1"                     [id=24516, stack(0x000000ecdc200000,0x000000ecdc300000) (1024K)]
  0x00000226f90e8b10 WorkerThread "GC Thread#2"                     [id=17208, stack(0x000000ecdc300000,0x000000ecdc400000) (1024K)]
  0x00000226f9374d30 WorkerThread "GC Thread#3"                     [id=13028, stack(0x000000ecdc400000,0x000000ecdc500000) (1024K)]
  0x00000226f93756e0 WorkerThread "GC Thread#4"                     [id=18496, stack(0x000000ecdc500000,0x000000ecdc600000) (1024K)]
  0x00000226f9375a80 WorkerThread "GC Thread#5"                     [id=12812, stack(0x000000ecdc600000,0x000000ecdc700000) (1024K)]
  0x00000226f4a24070 WorkerThread "GC Thread#6"                     [id=19308, stack(0x000000ecdc700000,0x000000ecdc800000) (1024K)]
  0x00000226f935bbc0 WorkerThread "GC Thread#7"                     [id=10484, stack(0x000000ecdca00000,0x000000ecdcb00000) (1024K)]
Total: 10

Threads with active compile tasks:
C2 CompilerThread0  30367 11197 %     4       java.util.Properties::load0 @ 29 (249 bytes)
C1 CompilerThread0  30367 11353       3       org.eclipse.jdt.internal.compiler.parser.Scanner::internalScanIdentifierOrKeyword (5041 bytes)
C2 CompilerThread1  30367 11333       4       java.lang.Integer::toString (55 bytes)
C2 CompilerThread2  30367 11334       4       org.eclipse.jdt.internal.core.util.WeakHashSet::add (105 bytes)
Total: 4

VM state: synchronizing (normal execution)

VM Mutex/Monitor currently owned by a thread:  ([mutex/lock_event])
[0x00007ffe9c0de308] Threads_lock - owner thread: 0x00000226f2d125d0
[0x00007ffe9c0de408] Heap_lock - owner thread: 0x00000226f981b630

Heap address: 0x00000000c0000000, size: 1024 MB, Compressed Oops mode: 32-bit

CDS archive(s) mapped at: [0x0000022680000000-0x0000022680ba0000-0x0000022680ba0000), size 12189696, SharedBaseAddress: 0x0000022680000000, ArchiveRelocationMode: 1.
Compressed class space mapped at: 0x0000022681000000-0x00000226c1000000, reserved size: 1073741824
Narrow klass base: 0x0000022680000000, Narrow klass shift: 0, Narrow klass range: 0x100000000

GC Precious Log:
 CardTable entry size: 512
 CPUs: 8 total, 8 available
 Memory: 7929M
 Large Page Support: Disabled
 NUMA Support: Disabled
 Compressed Oops: Enabled (32-bit)
 Alignments: Space 512K, Generation 512K, Heap 2M
 Heap Min Capacity: 100M
 Heap Initial Capacity: 100M
 Heap Max Capacity: 1G
 Pre-touch: Disabled
 Parallel Workers: 8

Heap:
 PSYoungGen      total 4608K, used 4319K [0x00000000eab00000, 0x00000000eb100000, 0x0000000100000000)
  eden space 4096K, 99% used [0x00000000eab00000,0x00000000eaeffff0,0x00000000eaf00000)
  from space 512K, 43% used [0x00000000eaf00000,0x00000000eaf38000,0x00000000eaf80000)
  to   space 512K, 0% used [0x00000000eb080000,0x00000000eb080000,0x00000000eb100000)
 ParOldGen       total 699392K, used 695714K [0x00000000c0000000, 0x00000000eab00000, 0x00000000eab00000)
  object space 699392K, 99% used [0x00000000c0000000,0x00000000ea7689a8,0x00000000eab00000)
 Metaspace       used 62743K, committed 64320K, reserved 1114112K
  class space    used 6521K, committed 7232K, reserved 1048576K

Card table byte_map: [0x00000226de320000,0x00000226de530000] _byte_map_base: 0x00000226ddd20000

Marking Bits: (ParMarkBitMap*) 0x00007ffe9c0e31f0
 Begin Bits: [0x00000226f0b70000, 0x00000226f1b70000)
 End Bits:   [0x00000226f1b70000, 0x00000226f2b70000)

Polling page: 0x00000226dc770000

Metaspace:

Usage:
  Non-class:     54.90 MB used.
      Class:      6.37 MB used.
       Both:     61.27 MB used.

Virtual space:
  Non-class space:       64.00 MB reserved,      55.75 MB ( 87%) committed,  1 nodes.
      Class space:        1.00 GB reserved,       7.06 MB ( <1%) committed,  1 nodes.
             Both:        1.06 GB reserved,      62.81 MB (  6%) committed. 

Chunk freelists:
   Non-Class:  7.92 MB
       Class:  8.97 MB
        Both:  16.89 MB

MaxMetaspaceSize: unlimited
CompressedClassSpaceSize: 1.00 GB
Initial GC threshold: 21.00 MB
Current GC threshold: 97.31 MB
CDS: on
 - commit_granule_bytes: 65536.
 - commit_granule_words: 8192.
 - virtual_space_node_default_size: 8388608.
 - enlarge_chunks_in_place: 1.
 - use_allocation_guard: 0.


Internal statistics:

num_allocs_failed_limit: 9.
num_arena_births: 1198.
num_arena_deaths: 18.
num_vsnodes_births: 2.
num_vsnodes_deaths: 0.
num_space_committed: 1005.
num_space_uncommitted: 0.
num_chunks_returned_to_freelist: 29.
num_chunks_taken_from_freelist: 4246.
num_chunk_merges: 13.
num_chunk_splits: 2562.
num_chunks_enlarged: 1361.
num_inconsistent_stats: 0.

CodeHeap 'non-profiled nmethods': size=120000Kb used=8308Kb max_used=8308Kb free=111691Kb
 bounds [0x00000226e9640000, 0x00000226e9e60000, 0x00000226f0b70000]
CodeHeap 'profiled nmethods': size=120000Kb used=22952Kb max_used=22952Kb free=97047Kb
 bounds [0x00000226e1b70000, 0x00000226e31e0000, 0x00000226e90a0000]
CodeHeap 'non-nmethods': size=5760Kb used=1456Kb max_used=1497Kb free=4303Kb
 bounds [0x00000226e90a0000, 0x00000226e9310000, 0x00000226e9640000]
 total_blobs=11362 nmethods=10599 adapters=669
 compilation: enabled
              stopped_count=0, restarted_count=0
 full_count=0

Compilation events (20 events):
Event: 29.114 Thread 0x00000226fb778c20 nmethod 11298 0x00000226e9e4d190 code [0x00000226e9e4d320, 0x00000226e9e4d3c8]
Event: 29.114 Thread 0x00000226fb778c20 11297   !   4       java.util.zip.Inflater::finished (19 bytes)
Event: 29.115 Thread 0x00000226fb778c20 nmethod 11297 0x00000226e9e4d490 code [0x00000226e9e4d620, 0x00000226e9e4d820]
Event: 29.115 Thread 0x00000226fb778c20 11291   !   4       java.util.zip.Inflater::needsDictionary (19 bytes)
Event: 29.116 Thread 0x00000226fb778c20 nmethod 11291 0x00000226e9e4d910 code [0x00000226e9e4daa0, 0x00000226e9e4dca0]
Event: 29.116 Thread 0x00000226fb778c20 11292   !   4       java.util.zip.Inflater::needsInput (55 bytes)
Event: 29.117 Thread 0x00000226fb778c20 nmethod 11292 0x00000226e9e4dd90 code [0x00000226e9e4df20, 0x00000226e9e4e180]
Event: 29.117 Thread 0x00000226fb778c20 11255       4       java.util.LinkedHashMap::<init> (21 bytes)
Event: 29.143 Thread 0x00000226fb778c20 nmethod 11255 0x00000226e9e4e290 code [0x00000226e9e4e520, 0x00000226e9e4f198]
Event: 29.144 Thread 0x00000226fb778c20 11312       4       sun.nio.fs.WindowsPathParser::parse (504 bytes)
Event: 29.168 Thread 0x00000226fb776340 nmethod 11316 0x00000226e9e4fc10 code [0x00000226e9e4ff40, 0x00000226e9e51fd8]
Event: 29.168 Thread 0x00000226fb776340 11307       4       java.util.TreeMap::put (8 bytes)
Event: 29.192 Thread 0x00000226fb776340 nmethod 11307 0x00000226e9e53110 code [0x00000226e9e53320, 0x00000226e9e53b10]
Event: 29.192 Thread 0x00000226fb776340 11315       4       sun.nio.fs.WindowsPath::parse (26 bytes)
Event: 29.195 Thread 0x00000226fb776340 nmethod 11315 0x00000226e9e54110 code [0x00000226e9e542a0, 0x00000226e9e54408]
Event: 29.195 Thread 0x00000226fb776340 11308       4       java.util.zip.ZipFile$Source::isSignatureRelated (227 bytes)
Event: 29.199 Thread 0x00000226fb778c20 nmethod 11312 0x00000226e9e54590 code [0x00000226e9e549a0, 0x00000226e9e56750]
Event: 29.199 Thread 0x00000226fb778c20 11279       4       java.lang.runtime.ObjectMethods::hashCombiner (7 bytes)
Event: 29.200 Thread 0x00000226fb778c20 nmethod 11279 0x00000226e9e57e10 code [0x00000226e9e57f80, 0x00000226e9e57ff8]
Event: 29.203 Thread 0x00000226fb776340 nmethod 11308 0x00000226e9e58110 code [0x00000226e9e582c0, 0x00000226e9e58648]

GC Heap History (20 events):
Event: 28.857 GC heap before
{Heap before GC invocations=766 (full 3):
 PSYoungGen      total 4096K, used 3680K [0x00000000eab00000, 0x00000000eb000000, 0x0000000100000000)
  eden space 3072K, 100% used [0x00000000eab00000,0x00000000eae00000,0x00000000eae00000)
  from space 1024K, 59% used [0x00000000eaf00000,0x00000000eaf98020,0x00000000eb000000)
  to   space 1024K, 0% used [0x00000000eae00000,0x00000000eae00000,0x00000000eaf00000)
 ParOldGen       total 636928K, used 636803K [0x00000000c0000000, 0x00000000e6e00000, 0x00000000eab00000)
  object space 636928K, 99% used [0x00000000c0000000,0x00000000e6de0ce8,0x00000000e6e00000)
 Metaspace       used 62639K, committed 64192K, reserved 1114112K
  class space    used 6516K, committed 7232K, reserved 1048576K
}
Event: 28.860 GC heap after
{Heap after GC invocations=766 (full 3):
 PSYoungGen      total 4096K, used 400K [0x00000000eab00000, 0x00000000eaf80000, 0x0000000100000000)
  eden space 3072K, 0% used [0x00000000eab00000,0x00000000eab00000,0x00000000eae00000)
  from space 1024K, 39% used [0x00000000eae00000,0x00000000eae64148,0x00000000eaf00000)
  to   space 512K, 0% used [0x00000000eaf00000,0x00000000eaf00000,0x00000000eaf80000)
 ParOldGen       total 638976K, used 638590K [0x00000000c0000000, 0x00000000e7000000, 0x00000000eab00000)
  object space 638976K, 99% used [0x00000000c0000000,0x00000000e6f9fa38,0x00000000e7000000)
 Metaspace       used 62639K, committed 64192K, reserved 1114112K
  class space    used 6516K, committed 7232K, reserved 1048576K
}
Event: 28.885 GC heap before
{Heap before GC invocations=767 (full 3):
 PSYoungGen      total 4096K, used 3472K [0x00000000eab00000, 0x00000000eaf80000, 0x0000000100000000)
  eden space 3072K, 100% used [0x00000000eab00000,0x00000000eae00000,0x00000000eae00000)
  from space 1024K, 39% used [0x00000000eae00000,0x00000000eae64148,0x00000000eaf00000)
  to   space 512K, 0% used [0x00000000eaf00000,0x00000000eaf00000,0x00000000eaf80000)
 ParOldGen       total 638976K, used 638590K [0x00000000c0000000, 0x00000000e7000000, 0x00000000eab00000)
  object space 638976K, 99% used [0x00000000c0000000,0x00000000e6f9fa38,0x00000000e7000000)
 Metaspace       used 62664K, committed 64256K, reserved 1114112K
  class space    used 6517K, committed 7232K, reserved 1048576K
}
Event: 28.888 GC heap after
{Heap after GC invocations=767 (full 3):
 PSYoungGen      total 3584K, used 384K [0x00000000eab00000, 0x00000000eaf80000, 0x0000000100000000)
  eden space 3072K, 0% used [0x00000000eab00000,0x00000000eab00000,0x00000000eae00000)
  from space 512K, 75% used [0x00000000eaf00000,0x00000000eaf60000,0x00000000eaf80000)
  to   space 512K, 0% used [0x00000000eae80000,0x00000000eae80000,0x00000000eaf00000)
 ParOldGen       total 638976K, used 638821K [0x00000000c0000000, 0x00000000e7000000, 0x00000000eab00000)
  object space 638976K, 99% used [0x00000000c0000000,0x00000000e6fd96d0,0x00000000e7000000)
 Metaspace       used 62664K, committed 64256K, reserved 1114112K
  class space    used 6517K, committed 7232K, reserved 1048576K
}
Event: 28.910 GC heap before
{Heap before GC invocations=768 (full 3):
 PSYoungGen      total 3584K, used 3456K [0x00000000eab00000, 0x00000000eaf80000, 0x0000000100000000)
  eden space 3072K, 100% used [0x00000000eab00000,0x00000000eae00000,0x00000000eae00000)
  from space 512K, 75% used [0x00000000eaf00000,0x00000000eaf60000,0x00000000eaf80000)
  to   space 512K, 0% used [0x00000000eae80000,0x00000000eae80000,0x00000000eaf00000)
 ParOldGen       total 638976K, used 638821K [0x00000000c0000000, 0x00000000e7000000, 0x00000000eab00000)
  object space 638976K, 99% used [0x00000000c0000000,0x00000000e6fd96d0,0x00000000e7000000)
 Metaspace       used 62666K, committed 64256K, reserved 1114112K
  class space    used 6517K, committed 7232K, reserved 1048576K
}
Event: 28.913 GC heap after
{Heap after GC invocations=768 (full 3):
 PSYoungGen      total 3584K, used 384K [0x00000000eab00000, 0x00000000eaf80000, 0x0000000100000000)
  eden space 3072K, 0% used [0x00000000eab00000,0x00000000eab00000,0x00000000eae00000)
  from space 512K, 75% used [0x00000000eae80000,0x00000000eaee0020,0x00000000eaf00000)
  to   space 512K, 0% used [0x00000000eaf00000,0x00000000eaf00000,0x00000000eaf80000)
 ParOldGen       total 638976K, used 638925K [0x00000000c0000000, 0x00000000e7000000, 0x00000000eab00000)
  object space 638976K, 99% used [0x00000000c0000000,0x00000000e6ff36d0,0x00000000e7000000)
 Metaspace       used 62666K, committed 64256K, reserved 1114112K
  class space    used 6517K, committed 7232K, reserved 1048576K
}
Event: 28.922 GC heap before
{Heap before GC invocations=769 (full 3):
 PSYoungGen      total 3584K, used 3238K [0x00000000eab00000, 0x00000000eaf80000, 0x0000000100000000)
  eden space 3072K, 92% used [0x00000000eab00000,0x00000000eadc9a58,0x00000000eae00000)
  from space 512K, 75% used [0x00000000eae80000,0x00000000eaee0020,0x00000000eaf00000)
  to   space 512K, 0% used [0x00000000eaf00000,0x00000000eaf00000,0x00000000eaf80000)
 ParOldGen       total 638976K, used 638925K [0x00000000c0000000, 0x00000000e7000000, 0x00000000eab00000)
  object space 638976K, 99% used [0x00000000c0000000,0x00000000e6ff36d0,0x00000000e7000000)
 Metaspace       used 62673K, committed 64256K, reserved 1114112K
  class space    used 6518K, committed 7232K, reserved 1048576K
}
Event: 28.925 GC heap after
{Heap after GC invocations=769 (full 3):
 PSYoungGen      total 3584K, used 375K [0x00000000eab00000, 0x00000000eaf80000, 0x0000000100000000)
  eden space 3072K, 0% used [0x00000000eab00000,0x00000000eab00000,0x00000000eae00000)
  from space 512K, 73% used [0x00000000eaf00000,0x00000000eaf5ded0,0x00000000eaf80000)
  to   space 512K, 0% used [0x00000000eae80000,0x00000000eae80000,0x00000000eaf00000)
 ParOldGen       total 640512K, used 640503K [0x00000000c0000000, 0x00000000e7180000, 0x00000000eab00000)
  object space 640512K, 99% used [0x00000000c0000000,0x00000000e717de70,0x00000000e7180000)
 Metaspace       used 62673K, committed 64256K, reserved 1114112K
  class space    used 6518K, committed 7232K, reserved 1048576K
}
Event: 28.930 GC heap before
{Heap before GC invocations=770 (full 3):
 PSYoungGen      total 3584K, used 3447K [0x00000000eab00000, 0x00000000eaf80000, 0x0000000100000000)
  eden space 3072K, 100% used [0x00000000eab00000,0x00000000eae00000,0x00000000eae00000)
  from space 512K, 73% used [0x00000000eaf00000,0x00000000eaf5ded0,0x00000000eaf80000)
  to   space 512K, 0% used [0x00000000eae80000,0x00000000eae80000,0x00000000eaf00000)
 ParOldGen       total 640512K, used 640505K [0x00000000c0000000, 0x00000000e7180000, 0x00000000eab00000)
  object space 640512K, 99% used [0x00000000c0000000,0x00000000e717e6c8,0x00000000e7180000)
 Metaspace       used 62675K, committed 64256K, reserved 1114112K
  class space    used 6518K, committed 7232K, reserved 1048576K
}
Event: 28.934 GC heap after
{Heap after GC invocations=770 (full 3):
 PSYoungGen      total 4096K, used 342K [0x00000000eab00000, 0x00000000eb000000, 0x0000000100000000)
  eden space 3584K, 0% used [0x00000000eab00000,0x00000000eab00000,0x00000000eae80000)
  from space 512K, 66% used [0x00000000eae80000,0x00000000eaed5860,0x00000000eaf00000)
  to   space 512K, 0% used [0x00000000eaf80000,0x00000000eaf80000,0x00000000eb000000)
 ParOldGen       total 643072K, used 643039K [0x00000000c0000000, 0x00000000e7400000, 0x00000000eab00000)
  object space 643072K, 99% used [0x00000000c0000000,0x00000000e73f7fc8,0x00000000e7400000)
 Metaspace       used 62675K, committed 64256K, reserved 1114112K
  class space    used 6518K, committed 7232K, reserved 1048576K
}
Event: 28.948 GC heap before
{Heap before GC invocations=771 (full 3):
 PSYoungGen      total 4096K, used 3926K [0x00000000eab00000, 0x00000000eb000000, 0x0000000100000000)
  eden space 3584K, 100% used [0x00000000eab00000,0x00000000eae80000,0x00000000eae80000)
  from space 512K, 66% used [0x00000000eae80000,0x00000000eaed5860,0x00000000eaf00000)
  to   space 512K, 0% used [0x00000000eaf80000,0x00000000eaf80000,0x00000000eb000000)
 ParOldGen       total 645120K, used 644956K [0x00000000c0000000, 0x00000000e7600000, 0x00000000eab00000)
  object space 645120K, 99% used [0x00000000c0000000,0x00000000e75d73f0,0x00000000e7600000)
 Metaspace       used 62676K, committed 64256K, reserved 1114112K
  class space    used 6518K, committed 7232K, reserved 1048576K
}
Event: 28.951 GC heap after
{Heap after GC invocations=771 (full 3):
 PSYoungGen      total 4608K, used 288K [0x00000000eab00000, 0x00000000eb080000, 0x0000000100000000)
  eden space 4096K, 0% used [0x00000000eab00000,0x00000000eab00000,0x00000000eaf00000)
  from space 512K, 56% used [0x00000000eaf80000,0x00000000eafc8000,0x00000000eb000000)
  to   space 512K, 0% used [0x00000000eaf00000,0x00000000eaf00000,0x00000000eaf80000)
 ParOldGen       total 645120K, used 644996K [0x00000000c0000000, 0x00000000e7600000, 0x00000000eab00000)
  object space 645120K, 99% used [0x00000000c0000000,0x00000000e75e13f0,0x00000000e7600000)
 Metaspace       used 62676K, committed 64256K, reserved 1114112K
  class space    used 6518K, committed 7232K, reserved 1048576K
}
Event: 28.966 GC heap before
{Heap before GC invocations=772 (full 3):
 PSYoungGen      total 4608K, used 4384K [0x00000000eab00000, 0x00000000eb080000, 0x0000000100000000)
  eden space 4096K, 100% used [0x00000000eab00000,0x00000000eaf00000,0x00000000eaf00000)
  from space 512K, 56% used [0x00000000eaf80000,0x00000000eafc8000,0x00000000eb000000)
  to   space 512K, 0% used [0x00000000eaf00000,0x00000000eaf00000,0x00000000eaf80000)
 ParOldGen       total 649216K, used 648827K [0x00000000c0000000, 0x00000000e7a00000, 0x00000000eab00000)
  object space 649216K, 99% used [0x00000000c0000000,0x00000000e799ee10,0x00000000e7a00000)
 Metaspace       used 62676K, committed 64256K, reserved 1114112K
  class space    used 6518K, committed 7232K, reserved 1048576K
}
Event: 28.969 GC heap after
{Heap after GC invocations=772 (full 3):
 PSYoungGen      total 4608K, used 493K [0x00000000eab00000, 0x00000000eb180000, 0x0000000100000000)
  eden space 4096K, 0% used [0x00000000eab00000,0x00000000eab00000,0x00000000eaf00000)
  from space 512K, 96% used [0x00000000eaf00000,0x00000000eaf7b558,0x00000000eaf80000)
  to   space 1024K, 0% used [0x00000000eb080000,0x00000000eb080000,0x00000000eb180000)
 ParOldGen       total 649216K, used 648963K [0x00000000c0000000, 0x00000000e7a00000, 0x00000000eab00000)
  object space 649216K, 99% used [0x00000000c0000000,0x00000000e79c0e10,0x00000000e7a00000)
 Metaspace       used 62676K, committed 64256K, reserved 1114112K
  class space    used 6518K, committed 7232K, reserved 1048576K
}
Event: 28.984 GC heap before
{Heap before GC invocations=773 (full 3):
 PSYoungGen      total 4608K, used 4589K [0x00000000eab00000, 0x00000000eb180000, 0x0000000100000000)
  eden space 4096K, 100% used [0x00000000eab00000,0x00000000eaf00000,0x00000000eaf00000)
  from space 512K, 96% used [0x00000000eaf00000,0x00000000eaf7b558,0x00000000eaf80000)
  to   space 1024K, 0% used [0x00000000eb080000,0x00000000eb080000,0x00000000eb180000)
 ParOldGen       total 656896K, used 656660K [0x00000000c0000000, 0x00000000e8180000, 0x00000000eab00000)
  object space 656896K, 99% used [0x00000000c0000000,0x00000000e81452a0,0x00000000e8180000)
 Metaspace       used 62676K, committed 64256K, reserved 1114112K
  class space    used 6518K, committed 7232K, reserved 1048576K
}
Event: 28.987 GC heap after
{Heap after GC invocations=773 (full 3):
 PSYoungGen      total 4608K, used 256K [0x00000000eab00000, 0x00000000eb100000, 0x0000000100000000)
  eden space 4096K, 0% used [0x00000000eab00000,0x00000000eab00000,0x00000000eaf00000)
  from space 512K, 50% used [0x00000000eb080000,0x00000000eb0c0000,0x00000000eb100000)
  to   space 512K, 0% used [0x00000000eaf00000,0x00000000eaf00000,0x00000000eaf80000)
 ParOldGen       total 657408K, used 657015K [0x00000000c0000000, 0x00000000e8200000, 0x00000000eab00000)
  object space 657408K, 99% used [0x00000000c0000000,0x00000000e819df58,0x00000000e8200000)
 Metaspace       used 62676K, committed 64256K, reserved 1114112K
  class space    used 6518K, committed 7232K, reserved 1048576K
}
Event: 29.003 GC heap before
{Heap before GC invocations=774 (full 3):
 PSYoungGen      total 4608K, used 4352K [0x00000000eab00000, 0x00000000eb100000, 0x0000000100000000)
  eden space 4096K, 100% used [0x00000000eab00000,0x00000000eaf00000,0x00000000eaf00000)
  from space 512K, 50% used [0x00000000eb080000,0x00000000eb0c0000,0x00000000eb100000)
  to   space 512K, 0% used [0x00000000eaf00000,0x00000000eaf00000,0x00000000eaf80000)
 ParOldGen       total 657408K, used 657015K [0x00000000c0000000, 0x00000000e8200000, 0x00000000eab00000)
  object space 657408K, 99% used [0x00000000c0000000,0x00000000e819df58,0x00000000e8200000)
 Metaspace       used 62678K, committed 64256K, reserved 1114112K
  class space    used 6518K, committed 7232K, reserved 1048576K
}
Event: 29.007 GC heap after
{Heap after GC invocations=774 (full 3):
 PSYoungGen      total 4608K, used 324K [0x00000000eab00000, 0x00000000eb100000, 0x0000000100000000)
  eden space 4096K, 0% used [0x00000000eab00000,0x00000000eab00000,0x00000000eaf00000)
  from space 512K, 63% used [0x00000000eaf00000,0x00000000eaf511f8,0x00000000eaf80000)
  to   space 512K, 0% used [0x00000000eb080000,0x00000000eb080000,0x00000000eb100000)
 ParOldGen       total 657408K, used 657127K [0x00000000c0000000, 0x00000000e8200000, 0x00000000eab00000)
  object space 657408K, 99% used [0x00000000c0000000,0x00000000e81b9f58,0x00000000e8200000)
 Metaspace       used 62678K, committed 64256K, reserved 1114112K
  class space    used 6518K, committed 7232K, reserved 1048576K
}
Event: 29.020 GC heap before
{Heap before GC invocations=775 (full 3):
 PSYoungGen      total 4608K, used 4420K [0x00000000eab00000, 0x00000000eb100000, 0x0000000100000000)
  eden space 4096K, 100% used [0x00000000eab00000,0x00000000eaf00000,0x00000000eaf00000)
  from space 512K, 63% used [0x00000000eaf00000,0x00000000eaf511f8,0x00000000eaf80000)
  to   space 512K, 0% used [0x00000000eb080000,0x00000000eb080000,0x00000000eb100000)
 ParOldGen       total 657408K, used 657147K [0x00000000c0000000, 0x00000000e8200000, 0x00000000eab00000)
  object space 657408K, 99% used [0x00000000c0000000,0x00000000e81bed38,0x00000000e8200000)
 Metaspace       used 62679K, committed 64256K, reserved 1114112K
  class space    used 6518K, committed 7232K, reserved 1048576K
}
Event: 29.022 GC heap after
{Heap after GC invocations=775 (full 3):
 PSYoungGen      total 4608K, used 387K [0x00000000eab00000, 0x00000000eb100000, 0x0000000100000000)
  eden space 4096K, 0% used [0x00000000eab00000,0x00000000eab00000,0x00000000eaf00000)
  from space 512K, 75% used [0x00000000eb080000,0x00000000eb0e0d68,0x00000000eb100000)
  to   space 512K, 0% used [0x00000000eaf00000,0x00000000eaf00000,0x00000000eaf80000)
 ParOldGen       total 657408K, used 657406K [0x00000000c0000000, 0x00000000e8200000, 0x00000000eab00000)
  object space 657408K, 99% used [0x00000000c0000000,0x00000000e81ffaa0,0x00000000e8200000)
 Metaspace       used 62679K, committed 64256K, reserved 1114112K
  class space    used 6518K, committed 7232K, reserved 1048576K
}

Dll operation events (10 events):
Event: 0.021 Loaded shared library c:\Users\ASUS\.vscode\extensions\redhat.java-1.42.0-win32-x64\jre\21.0.7-win32-x86_64\bin\java.dll
Event: 0.094 Loaded shared library c:\Users\ASUS\.vscode\extensions\redhat.java-1.42.0-win32-x64\jre\21.0.7-win32-x86_64\bin\zip.dll
Event: 0.114 Loaded shared library C:\Users\ASUS\.vscode\extensions\redhat.java-1.42.0-win32-x64\jre\21.0.7-win32-x86_64\bin\instrument.dll
Event: 0.117 Loaded shared library C:\Users\ASUS\.vscode\extensions\redhat.java-1.42.0-win32-x64\jre\21.0.7-win32-x86_64\bin\net.dll
Event: 0.120 Loaded shared library C:\Users\ASUS\.vscode\extensions\redhat.java-1.42.0-win32-x64\jre\21.0.7-win32-x86_64\bin\nio.dll
Event: 0.122 Loaded shared library C:\Users\ASUS\.vscode\extensions\redhat.java-1.42.0-win32-x64\jre\21.0.7-win32-x86_64\bin\zip.dll
Event: 0.138 Loaded shared library C:\Users\ASUS\.vscode\extensions\redhat.java-1.42.0-win32-x64\jre\21.0.7-win32-x86_64\bin\jimage.dll
Event: 0.259 Loaded shared library c:\Users\ASUS\.vscode\extensions\redhat.java-1.42.0-win32-x64\jre\21.0.7-win32-x86_64\bin\verify.dll
Event: 1.857 Loaded shared library C:\Users\ASUS\AppData\Roaming\Code\User\globalStorage\redhat.java\1.42.0\config_win\org.eclipse.equinox.launcher\org.eclipse.equinox.launcher.win32.win32.x86_64_1.2.1300.v20250331-1702\eclipse_11911.dll
Event: 3.369 Loaded shared library C:\Users\ASUS\AppData\Local\Temp\jna-2018896\jna12677735959143434769.dll

Deoptimization events (20 events):
Event: 28.921 Thread 0x00000226fa550890 DEOPT PACKING pc=0x00000226e9bc7994 sp=0x000000ece02ff490
Event: 28.921 Thread 0x00000226fa550890 DEOPT UNPACKING pc=0x00000226e90f6da2 sp=0x000000ece02ff4e0 mode 2
Event: 28.921 Thread 0x00000226fa54e7c0 DEOPT PACKING pc=0x00000226e3174c4e sp=0x000000ecdfcfdc60
Event: 28.921 Thread 0x00000226f981f140 DEOPT PACKING pc=0x00000226e3174c4e sp=0x000000ecdd8fe260
Event: 28.921 Thread 0x00000226f981f140 DEOPT UNPACKING pc=0x00000226e90f78e2 sp=0x000000ecdd8fd7e0 mode 0
Event: 28.921 Thread 0x00000226fa54e7c0 DEOPT UNPACKING pc=0x00000226e90f78e2 sp=0x000000ecdfcfd1e0 mode 0
Event: 28.926 Thread 0x00000226fa54e7c0 DEOPT PACKING pc=0x00000226e3174c4e sp=0x000000ecdfcfdc60
Event: 28.926 Thread 0x00000226fa54e7c0 DEOPT UNPACKING pc=0x00000226e90f78e2 sp=0x000000ecdfcfd1e0 mode 0
Event: 28.929 Thread 0x00000226f981f140 DEOPT PACKING pc=0x00000226e3174c4e sp=0x000000ecdd8fe260
Event: 28.929 Thread 0x00000226f981f140 DEOPT UNPACKING pc=0x00000226e90f78e2 sp=0x000000ecdd8fd7e0 mode 0
Event: 28.929 Thread 0x00000226f981f140 Uncommon trap: trap_request=0xffffff45 fr.pc=0x00000226e977a690 relative=0x00000000000014d0
Event: 28.929 Thread 0x00000226f981f140 Uncommon trap: reason=unstable_if action=reinterpret pc=0x00000226e977a690 method=sun.nio.fs.WindowsPathParser.isSlash(C)Z @ 9 c2
Event: 28.929 Thread 0x00000226f981f140 DEOPT PACKING pc=0x00000226e977a690 sp=0x000000ecdd8fe2d0
Event: 28.929 Thread 0x00000226f981f140 DEOPT UNPACKING pc=0x00000226e90f6da2 sp=0x000000ecdd8fe280 mode 2
Event: 28.929 Thread 0x00000226fa54e130 DEOPT PACKING pc=0x00000226e31706e7 sp=0x000000ecdfbfd4a0
Event: 28.929 Thread 0x00000226fa54e130 DEOPT UNPACKING pc=0x00000226e90f78e2 sp=0x000000ecdfbfca10 mode 0
Event: 28.958 Thread 0x00000226fa54e130 DEOPT PACKING pc=0x00000226e31706e7 sp=0x000000ecdfbfd4a0
Event: 28.958 Thread 0x00000226fa54e130 DEOPT UNPACKING pc=0x00000226e90f78e2 sp=0x000000ecdfbfca10 mode 0
Event: 29.003 Thread 0x00000226fa54e130 DEOPT PACKING pc=0x00000226e31706e7 sp=0x000000ecdfbfd4a0
Event: 29.003 Thread 0x00000226fa54e130 DEOPT UNPACKING pc=0x00000226e90f78e2 sp=0x000000ecdfbfca10 mode 0

Classes loaded (20 events):
Event: 28.840 Loading class com/sun/crypto/provider/AESConstants done
Event: 28.840 Loading class com/sun/crypto/provider/SymmetricCipher
Event: 28.840 Loading class com/sun/crypto/provider/SymmetricCipher done
Event: 28.840 Loading class com/sun/crypto/provider/AESCrypt done
Event: 28.841 Loading class com/sun/crypto/provider/ElectronicCodeBook
Event: 28.841 Loading class com/sun/crypto/provider/FeedbackCipher
Event: 28.842 Loading class com/sun/crypto/provider/FeedbackCipher done
Event: 28.842 Loading class com/sun/crypto/provider/ElectronicCodeBook done
Event: 28.842 Loading class com/sun/crypto/provider/PKCS5Padding
Event: 28.843 Loading class com/sun/crypto/provider/Padding
Event: 28.843 Loading class com/sun/crypto/provider/Padding done
Event: 28.843 Loading class com/sun/crypto/provider/PKCS5Padding done
Event: 28.843 Loading class com/sun/crypto/provider/CipherBlockChaining
Event: 28.843 Loading class com/sun/crypto/provider/CipherBlockChaining done
Event: 28.844 Loading class javax/crypto/NullCipher
Event: 28.845 Loading class javax/crypto/NullCipher done
Event: 28.846 Loading class sun/security/util/ArrayUtil
Event: 28.847 Loading class sun/security/util/ArrayUtil done
Event: 28.919 Loading class java/util/zip/CheckedInputStream
Event: 28.920 Loading class java/util/zip/CheckedInputStream done

Classes unloaded (9 events):
Event: 3.965 Thread 0x00000226f2d125d0 Unloading class 0x00000226811a3c00 'java/lang/invoke/LambdaForm$MH+0x00000226811a3c00'
Event: 3.965 Thread 0x00000226f2d125d0 Unloading class 0x00000226811a3800 'java/lang/invoke/LambdaForm$MH+0x00000226811a3800'
Event: 3.965 Thread 0x00000226f2d125d0 Unloading class 0x00000226811a3400 'java/lang/invoke/LambdaForm$MH+0x00000226811a3400'
Event: 3.965 Thread 0x00000226f2d125d0 Unloading class 0x00000226811a3000 'java/lang/invoke/LambdaForm$MH+0x00000226811a3000'
Event: 3.965 Thread 0x00000226f2d125d0 Unloading class 0x00000226811a2c00 'java/lang/invoke/LambdaForm$BMH+0x00000226811a2c00'
Event: 3.965 Thread 0x00000226f2d125d0 Unloading class 0x00000226811a2800 'java/lang/invoke/LambdaForm$DMH+0x00000226811a2800'
Event: 3.965 Thread 0x00000226f2d125d0 Unloading class 0x00000226811a1400 'java/lang/invoke/LambdaForm$DMH+0x00000226811a1400'
Event: 14.671 Thread 0x00000226f2d125d0 Unloading class 0x0000022681654c00 'java/lang/invoke/LambdaForm$DMH+0x0000022681654c00'
Event: 14.671 Thread 0x00000226f2d125d0 Unloading class 0x0000022681654400 'java/lang/invoke/LambdaForm$DMH+0x0000022681654400'

Classes redefined (0 events):
No events

Internal exceptions (20 events):
Event: 28.225 Thread 0x00000226f981f140 Exception <a 'sun/nio/fs/WindowsException'{0x00000000eace31e0}> (0x00000000eace31e0) 
thrown [s\src\hotspot\share\prims\jni.cpp, line 520]
Event: 28.232 Thread 0x00000226f981f140 Exception <a 'java/io/FileNotFoundException'{0x00000000ead34c90}> (0x00000000ead34c90) 
thrown [s\src\hotspot\share\prims\jni.cpp, line 520]
Event: 28.233 Thread 0x00000226f981f140 Exception <a 'java/io/FileNotFoundException'{0x00000000ead35a00}> (0x00000000ead35a00) 
thrown [s\src\hotspot\share\prims\jni.cpp, line 520]
Event: 28.250 Thread 0x00000226f981f140 Exception <a 'sun/nio/fs/WindowsException'{0x00000000eadeb7c8}> (0x00000000eadeb7c8) 
thrown [s\src\hotspot\share\prims\jni.cpp, line 520]
Event: 28.250 Thread 0x00000226f981f140 Exception <a 'sun/nio/fs/WindowsException'{0x00000000eadebdf8}> (0x00000000eadebdf8) 
thrown [s\src\hotspot\share\prims\jni.cpp, line 520]
Event: 28.290 Thread 0x00000226f981f140 Exception <a 'sun/nio/fs/WindowsException'{0x00000000eac694a8}> (0x00000000eac694a8) 
thrown [s\src\hotspot\share\prims\jni.cpp, line 520]
Event: 28.290 Thread 0x00000226f981f140 Exception <a 'sun/nio/fs/WindowsException'{0x00000000eac69d88}> (0x00000000eac69d88) 
thrown [s\src\hotspot\share\prims\jni.cpp, line 520]
Event: 28.328 Thread 0x00000226fc7b5cd0 Exception <a 'java/lang/IncompatibleClassChangeError'{0x00000000eab02d70}: Found class java.lang.Object, but interface was expected> (0x00000000eab02d70) 
thrown [s\src\hotspot\share\interpreter\linkResolver.cpp, line 840]
Event: 28.361 Thread 0x00000226fc7b5cd0 Exception <a 'java/lang/IncompatibleClassChangeError'{0x00000000eac0beb0}: Found class java.lang.Object, but interface was expected> (0x00000000eac0beb0) 
thrown [s\src\hotspot\share\interpreter\linkResolver.cpp, line 840]
Event: 28.559 Thread 0x00000226f981f7d0 Exception <a 'java/lang/NoSuchMethodError'{0x00000000eab37568}: 'java.lang.Object java.lang.invoke.DirectMethodHandle$Holder.invokeSpecial(java.lang.Object, java.lang.Object, int, long)'> (0x00000000eab37568) 
thrown [s\src\hotspot\share\interpreter\linkResolver.cpp, line 773]
Event: 28.726 Thread 0x00000226fa54e7c0 Exception <a 'java/lang/NoSuchMethodError'{0x00000000eada6ca8}: 'int java.lang.invoke.Invokers$Holder.invokeExact_MT(java.lang.Object, java.lang.Object)'> (0x00000000eada6ca8) 
thrown [s\src\hotspot\share\interpreter\linkResolver.cpp, line 773]
Event: 28.743 Thread 0x00000226fa550890 Exception <a 'sun/nio/fs/WindowsException'{0x00000000eab64e98}> (0x00000000eab64e98) 
thrown [s\src\hotspot\share\prims\jni.cpp, line 520]
Event: 28.876 Thread 0x00000226fa54e130 Exception <a 'sun/nio/fs/WindowsException'{0x00000000ead049a0}> (0x00000000ead049a0) 
thrown [s\src\hotspot\share\prims\jni.cpp, line 520]
Event: 28.876 Thread 0x00000226fa54e130 Exception <a 'sun/nio/fs/WindowsException'{0x00000000ead05280}> (0x00000000ead05280) 
thrown [s\src\hotspot\share\prims\jni.cpp, line 520]
Event: 28.877 Thread 0x00000226fa54e130 Exception <a 'sun/nio/fs/WindowsException'{0x00000000ead32370}> (0x00000000ead32370) 
thrown [s\src\hotspot\share\prims\jni.cpp, line 520]
Event: 28.877 Thread 0x00000226fa54e130 Exception <a 'sun/nio/fs/WindowsException'{0x00000000ead32c50}> (0x00000000ead32c50) 
thrown [s\src\hotspot\share\prims\jni.cpp, line 520]
Event: 28.879 Thread 0x00000226fa54e130 Exception <a 'sun/nio/fs/WindowsException'{0x00000000ead62d88}> (0x00000000ead62d88) 
thrown [s\src\hotspot\share\prims\jni.cpp, line 520]
Event: 28.879 Thread 0x00000226fa54e130 Exception <a 'sun/nio/fs/WindowsException'{0x00000000ead63668}> (0x00000000ead63668) 
thrown [s\src\hotspot\share\prims\jni.cpp, line 520]
Event: 28.891 Thread 0x00000226fa54e130 Exception <a 'sun/nio/fs/WindowsException'{0x00000000eab71cc8}> (0x00000000eab71cc8) 
thrown [s\src\hotspot\share\prims\jni.cpp, line 520]
Event: 28.892 Thread 0x00000226fa54e130 Exception <a 'sun/nio/fs/WindowsException'{0x00000000eab725a8}> (0x00000000eab725a8) 
thrown [s\src\hotspot\share\prims\jni.cpp, line 520]

ZGC Phase Switch (0 events):
No events

VM Operations (20 events):
Event: 28.930 Executing VM operation: ParallelGCFailedAllocation (Allocation Failure)
Event: 28.930 Executing VM operation: ParallelGCFailedAllocation (Allocation Failure) done
Event: 28.930 Executing VM operation: ParallelGCFailedAllocation (Allocation Failure)
Event: 28.934 Executing VM operation: ParallelGCFailedAllocation (Allocation Failure) done
Event: 28.947 Executing VM operation: ParallelGCFailedAllocation (Allocation Failure)
Event: 28.947 Executing VM operation: ParallelGCFailedAllocation (Allocation Failure) done
Event: 28.947 Executing VM operation: ParallelGCFailedAllocation (Allocation Failure)
Event: 28.951 Executing VM operation: ParallelGCFailedAllocation (Allocation Failure) done
Event: 28.965 Executing VM operation: ParallelGCFailedAllocation (Allocation Failure)
Event: 28.966 Executing VM operation: ParallelGCFailedAllocation (Allocation Failure) done
Event: 28.966 Executing VM operation: ParallelGCSystemGC (GCLocker Initiated GC)
Event: 28.969 Executing VM operation: ParallelGCSystemGC (GCLocker Initiated GC) done
Event: 28.979 Executing VM operation: ParallelGCFailedAllocation (Allocation Failure)
Event: 28.987 Executing VM operation: ParallelGCFailedAllocation (Allocation Failure) done
Event: 29.003 Executing VM operation: ParallelGCFailedAllocation (Allocation Failure)
Event: 29.007 Executing VM operation: ParallelGCFailedAllocation (Allocation Failure) done
Event: 29.019 Executing VM operation: ParallelGCFailedAllocation (Allocation Failure)
Event: 29.020 Executing VM operation: ParallelGCFailedAllocation (Allocation Failure) done
Event: 29.020 Executing VM operation: ParallelGCSystemGC (GCLocker Initiated GC)
Event: 29.022 Executing VM operation: ParallelGCSystemGC (GCLocker Initiated GC) done

Memory protections (0 events):
No events

Nmethod flushes (20 events):
Event: 14.693 Thread 0x00000226f2d125d0 flushing  nmethod 0x00000226e2387b10
Event: 14.693 Thread 0x00000226f2d125d0 flushing  nmethod 0x00000226e23a4210
Event: 14.693 Thread 0x00000226f2d125d0 flushing osr nmethod 0x00000226e23dd590
Event: 14.693 Thread 0x00000226f2d125d0 flushing  nmethod 0x00000226e23e6790
Event: 14.693 Thread 0x00000226f2d125d0 flushing  nmethod 0x00000226e23fae90
Event: 14.693 Thread 0x00000226f2d125d0 flushing  nmethod 0x00000226e2410690
Event: 14.693 Thread 0x00000226f2d125d0 flushing  nmethod 0x00000226e2413710
Event: 14.693 Thread 0x00000226f2d125d0 flushing  nmethod 0x00000226e2414090
Event: 14.693 Thread 0x00000226f2d125d0 flushing  nmethod 0x00000226e2414b10
Event: 14.693 Thread 0x00000226f2d125d0 flushing  nmethod 0x00000226e2427210
Event: 14.693 Thread 0x00000226f2d125d0 flushing  nmethod 0x00000226e242d810
Event: 14.693 Thread 0x00000226f2d125d0 flushing  nmethod 0x00000226e242f690
Event: 14.693 Thread 0x00000226f2d125d0 flushing  nmethod 0x00000226e2430f90
Event: 14.693 Thread 0x00000226f2d125d0 flushing  nmethod 0x00000226e2431590
Event: 14.693 Thread 0x00000226f2d125d0 flushing  nmethod 0x00000226e2435a10
Event: 14.693 Thread 0x00000226f2d125d0 flushing  nmethod 0x00000226e2437910
Event: 14.693 Thread 0x00000226f2d125d0 flushing  nmethod 0x00000226e2462010
Event: 14.693 Thread 0x00000226f2d125d0 flushing  nmethod 0x00000226e246c890
Event: 14.693 Thread 0x00000226f2d125d0 flushing  nmethod 0x00000226e24a3810
Event: 14.693 Thread 0x00000226f2d125d0 flushing  nmethod 0x00000226e24f8d10

Events (20 events):
Event: 17.593 Thread 0x00000226fb037880 Thread exited: 0x00000226fb037880
Event: 17.606 Thread 0x00000226f2d56430 Thread added: 0x00000226fb777e80
Event: 17.940 Thread 0x00000226fb777e80 Thread exited: 0x00000226fb777e80
Event: 18.103 Thread 0x00000226f2d5a700 Thread added: 0x00000226fb776a10
Event: 18.103 Thread 0x00000226f2d5a700 Thread added: 0x00000226fb7777b0
Event: 19.752 Thread 0x00000226fb7777b0 Thread exited: 0x00000226fb7777b0
Event: 20.219 Thread 0x00000226fb776a10 Thread exited: 0x00000226fb776a10
Event: 20.803 Thread 0x00000226f2d56430 Thread added: 0x00000226fb778c20
Event: 21.853 Thread 0x00000226fb778c20 Thread exited: 0x00000226fb778c20
Event: 27.233 Thread 0x00000226f2d5a700 Thread added: 0x00000226fb778c20
Event: 27.755 Thread 0x00000226fc7b5cd0 Thread added: 0x00000226fa54f4e0
Event: 27.758 Thread 0x00000226fc7b5cd0 Thread added: 0x00000226fa54c060
Event: 27.760 Thread 0x00000226fa54c060 Thread added: 0x00000226fa54e130
Event: 27.761 Thread 0x00000226fa54e130 Thread added: 0x00000226fa54e7c0
Event: 27.986 Thread 0x00000226f2d5a700 Thread added: 0x00000226fb776340
Event: 28.277 Thread 0x00000226f981f140 Thread added: 0x00000226fa54fb70
Event: 28.342 Thread 0x00000226fc7b5cd0 Thread added: 0x00000226fa54c6f0
Event: 28.364 Thread 0x00000226fc7b5cd0 Thread added: 0x00000226fa550200
Event: 28.365 Thread 0x00000226fa550200 Thread added: 0x00000226fa54cd80
Event: 28.605 Thread 0x00000226fa54e130 Thread added: 0x00000226fa550890


Dynamic libraries:
0x00007ff638e30000 - 0x00007ff638e3e000 	c:\Users\ASUS\.vscode\extensions\redhat.java-1.42.0-win32-x64\jre\21.0.7-win32-x86_64\bin\java.exe
0x00007fff329e0000 - 0x00007fff32c45000 	C:\WINDOWS\SYSTEM32\ntdll.dll
0x00007fff32200000 - 0x00007fff322c9000 	C:\WINDOWS\System32\KERNEL32.DLL
0x00007fff30190000 - 0x00007fff30578000 	C:\WINDOWS\System32\KERNELBASE.dll
0x00007fff2fe00000 - 0x00007fff2ff4b000 	C:\WINDOWS\System32\ucrtbase.dll
0x00007fff245c0000 - 0x00007fff245de000 	c:\Users\ASUS\.vscode\extensions\redhat.java-1.42.0-win32-x64\jre\21.0.7-win32-x86_64\bin\VCRUNTIME140.dll
0x00007fff22780000 - 0x00007fff22798000 	c:\Users\ASUS\.vscode\extensions\redhat.java-1.42.0-win32-x64\jre\21.0.7-win32-x86_64\bin\jli.dll
0x00007fff31cb0000 - 0x00007fff31e7a000 	C:\WINDOWS\System32\USER32.dll
0x00007fff1b330000 - 0x00007fff1b5ca000 	C:\WINDOWS\WinSxS\amd64_microsoft.windows.common-controls_6595b64144ccf1df_6.0.26100.4202_none_3e0698d4e335f517\COMCTL32.dll
0x00007fff2ff50000 - 0x00007fff2ff77000 	C:\WINDOWS\System32\win32u.dll
0x00007fff30b20000 - 0x00007fff30bc9000 	C:\WINDOWS\System32\msvcrt.dll
0x00007fff31bc0000 - 0x00007fff31beb000 	C:\WINDOWS\System32\GDI32.dll
0x00007fff30580000 - 0x00007fff306b7000 	C:\WINDOWS\System32\gdi32full.dll
0x00007fff2fbd0000 - 0x00007fff2fc73000 	C:\WINDOWS\System32\msvcp_win.dll
0x00007fff31c70000 - 0x00007fff31ca0000 	C:\WINDOWS\System32\IMM32.DLL
0x00007fff2a370000 - 0x00007fff2a37c000 	c:\Users\ASUS\.vscode\extensions\redhat.java-1.42.0-win32-x64\jre\21.0.7-win32-x86_64\bin\vcruntime140_1.dll
0x00007fff10b00000 - 0x00007fff10b8d000 	c:\Users\ASUS\.vscode\extensions\redhat.java-1.42.0-win32-x64\jre\21.0.7-win32-x86_64\bin\msvcp140.dll
0x00007ffe9b430000 - 0x00007ffe9c1c0000 	c:\Users\ASUS\.vscode\extensions\redhat.java-1.42.0-win32-x64\jre\21.0.7-win32-x86_64\bin\server\jvm.dll
0x00007fff32350000 - 0x00007fff32403000 	C:\WINDOWS\System32\ADVAPI32.dll
0x00007fff30cf0000 - 0x00007fff30d96000 	C:\WINDOWS\System32\sechost.dll
0x00007fff30bd0000 - 0x00007fff30ce5000 	C:\WINDOWS\System32\RPCRT4.dll
0x00007fff30da0000 - 0x00007fff30e14000 	C:\WINDOWS\System32\WS2_32.dll
0x00007fff2f9a0000 - 0x00007fff2f9fe000 	C:\WINDOWS\SYSTEM32\POWRPROF.dll
0x00007fff1c4c0000 - 0x00007fff1c4f5000 	C:\WINDOWS\SYSTEM32\WINMM.dll
0x00007fff24890000 - 0x00007fff2489b000 	C:\WINDOWS\SYSTEM32\VERSION.dll
0x00007fff2f980000 - 0x00007fff2f994000 	C:\WINDOWS\SYSTEM32\UMPDC.dll
0x00007fff2e8f0000 - 0x00007fff2e90b000 	C:\WINDOWS\SYSTEM32\kernel.appcore.dll
0x00007fff27e30000 - 0x00007fff27e3a000 	c:\Users\ASUS\.vscode\extensions\redhat.java-1.42.0-win32-x64\jre\21.0.7-win32-x86_64\bin\jimage.dll
0x00007fff2c710000 - 0x00007fff2c951000 	C:\WINDOWS\SYSTEM32\DBGHELP.DLL
0x00007fff317c0000 - 0x00007fff31b45000 	C:\WINDOWS\System32\combase.dll
0x00007fff32410000 - 0x00007fff324f1000 	C:\WINDOWS\System32\OLEAUT32.dll
0x00007fff19fa0000 - 0x00007fff19fd9000 	C:\WINDOWS\SYSTEM32\dbgcore.DLL
0x00007fff2fb30000 - 0x00007fff2fbc9000 	C:\WINDOWS\System32\bcryptPrimitives.dll
0x00007fff27ab0000 - 0x00007fff27abf000 	c:\Users\ASUS\.vscode\extensions\redhat.java-1.42.0-win32-x64\jre\21.0.7-win32-x86_64\bin\instrument.dll
0x00007fff21050000 - 0x00007fff2106f000 	c:\Users\ASUS\.vscode\extensions\redhat.java-1.42.0-win32-x64\jre\21.0.7-win32-x86_64\bin\java.dll
0x00007fff31070000 - 0x00007fff317b2000 	C:\WINDOWS\System32\SHELL32.dll
0x00007fff2fc80000 - 0x00007fff2fdf4000 	C:\WINDOWS\System32\wintypes.dll
0x00007fff2d7d0000 - 0x00007fff2e027000 	C:\WINDOWS\SYSTEM32\windows.storage.dll
0x00007fff31f10000 - 0x00007fff32001000 	C:\WINDOWS\System32\SHCORE.dll
0x00007fff30e20000 - 0x00007fff30e8a000 	C:\WINDOWS\System32\shlwapi.dll
0x00007fff2fa40000 - 0x00007fff2fa6f000 	C:\WINDOWS\SYSTEM32\profapi.dll
0x00007fff21030000 - 0x00007fff21048000 	c:\Users\ASUS\.vscode\extensions\redhat.java-1.42.0-win32-x64\jre\21.0.7-win32-x86_64\bin\zip.dll
0x00007fff248a0000 - 0x00007fff248b0000 	C:\Users\ASUS\.vscode\extensions\redhat.java-1.42.0-win32-x64\jre\21.0.7-win32-x86_64\bin\net.dll
0x00007fff27cf0000 - 0x00007fff27e0e000 	C:\WINDOWS\SYSTEM32\WINHTTP.dll
0x00007fff2ee60000 - 0x00007fff2eeca000 	C:\WINDOWS\system32\mswsock.dll
0x00007fff20ce0000 - 0x00007fff20cf6000 	C:\Users\ASUS\.vscode\extensions\redhat.java-1.42.0-win32-x64\jre\21.0.7-win32-x86_64\bin\nio.dll
0x00007fff22690000 - 0x00007fff226a0000 	c:\Users\ASUS\.vscode\extensions\redhat.java-1.42.0-win32-x64\jre\21.0.7-win32-x86_64\bin\verify.dll
0x00007fff20710000 - 0x00007fff20755000 	C:\Users\ASUS\AppData\Roaming\Code\User\globalStorage\redhat.java\1.42.0\config_win\org.eclipse.equinox.launcher\org.eclipse.equinox.launcher.win32.win32.x86_64_1.2.1300.v20250331-1702\eclipse_11911.dll
0x00007fff30ec0000 - 0x00007fff3105e000 	C:\WINDOWS\System32\ole32.dll
0x00007fff2f110000 - 0x00007fff2f12b000 	C:\WINDOWS\SYSTEM32\CRYPTSP.dll
0x00007fff2e850000 - 0x00007fff2e88a000 	C:\WINDOWS\system32\rsaenh.dll
0x00007fff2ef00000 - 0x00007fff2ef2b000 	C:\WINDOWS\SYSTEM32\USERENV.dll
0x00007fff2fa10000 - 0x00007fff2fa36000 	C:\WINDOWS\SYSTEM32\bcrypt.dll
0x00007fff2f130000 - 0x00007fff2f13c000 	C:\WINDOWS\SYSTEM32\CRYPTBASE.dll
0x00007fff2e320000 - 0x00007fff2e353000 	C:\WINDOWS\SYSTEM32\IPHLPAPI.DLL
0x00007fff321f0000 - 0x00007fff321fa000 	C:\WINDOWS\System32\NSI.dll
0x00007ffef4140000 - 0x00007ffef4189000 	C:\Users\ASUS\AppData\Local\Temp\jna-2018896\jna12677735959143434769.dll
0x00007fff31bb0000 - 0x00007fff31bb8000 	C:\WINDOWS\System32\PSAPI.DLL
0x00007fff27ca0000 - 0x00007fff27cbf000 	C:\WINDOWS\SYSTEM32\dhcpcsvc6.DLL
0x00007fff27c70000 - 0x00007fff27c95000 	C:\WINDOWS\SYSTEM32\dhcpcsvc.DLL

dbghelp: loaded successfully - version: 4.0.5 - missing functions: none
symbol engine: initialized successfully - sym options: 0x614 - pdb path: .;c:\Users\ASUS\.vscode\extensions\redhat.java-1.42.0-win32-x64\jre\21.0.7-win32-x86_64\bin;C:\WINDOWS\SYSTEM32;C:\WINDOWS\WinSxS\amd64_microsoft.windows.common-controls_6595b64144ccf1df_6.0.26100.4202_none_3e0698d4e335f517;c:\Users\ASUS\.vscode\extensions\redhat.java-1.42.0-win32-x64\jre\21.0.7-win32-x86_64\bin\server;C:\Users\ASUS\AppData\Roaming\Code\User\globalStorage\redhat.java\1.42.0\config_win\org.eclipse.equinox.launcher\org.eclipse.equinox.launcher.win32.win32.x86_64_1.2.1300.v20250331-1702;C:\Users\ASUS\AppData\Local\Temp\jna-2018896

VM Arguments:
jvm_args: --add-modules=ALL-SYSTEM --add-opens=java.base/java.util=ALL-UNNAMED --add-opens=java.base/java.lang=ALL-UNNAMED --add-opens=java.base/sun.nio.fs=ALL-UNNAMED -Declipse.application=org.eclipse.jdt.ls.core.id1 -Dosgi.bundles.defaultStartLevel=4 -Declipse.product=org.eclipse.jdt.ls.core.product -Djava.import.generatesMetadataFilesAtProjectRoot=false -DDetectVMInstallationsJob.disabled=true -Dfile.encoding=utf8 -XX:+UseParallelGC -XX:GCTimeRatio=4 -XX:AdaptiveSizePolicyWeight=90 -Dsun.zip.disableMemoryMapping=true -Xmx1G -Xms100m -Xlog:disable -javaagent:c:\Users\ASUS\.vscode\extensions\redhat.java-1.42.0-win32-x64\lombok\lombok-1.18.36.jar -XX:+HeapDumpOnOutOfMemoryError -XX:HeapDumpPath=c:\Users\ASUS\AppData\Roaming\Code\User\workspaceStorage\a33238b1471dacc6b2a44bf7a413b9cd\redhat.java -Daether.dependencyCollector.impl=bf 
java_command: c:\Users\ASUS\.vscode\extensions\redhat.java-1.42.0-win32-x64\server\plugins\org.eclipse.equinox.launcher_1.7.0.v20250424-1814.jar -configuration c:\Users\ASUS\AppData\Roaming\Code\User\globalStorage\redhat.java\1.42.0\config_win -data c:\Users\ASUS\AppData\Roaming\Code\User\workspaceStorage\a33238b1471dacc6b2a44bf7a413b9cd\redhat.java\jdt_ws --pipe=\\.\pipe\lsp-475ced244a4cb71adac3d13573c0135e-sock
java_class_path (initial): c:\Users\ASUS\.vscode\extensions\redhat.java-1.42.0-win32-x64\server\plugins\org.eclipse.equinox.launcher_1.7.0.v20250424-1814.jar
Launcher Type: SUN_STANDARD

[Global flags]
    uintx AdaptiveSizePolicyWeight                 = 90                                        {product} {command line}
     intx CICompilerCount                          = 4                                         {product} {ergonomic}
    uintx GCTimeRatio                              = 4                                         {product} {command line}
     bool HeapDumpOnOutOfMemoryError               = true                                   {manageable} {command line}
    ccstr HeapDumpPath                             = c:\Users\ASUS\AppData\Roaming\Code\User\workspaceStorage\a33238b1471dacc6b2a44bf7a413b9cd\redhat.java         {manageable} {command line}
   size_t InitialHeapSize                          = 104857600                                 {product} {command line}
   size_t MaxHeapSize                              = 1073741824                                {product} {command line}
   size_t MaxNewSize                               = 357564416                                 {product} {ergonomic}
   size_t MinHeapDeltaBytes                        = 524288                                    {product} {ergonomic}
   size_t MinHeapSize                              = 104857600                                 {product} {command line}
   size_t NewSize                                  = 34603008                                  {product} {ergonomic}
    uintx NonNMethodCodeHeapSize                   = 5839372                                {pd product} {ergonomic}
    uintx NonProfiledCodeHeapSize                  = 122909434                              {pd product} {ergonomic}
   size_t OldSize                                  = 70254592                                  {product} {ergonomic}
    uintx ProfiledCodeHeapSize                     = 122909434                              {pd product} {ergonomic}
    uintx ReservedCodeCacheSize                    = 251658240                              {pd product} {ergonomic}
     bool SegmentedCodeCache                       = true                                      {product} {ergonomic}
   size_t SoftMaxHeapSize                          = 1073741824                             {manageable} {ergonomic}
     bool UseCompressedOops                        = true                           {product lp64_product} {ergonomic}
     bool UseLargePagesIndividualAllocation        = false                                  {pd product} {ergonomic}
     bool UseParallelGC                            = true                                      {product} {command line}

Logging:
Log output configuration:
 #0: stdout all=off uptime,level,tags foldmultilines=false
 #1: stderr all=off uptime,level,tags foldmultilines=false

Environment Variables:
PATH=C:\Program Files\Common Files\Oracle\Java\javapath;C:\WINDOWS\system32;C:\WINDOWS;C:\WINDOWS\System32\Wbem;C:\WINDOWS\System32\WindowsPowerShell\v1.0\;C:\WINDOWS\System32\OpenSSH\;C:\Program Files\Git\cmd;C:\Program Files\Java\jdk-23\bin;C:\Program Files\nodejs\;C:\MinGW\bin;C:\Users\ASUS\AppData\Local\Programs\Python\Python313\Scripts\;C:\Users\ASUS\AppData\Local\Programs\Python\Python313\;C:\Users\ASUS\AppData\Local\Microsoft\WindowsApps;C:\Users\ASUS\AppData\Local\Programs\Microsoft VS Code\bin;C:\Users\ASUS\AppData\Local\GitHubDesktop\bin;C:\Program Files\JetBrains\IntelliJ IDEA Community Edition 2024.2\bin;;C:\Users\ASUS\AppData\Roaming\npm;C:\Users\ASUS\AppData\Local\JetBrains\CLion 2024.3.4\bin;;
USERNAME=ASUS
OS=Windows_NT
PROCESSOR_IDENTIFIER=Intel64 Family 6 Model 126 Stepping 5, GenuineIntel
TMP=C:\Users\ASUS\AppData\Local\Temp
TEMP=C:\Users\ASUS\AppData\Local\Temp




Periodic native trim disabled

---------------  S Y S T E M  ---------------

OS:
 Windows 11 , 64 bit Build 26100 (10.0.26100.4202)
OS uptime: 1 days 23:54 hours

CPU: total 8 (initial active 8) (4 cores per cpu, 2 threads per core) family 6 model 126 stepping 5 microcode 0xb8, cx8, cmov, fxsr, ht, mmx, 3dnowpref, sse, sse2, sse3, ssse3, sse4.1, sse4.2, popcnt, lzcnt, tsc, tscinvbit, avx, avx2, aes, erms, clmul, bmi1, bmi2, adx, avx512f, avx512dq, avx512cd, avx512bw, avx512vl, sha, fma, vzeroupper, avx512_vpopcntdq, avx512_vpclmulqdq, avx512_vaes, avx512_vnni, clflush, clflushopt, avx512_vbmi2, avx512_vbmi, rdtscp, rdpid, fsrm, gfni, avx512_bitalg, f16c, pku, avx512_ifma
Processor Information for the first 8 processors :
  Max Mhz: 1190, Current Mhz: 991, Mhz Limit: 987

Memory: 4k page, system-wide physical 7929M (755M free)
TotalPageFile size 12025M (AvailPageFile size 57M)
current process WorkingSet (physical memory assigned to process): 1031M, peak: 1031M
current process commit charge ("private bytes"): 953M, peak: 953M

vm_info: OpenJDK 64-Bit Server VM (21.0.7+6-LTS) for windows-amd64 JRE (21.0.7+6-LTS), built on 2025-04-15T00:00:00Z by "admin" with MS VC++ 17.7 (VS2022)

END.
