#
# There is insufficient memory for the Java Runtime Environment to continue.
# Native memory allocation (malloc) failed to allocate 1938832 bytes. Error detail: Chunk::new
# Possible reasons:
#   The system is out of physical RAM or swap space
#   This process is running with CompressedOops enabled, and the Java Heap may be blocking the growth of the native heap
# Possible solutions:
#   Reduce memory load on the system
#   Increase physical memory or swap space
#   Check if swap backing store is full
#   Decrease Java heap size (-Xmx/-Xms)
#   Decrease number of Java threads
#   Decrease Java thread stack sizes (-Xss)
#   Set larger code cache with -XX:ReservedCodeCacheSize=
#   JVM is running with Unscaled Compressed Oops mode in which the Java heap is
#     placed in the first 4GB address space. The Java Heap base address is the
#     maximum limit for the native heap growth. Please use -XX:HeapBaseMinAddress
#     to set the Java Heap base and to place the Java Heap above 4GB virtual address.
# This output file may be truncated or incomplete.
#
#  Out of Memory Error (arena.cpp:168), pid=8204, tid=13132
#
# JRE version: OpenJDK Runtime Environment Temurin-21.0.7+6 (21.0.7+6) (build 21.0.7+6-LTS)
# Java VM: OpenJDK 64-Bit Server VM Temurin-21.0.7+6 (21.0.7+6-LTS, mixed mode, sharing, tiered, compressed oops, compressed class ptrs, parallel gc, windows-amd64)
# No core dump will be written. Minidumps are not enabled by default on client versions of Windows
#

---------------  S U M M A R Y ------------

Command Line: --add-modules=ALL-SYSTEM --add-opens=java.base/java.util=ALL-UNNAMED --add-opens=java.base/java.lang=ALL-UNNAMED --add-opens=java.base/sun.nio.fs=ALL-UNNAMED -Declipse.application=org.eclipse.jdt.ls.core.id1 -Dosgi.bundles.defaultStartLevel=4 -Declipse.product=org.eclipse.jdt.ls.core.product -Djava.import.generatesMetadataFilesAtProjectRoot=false -DDetectVMInstallationsJob.disabled=true -Dfile.encoding=utf8 -XX:+UseParallelGC -XX:GCTimeRatio=4 -XX:AdaptiveSizePolicyWeight=90 -Dsun.zip.disableMemoryMapping=true -Xmx1G -Xms100m -Xlog:disable -javaagent:c:\Users\ASUS\.vscode\extensions\redhat.java-1.42.0-win32-x64\lombok\lombok-1.18.36.jar -XX:+HeapDumpOnOutOfMemoryError -XX:HeapDumpPath=c:\Users\ASUS\AppData\Roaming\Code\User\workspaceStorage\a33238b1471dacc6b2a44bf7a413b9cd\redhat.java -Daether.dependencyCollector.impl=bf c:\Users\ASUS\.vscode\extensions\redhat.java-1.42.0-win32-x64\server\plugins\org.eclipse.equinox.launcher_1.7.0.v20250424-1814.jar -configuration c:\Users\ASUS\AppData\Roaming\Code\User\globalStorage\redhat.java\1.42.0\config_win -data c:\Users\ASUS\AppData\Roaming\Code\User\workspaceStorage\a33238b1471dacc6b2a44bf7a413b9cd\redhat.java\jdt_ws --pipe=\\.\pipe\lsp-40eb9e1c47af1fcd880337b24184b6af-sock

Host: Intel(R) Core(TM) i5-1035G1 CPU @ 1.00GHz, 8 cores, 7G,  Windows 11 , 64 bit Build 26100 (10.0.26100.4202)
Time: Tue Jun 17 22:43:17 2025 Bangladesh Standard Time elapsed time: 28.663431 seconds (0d 0h 0m 28s)

---------------  T H R E A D  ---------------

Current thread (0x0000022b6ff2c070):  JavaThread "C2 CompilerThread0" daemon [_thread_in_native, id=13132, stack(0x0000006010700000,0x0000006010800000) (1024K)]


Current CompileTask:
C2:28663 11027   !   4       org.eclipse.jdt.internal.core.index.DiskIndex::mergeWith (623 bytes)

Stack: [0x0000006010700000,0x0000006010800000]
Native frames: (J=compiled Java code, j=interpreted, Vv=VM code, C=native code)
V  [jvm.dll+0x6ce119]
V  [jvm.dll+0x8a84a1]
V  [jvm.dll+0x8aa9ce]
V  [jvm.dll+0x8ab0b3]
V  [jvm.dll+0x27f8a6]
V  [jvm.dll+0xc507d]
V  [jvm.dll+0xc55b3]
V  [jvm.dll+0x3b692c]
V  [jvm.dll+0x382aa5]
V  [jvm.dll+0x381f0a]
V  [jvm.dll+0x247af0]
V  [jvm.dll+0x2470cf]
V  [jvm.dll+0x1c760e]
V  [jvm.dll+0x25695a]
V  [jvm.dll+0x254efa]
V  [jvm.dll+0x3f03f6]
V  [jvm.dll+0x851f6b]
V  [jvm.dll+0x6cc7dd]
C  [ucrtbase.dll+0x37b0]
C  [KERNEL32.DLL+0x2e8d7]
C  [ntdll.dll+0x3c34c]


---------------  P R O C E S S  ---------------

Threads class SMR info:
_java_thread_list=0x0000022b7a83a5d0, length=58, elements={
0x0000022b5bb58330, 0x0000022b6ff0c9e0, 0x0000022b6ff0e710, 0x0000022b6ff15ed0,
0x0000022b6ff16c50, 0x0000022b6ff1c5c0, 0x0000022b6ff1d140, 0x0000022b6ff2c070,
0x0000022b6ff30f10, 0x0000022b71998190, 0x0000022b71bebed0, 0x0000022b76880f50,
0x0000022b76863410, 0x0000022b769a9180, 0x0000022b767a37c0, 0x0000022b76fed4a0,
0x0000022b76eaff00, 0x0000022b76c33490, 0x0000022b76c341b0, 0x0000022b76c34840,
0x0000022b76c34ed0, 0x0000022b76c35560, 0x0000022b76c35bf0, 0x0000022b76c36280,
0x0000022b76c32e00, 0x0000022b76c33b20, 0x0000022b79158440, 0x0000022b79158ad0,
0x0000022b79156a00, 0x0000022b79157090, 0x0000022b79159160, 0x0000022b79157720,
0x0000022b79156370, 0x0000022b791597f0, 0x0000022b79159e80, 0x0000022b7915b230,
0x0000022b7915aba0, 0x0000022b79157db0, 0x0000022b7b0f2400, 0x0000022b7851a770,
0x0000022b78519a50, 0x0000022b78a5e670, 0x0000022b7b0f2a90, 0x0000022b78a5f390,
0x0000022b7b0f3120, 0x0000022b7851a0e0, 0x0000022b7a44d3a0, 0x0000022b7a44da30,
0x0000022b7a44e0c0, 0x0000022b7a44cd10, 0x0000022b78c3da20, 0x0000022b7915b8c0,
0x0000022b7915bf50, 0x0000022b7915c5e0, 0x0000022b7915cc70, 0x0000022b7ac871f0,
0x0000022b7ac89950, 0x0000022b7a7987d0
}

Java Threads: ( => current thread )
  0x0000022b5bb58330 JavaThread "main"                              [_thread_blocked, id=1884, stack(0x000000600fd00000,0x000000600fe00000) (1024K)]
  0x0000022b6ff0c9e0 JavaThread "Reference Handler"          daemon [_thread_blocked, id=14240, stack(0x0000006010100000,0x0000006010200000) (1024K)]
  0x0000022b6ff0e710 JavaThread "Finalizer"                  daemon [_thread_blocked, id=640, stack(0x0000006010200000,0x0000006010300000) (1024K)]
  0x0000022b6ff15ed0 JavaThread "Signal Dispatcher"          daemon [_thread_blocked, id=15156, stack(0x0000006010300000,0x0000006010400000) (1024K)]
  0x0000022b6ff16c50 JavaThread "Attach Listener"            daemon [_thread_blocked, id=12452, stack(0x0000006010400000,0x0000006010500000) (1024K)]
  0x0000022b6ff1c5c0 JavaThread "Service Thread"             daemon [_thread_blocked, id=17528, stack(0x0000006010500000,0x0000006010600000) (1024K)]
  0x0000022b6ff1d140 JavaThread "Monitor Deflation Thread"   daemon [_thread_blocked, id=13112, stack(0x0000006010600000,0x0000006010700000) (1024K)]
=>0x0000022b6ff2c070 JavaThread "C2 CompilerThread0"         daemon [_thread_in_native, id=13132, stack(0x0000006010700000,0x0000006010800000) (1024K)]
  0x0000022b6ff30f10 JavaThread "C1 CompilerThread0"         daemon [_thread_blocked, id=3744, stack(0x0000006010800000,0x0000006010900000) (1024K)]
  0x0000022b71998190 JavaThread "Common-Cleaner"             daemon [_thread_blocked, id=24168, stack(0x0000006010900000,0x0000006010a00000) (1024K)]
  0x0000022b71bebed0 JavaThread "Notification Thread"        daemon [_thread_blocked, id=11912, stack(0x0000006010b00000,0x0000006010c00000) (1024K)]
  0x0000022b76880f50 JavaThread "Active Thread: Equinox Container: 4004b56d-2af0-4658-8f66-0c71bae2ecf9"        [_thread_blocked, id=14348, stack(0x0000006011300000,0x0000006011400000) (1024K)]
  0x0000022b76863410 JavaThread "Refresh Thread: Equinox Container: 4004b56d-2af0-4658-8f66-0c71bae2ecf9" daemon [_thread_blocked, id=15696, stack(0x0000006010c00000,0x0000006010d00000) (1024K)]
  0x0000022b769a9180 JavaThread "Framework Event Dispatcher: Equinox Container: 4004b56d-2af0-4658-8f66-0c71bae2ecf9" daemon [_thread_blocked, id=16960, stack(0x0000006011500000,0x0000006011600000) (1024K)]
  0x0000022b767a37c0 JavaThread "Start Level: Equinox Container: 4004b56d-2af0-4658-8f66-0c71bae2ecf9" daemon [_thread_blocked, id=17504, stack(0x0000006011600000,0x0000006011700000) (1024K)]
  0x0000022b76fed4a0 JavaThread "Bundle File Closer"         daemon [_thread_blocked, id=13080, stack(0x0000006011800000,0x0000006011900000) (1024K)]
  0x0000022b76eaff00 JavaThread "SCR Component Actor"        daemon [_thread_blocked, id=11576, stack(0x0000006011900000,0x0000006011a00000) (1024K)]
  0x0000022b76c33490 JavaThread "Worker-JM"                         [_thread_blocked, id=20568, stack(0x0000006011b00000,0x0000006011c00000) (1024K)]
  0x0000022b76c341b0 JavaThread "JNA Cleaner"                daemon [_thread_blocked, id=16004, stack(0x0000006011c00000,0x0000006011d00000) (1024K)]
  0x0000022b76c34840 JavaThread "Worker-0: Java indexing... "        [_thread_blocked, id=18356, stack(0x0000006011700000,0x0000006011800000) (1024K)]
  0x0000022b76c34ed0 JavaThread "Worker-1"                          [_thread_blocked, id=1632, stack(0x0000006011d00000,0x0000006011e00000) (1024K)]
  0x0000022b76c35560 JavaThread "Java indexing"              daemon [_thread_in_native, id=324, stack(0x0000006011e00000,0x0000006011f00000) (1024K)]
  0x0000022b76c35bf0 JavaThread "Worker-2"                          [_thread_blocked, id=19380, stack(0x0000006012100000,0x0000006012200000) (1024K)]
  0x0000022b76c36280 JavaThread "Worker-3"                          [_thread_blocked, id=21212, stack(0x0000006012200000,0x0000006012300000) (1024K)]
  0x0000022b76c32e00 JavaThread "Worker-4: Initialize workspace"        [_thread_blocked, id=13484, stack(0x0000006012300000,0x0000006012400000) (1024K)]
  0x0000022b76c33b20 JavaThread "Thread-2"                   daemon [_thread_in_native, id=18636, stack(0x0000006012400000,0x0000006012500000) (1024K)]
  0x0000022b79158440 JavaThread "Thread-3"                   daemon [_thread_in_native, id=19932, stack(0x0000006012500000,0x0000006012600000) (1024K)]
  0x0000022b79158ad0 JavaThread "Thread-4"                   daemon [_thread_in_native, id=10368, stack(0x0000006012600000,0x0000006012700000) (1024K)]
  0x0000022b79156a00 JavaThread "Thread-5"                   daemon [_thread_in_native, id=15596, stack(0x0000006012700000,0x0000006012800000) (1024K)]
  0x0000022b79157090 JavaThread "Thread-6"                   daemon [_thread_in_native, id=11712, stack(0x0000006012800000,0x0000006012900000) (1024K)]
  0x0000022b79159160 JavaThread "Thread-7"                   daemon [_thread_in_native, id=21380, stack(0x0000006012900000,0x0000006012a00000) (1024K)]
  0x0000022b79157720 JavaThread "Thread-8"                   daemon [_thread_in_native, id=5932, stack(0x0000006012a00000,0x0000006012b00000) (1024K)]
  0x0000022b79156370 JavaThread "Thread-9"                   daemon [_thread_in_native, id=23544, stack(0x0000006012b00000,0x0000006012c00000) (1024K)]
  0x0000022b791597f0 JavaThread "Thread-10"                  daemon [_thread_in_native, id=24664, stack(0x0000006012c00000,0x0000006012d00000) (1024K)]
  0x0000022b79159e80 JavaThread "pool-2-thread-1"                   [_thread_blocked, id=12856, stack(0x0000006012e00000,0x0000006012f00000) (1024K)]
  0x0000022b7915b230 JavaThread "Worker-5"                          [_thread_blocked, id=14196, stack(0x0000006012f00000,0x0000006013000000) (1024K)]
  0x0000022b7915aba0 JavaThread "WorkspaceEventsHandler"            [_thread_blocked, id=14660, stack(0x0000006013000000,0x0000006013100000) (1024K)]
  0x0000022b79157db0 JavaThread "pool-1-thread-1"                   [_thread_blocked, id=3968, stack(0x0000006013100000,0x0000006013200000) (1024K)]
  0x0000022b7b0f2400 JavaThread "LocalFile Deleter"          daemon [_thread_blocked, id=17264, stack(0x0000006013200000,0x0000006013300000) (1024K)]
  0x0000022b7851a770 JavaThread "LocalFile Deleter"          daemon [_thread_blocked, id=18316, stack(0x0000006013300000,0x0000006013400000) (1024K)]
  0x0000022b78519a50 JavaThread "LocalFile Deleter"          daemon [_thread_blocked, id=24888, stack(0x0000006013400000,0x0000006013500000) (1024K)]
  0x0000022b78a5e670 JavaThread "LocalFile Deleter"          daemon [_thread_blocked, id=15580, stack(0x0000006013500000,0x0000006013600000) (1024K)]
  0x0000022b7b0f2a90 JavaThread "LocalFile Deleter"          daemon [_thread_blocked, id=11816, stack(0x0000006013600000,0x0000006013700000) (1024K)]
  0x0000022b78a5f390 JavaThread "LocalFile Deleter"          daemon [_thread_blocked, id=12112, stack(0x0000006013700000,0x0000006013800000) (1024K)]
  0x0000022b7b0f3120 JavaThread "LocalFile Deleter"          daemon [_thread_blocked, id=12936, stack(0x0000006013800000,0x0000006013900000) (1024K)]
  0x0000022b7851a0e0 JavaThread "LocalFile Deleter"          daemon [_thread_blocked, id=11064, stack(0x0000006013900000,0x0000006013a00000) (1024K)]
  0x0000022b7a44d3a0 JavaThread "Compiler Source File Reader" daemon [_thread_blocked, id=1804, stack(0x0000006013a00000,0x0000006013b00000) (1024K)]
  0x0000022b7a44da30 JavaThread "Compiler Source File Reader" daemon [_thread_blocked, id=24348, stack(0x0000006013b00000,0x0000006013c00000) (1024K)]
  0x0000022b7a44e0c0 JavaThread "Compiler Source File Reader" daemon [_thread_blocked, id=24680, stack(0x0000006013c00000,0x0000006013d00000) (1024K)]
  0x0000022b7a44cd10 JavaThread "Compiler Source File Reader" daemon [_thread_blocked, id=25132, stack(0x0000006013d00000,0x0000006013e00000) (1024K)]
  0x0000022b78c3da20 JavaThread "Compiler Source File Reader" daemon [_thread_blocked, id=22308, stack(0x0000006013e00000,0x0000006013f00000) (1024K)]
  0x0000022b7915b8c0 JavaThread "Compiler Processing Task"   daemon [_thread_blocked, id=13708, stack(0x0000006011a00000,0x0000006011b00000) (1024K)]
  0x0000022b7915bf50 JavaThread "Compiler Class File Writer" daemon [_thread_blocked, id=7264, stack(0x0000006013f00000,0x0000006014000000) (1024K)]
  0x0000022b7915c5e0 JavaThread "Compiler Class File Writer" daemon [_thread_blocked, id=2396, stack(0x0000006014000000,0x0000006014100000) (1024K)]
  0x0000022b7915cc70 JavaThread "Compiler Class File Writer" daemon [_thread_blocked, id=11156, stack(0x0000006014100000,0x0000006014200000) (1024K)]
  0x0000022b7ac871f0 JavaThread "Compiler Class File Writer" daemon [_thread_blocked, id=13996, stack(0x0000006014200000,0x0000006014300000) (1024K)]
  0x0000022b7ac89950 JavaThread "Compiler Source File Reader" daemon [_thread_blocked, id=10116, stack(0x0000006014300000,0x0000006014400000) (1024K)]
  0x0000022b7a7987d0 JavaThread "Compiler Class File Writer" daemon [_thread_blocked, id=16512, stack(0x0000006014400000,0x0000006014500000) (1024K)]
Total: 58

Other Threads:
  0x0000022b5bc1e880 VMThread "VM Thread"                           [id=22392, stack(0x0000006010000000,0x0000006010100000) (1024K)]
  0x0000022b5bbc7aa0 WatcherThread "VM Periodic Task Thread"        [id=19700, stack(0x000000600ff00000,0x0000006010000000) (1024K)]
  0x0000022b5bb786b0 WorkerThread "GC Thread#0"                     [id=23436, stack(0x000000600fe00000,0x000000600ff00000) (1024K)]
  0x0000022b768c0b30 WorkerThread "GC Thread#1"                     [id=7260, stack(0x0000006010d00000,0x0000006010e00000) (1024K)]
  0x0000022b7639fea0 WorkerThread "GC Thread#2"                     [id=6044, stack(0x0000006010e00000,0x0000006010f00000) (1024K)]
  0x0000022b768c0ed0 WorkerThread "GC Thread#3"                     [id=10476, stack(0x0000006010f00000,0x0000006011000000) (1024K)]
  0x0000022b76688c10 WorkerThread "GC Thread#4"                     [id=13272, stack(0x0000006011000000,0x0000006011100000) (1024K)]
  0x0000022b76688fb0 WorkerThread "GC Thread#5"                     [id=11132, stack(0x0000006011100000,0x0000006011200000) (1024K)]
  0x0000022b76689350 WorkerThread "GC Thread#6"                     [id=3736, stack(0x0000006011200000,0x0000006011300000) (1024K)]
  0x0000022b765ac020 WorkerThread "GC Thread#7"                     [id=7608, stack(0x0000006011400000,0x0000006011500000) (1024K)]
Total: 10

Threads with active compile tasks:
C2 CompilerThread0  28692 11027   !   4       org.eclipse.jdt.internal.core.index.DiskIndex::mergeWith (623 bytes)
Total: 1

VM state: at safepoint (normal execution)

VM Mutex/Monitor currently owned by a thread:  ([mutex/lock_event])
[0x00007ffe9c0de308] Threads_lock - owner thread: 0x0000022b5bc1e880
[0x00007ffe9c0de408] Heap_lock - owner thread: 0x0000022b76c35560

Heap address: 0x00000000c0000000, size: 1024 MB, Compressed Oops mode: 32-bit

CDS archive(s) mapped at: [0x0000022b00000000-0x0000022b00ba0000-0x0000022b00ba0000), size 12189696, SharedBaseAddress: 0x0000022b00000000, ArchiveRelocationMode: 1.
Compressed class space mapped at: 0x0000022b01000000-0x0000022b41000000, reserved size: 1073741824
Narrow klass base: 0x0000022b00000000, Narrow klass shift: 0, Narrow klass range: 0x100000000

GC Precious Log:
 CardTable entry size: 512
 CPUs: 8 total, 8 available
 Memory: 7929M
 Large Page Support: Disabled
 NUMA Support: Disabled
 Compressed Oops: Enabled (32-bit)
 Alignments: Space 512K, Generation 512K, Heap 2M
 Heap Min Capacity: 100M
 Heap Initial Capacity: 100M
 Heap Max Capacity: 1G
 Pre-touch: Disabled
 Parallel Workers: 8

Heap:
 PSYoungGen      total 3584K, used 3515K [0x00000000eab00000, 0x00000000eb000000, 0x0000000100000000)
  eden space 3072K, 100% used [0x00000000eab00000,0x00000000eae00000,0x00000000eae00000)
  from space 512K, 86% used [0x00000000eaf00000,0x00000000eaf6ec08,0x00000000eaf80000)
  to   space 512K, 0% used [0x00000000eaf80000,0x00000000eaf80000,0x00000000eb000000)
 ParOldGen       total 553984K, used 553472K [0x00000000c0000000, 0x00000000e1d00000, 0x00000000eab00000)
  object space 553984K, 99% used [0x00000000c0000000,0x00000000e1c802e8,0x00000000e1d00000)
 Metaspace       used 59031K, committed 60480K, reserved 1114112K
  class space    used 6140K, committed 6784K, reserved 1048576K

Card table byte_map: [0x0000022b5b500000,0x0000022b5b710000] _byte_map_base: 0x0000022b5af00000

Marking Bits: (ParMarkBitMap*) 0x00007ffe9c0e31f0
 Begin Bits: [0x0000022b6dd50000, 0x0000022b6ed50000)
 End Bits:   [0x0000022b6ed50000, 0x0000022b6fd50000)

Polling page: 0x0000022b59910000

Metaspace:

Usage:
  Non-class:     51.65 MB used.
      Class:      6.00 MB used.
       Both:     57.65 MB used.

Virtual space:
  Non-class space:       64.00 MB reserved,      52.44 MB ( 82%) committed,  1 nodes.
      Class space:        1.00 GB reserved,       6.62 MB ( <1%) committed,  1 nodes.
             Both:        1.06 GB reserved,      59.06 MB (  5%) committed. 

Chunk freelists:
   Non-Class:  11.27 MB
       Class:  9.36 MB
        Both:  20.62 MB

MaxMetaspaceSize: unlimited
CompressedClassSpaceSize: 1.00 GB
Initial GC threshold: 21.00 MB
Current GC threshold: 97.31 MB
CDS: on
 - commit_granule_bytes: 65536.
 - commit_granule_words: 8192.
 - virtual_space_node_default_size: 8388608.
 - enlarge_chunks_in_place: 1.
 - use_allocation_guard: 0.


Internal statistics:

num_allocs_failed_limit: 9.
num_arena_births: 1160.
num_arena_deaths: 20.
num_vsnodes_births: 2.
num_vsnodes_deaths: 0.
num_space_committed: 945.
num_space_uncommitted: 0.
num_chunks_returned_to_freelist: 32.
num_chunks_taken_from_freelist: 4009.
num_chunk_merges: 14.
num_chunk_splits: 2420.
num_chunks_enlarged: 1298.
num_inconsistent_stats: 0.

CodeHeap 'non-profiled nmethods': size=120000Kb used=7972Kb max_used=7972Kb free=112027Kb
 bounds [0x0000022b66820000, 0x0000022b66ff0000, 0x0000022b6dd50000]
CodeHeap 'profiled nmethods': size=120000Kb used=22314Kb max_used=22314Kb free=97685Kb
 bounds [0x0000022b5ed50000, 0x0000022b60320000, 0x0000022b66280000]
CodeHeap 'non-nmethods': size=5760Kb used=1435Kb max_used=1504Kb free=4324Kb
 bounds [0x0000022b66280000, 0x0000022b664f0000, 0x0000022b66820000]
 total_blobs=11010 nmethods=10276 adapters=640
 compilation: enabled
              stopped_count=0, restarted_count=0
 full_count=0

Compilation events (20 events):
Event: 27.942 Thread 0x0000022b6ff30f10 nmethod 11018 0x0000022b60314090 code [0x0000022b60314240, 0x0000022b60314500]
Event: 27.942 Thread 0x0000022b6ff30f10 11019       3       java.security.MessageDigest$Delegate::engineUpdate (9 bytes)
Event: 27.942 Thread 0x0000022b6ff30f10 nmethod 11019 0x0000022b60314610 code [0x0000022b603147c0, 0x0000022b60314998]
Event: 27.942 Thread 0x0000022b6ff30f10 11020       3       org.eclipse.core.runtime.SubMonitor::split (7 bytes)
Event: 27.943 Thread 0x0000022b6ff30f10 nmethod 11020 0x0000022b60314a90 code [0x0000022b60314c40, 0x0000022b60314d80]
Event: 27.975 Thread 0x0000022b6ff30f10 11021       3       java.util.UUID::<init> (109 bytes)
Event: 27.976 Thread 0x0000022b6ff30f10 nmethod 11021 0x0000022b60314e10 code [0x0000022b60314fe0, 0x0000022b60315330]
Event: 27.991 Thread 0x0000022b6ff30f10 11022   !   3       org.eclipse.jdt.internal.core.search.indexing.IndexNamesRegistry::save (255 bytes)
Event: 27.991 Thread 0x0000022b6ff2c070 11025       4       java.io.Writer::write (9 bytes)
Event: 27.992 Thread 0x0000022b6ff2c070 nmethod 11025 0x0000022b66fe8d90 code [0x0000022b66fe8f20, 0x0000022b66fe8fe8]
Event: 27.993 Thread 0x0000022b6ff30f10 nmethod 11022 0x0000022b60315510 code [0x0000022b60315900, 0x0000022b60317190]
Event: 27.993 Thread 0x0000022b6ff30f10 11024       3       java.io.BufferedWriter::implWrite (133 bytes)
Event: 27.994 Thread 0x0000022b6ff30f10 nmethod 11024 0x0000022b60317e10 code [0x0000022b60318080, 0x0000022b603189b0]
Event: 27.994 Thread 0x0000022b6ff30f10 11023   !   3       java.io.BufferedWriter::write (82 bytes)
Event: 27.994 Thread 0x0000022b6ff30f10 nmethod 11023 0x0000022b60318d10 code [0x0000022b60318fa0, 0x0000022b60319df8]
Event: 28.007 Thread 0x0000022b6ff30f10 11026       3       org.eclipse.core.runtime.SubMonitor::split (72 bytes)
Event: 28.007 Thread 0x0000022b6ff30f10 nmethod 11026 0x0000022b6031a310 code [0x0000022b6031a540, 0x0000022b6031ac70]
Event: 28.250 Thread 0x0000022b6ff2c070 11027   !   4       org.eclipse.jdt.internal.core.index.DiskIndex::mergeWith (623 bytes)
Event: 28.418 Thread 0x0000022b6ff30f10 11029       3       java.lang.Thread::getPriority (17 bytes)
Event: 28.418 Thread 0x0000022b6ff30f10 nmethod 11029 0x0000022b6031af10 code [0x0000022b6031b0c0, 0x0000022b6031b388]

GC Heap History (20 events):
Event: 28.189 GC heap before
{Heap before GC invocations=748 (full 3):
 PSYoungGen      total 5120K, used 4640K [0x00000000eab00000, 0x00000000eb100000, 0x0000000100000000)
  eden space 4096K, 100% used [0x00000000eab00000,0x00000000eaf00000,0x00000000eaf00000)
  from space 1024K, 53% used [0x00000000eb000000,0x00000000eb088000,0x00000000eb100000)
  to   space 1024K, 0% used [0x00000000eaf00000,0x00000000eaf00000,0x00000000eb000000)
 ParOldGen       total 545792K, used 545449K [0x00000000c0000000, 0x00000000e1500000, 0x00000000eab00000)
  object space 545792K, 99% used [0x00000000c0000000,0x00000000e14aa520,0x00000000e1500000)
 Metaspace       used 59030K, committed 60480K, reserved 1114112K
  class space    used 6140K, committed 6784K, reserved 1048576K
}
Event: 28.192 GC heap after
{Heap after GC invocations=748 (full 3):
 PSYoungGen      total 5120K, used 672K [0x00000000eab00000, 0x00000000eb100000, 0x0000000100000000)
  eden space 4096K, 0% used [0x00000000eab00000,0x00000000eab00000,0x00000000eaf00000)
  from space 1024K, 65% used [0x00000000eaf00000,0x00000000eafa8288,0x00000000eb000000)
  to   space 1024K, 0% used [0x00000000eb000000,0x00000000eb000000,0x00000000eb100000)
 ParOldGen       total 546304K, used 545865K [0x00000000c0000000, 0x00000000e1580000, 0x00000000eab00000)
  object space 546304K, 99% used [0x00000000c0000000,0x00000000e1512520,0x00000000e1580000)
 Metaspace       used 59030K, committed 60480K, reserved 1114112K
  class space    used 6140K, committed 6784K, reserved 1048576K
}
Event: 28.199 GC heap before
{Heap before GC invocations=749 (full 3):
 PSYoungGen      total 5120K, used 4768K [0x00000000eab00000, 0x00000000eb100000, 0x0000000100000000)
  eden space 4096K, 100% used [0x00000000eab00000,0x00000000eaf00000,0x00000000eaf00000)
  from space 1024K, 65% used [0x00000000eaf00000,0x00000000eafa8288,0x00000000eb000000)
  to   space 1024K, 0% used [0x00000000eb000000,0x00000000eb000000,0x00000000eb100000)
 ParOldGen       total 546304K, used 545865K [0x00000000c0000000, 0x00000000e1580000, 0x00000000eab00000)
  object space 546304K, 99% used [0x00000000c0000000,0x00000000e1512520,0x00000000e1580000)
 Metaspace       used 59030K, committed 60480K, reserved 1114112K
  class space    used 6140K, committed 6784K, reserved 1048576K
}
Event: 28.201 GC heap after
{Heap after GC invocations=749 (full 3):
 PSYoungGen      total 5120K, used 512K [0x00000000eab00000, 0x00000000eb100000, 0x0000000100000000)
  eden space 4096K, 0% used [0x00000000eab00000,0x00000000eab00000,0x00000000eaf00000)
  from space 1024K, 50% used [0x00000000eb000000,0x00000000eb080000,0x00000000eb100000)
  to   space 1024K, 0% used [0x00000000eaf00000,0x00000000eaf00000,0x00000000eb000000)
 ParOldGen       total 546816K, used 546340K [0x00000000c0000000, 0x00000000e1600000, 0x00000000eab00000)
  object space 546816K, 99% used [0x00000000c0000000,0x00000000e1589130,0x00000000e1600000)
 Metaspace       used 59030K, committed 60480K, reserved 1114112K
  class space    used 6140K, committed 6784K, reserved 1048576K
}
Event: 28.211 GC heap before
{Heap before GC invocations=750 (full 3):
 PSYoungGen      total 5120K, used 4608K [0x00000000eab00000, 0x00000000eb100000, 0x0000000100000000)
  eden space 4096K, 100% used [0x00000000eab00000,0x00000000eaf00000,0x00000000eaf00000)
  from space 1024K, 50% used [0x00000000eb000000,0x00000000eb080000,0x00000000eb100000)
  to   space 1024K, 0% used [0x00000000eaf00000,0x00000000eaf00000,0x00000000eb000000)
 ParOldGen       total 546816K, used 546340K [0x00000000c0000000, 0x00000000e1600000, 0x00000000eab00000)
  object space 546816K, 99% used [0x00000000c0000000,0x00000000e1589130,0x00000000e1600000)
 Metaspace       used 59030K, committed 60480K, reserved 1114112K
  class space    used 6140K, committed 6784K, reserved 1048576K
}
Event: 28.212 GC heap after
{Heap after GC invocations=750 (full 3):
 PSYoungGen      total 5120K, used 560K [0x00000000eab00000, 0x00000000eb100000, 0x0000000100000000)
  eden space 4096K, 0% used [0x00000000eab00000,0x00000000eab00000,0x00000000eaf00000)
  from space 1024K, 54% used [0x00000000eaf00000,0x00000000eaf8c380,0x00000000eb000000)
  to   space 1024K, 0% used [0x00000000eb000000,0x00000000eb000000,0x00000000eb100000)
 ParOldGen       total 546816K, used 546764K [0x00000000c0000000, 0x00000000e1600000, 0x00000000eab00000)
  object space 546816K, 99% used [0x00000000c0000000,0x00000000e15f3130,0x00000000e1600000)
 Metaspace       used 59030K, committed 60480K, reserved 1114112K
  class space    used 6140K, committed 6784K, reserved 1048576K
}
Event: 28.223 GC heap before
{Heap before GC invocations=751 (full 3):
 PSYoungGen      total 5120K, used 4656K [0x00000000eab00000, 0x00000000eb100000, 0x0000000100000000)
  eden space 4096K, 100% used [0x00000000eab00000,0x00000000eaf00000,0x00000000eaf00000)
  from space 1024K, 54% used [0x00000000eaf00000,0x00000000eaf8c380,0x00000000eb000000)
  to   space 1024K, 0% used [0x00000000eb000000,0x00000000eb000000,0x00000000eb100000)
 ParOldGen       total 546816K, used 546764K [0x00000000c0000000, 0x00000000e1600000, 0x00000000eab00000)
  object space 546816K, 99% used [0x00000000c0000000,0x00000000e15f3130,0x00000000e1600000)
 Metaspace       used 59030K, committed 60480K, reserved 1114112K
  class space    used 6140K, committed 6784K, reserved 1048576K
}
Event: 28.225 GC heap after
{Heap after GC invocations=751 (full 3):
 PSYoungGen      total 5120K, used 512K [0x00000000eab00000, 0x00000000eb100000, 0x0000000100000000)
  eden space 4096K, 0% used [0x00000000eab00000,0x00000000eab00000,0x00000000eaf00000)
  from space 1024K, 50% used [0x00000000eb000000,0x00000000eb080000,0x00000000eb100000)
  to   space 1024K, 0% used [0x00000000eaf00000,0x00000000eaf00000,0x00000000eb000000)
 ParOldGen       total 547328K, used 547204K [0x00000000c0000000, 0x00000000e1680000, 0x00000000eab00000)
  object space 547328K, 99% used [0x00000000c0000000,0x00000000e1661130,0x00000000e1680000)
 Metaspace       used 59030K, committed 60480K, reserved 1114112K
  class space    used 6140K, committed 6784K, reserved 1048576K
}
Event: 28.233 GC heap before
{Heap before GC invocations=752 (full 3):
 PSYoungGen      total 5120K, used 4608K [0x00000000eab00000, 0x00000000eb100000, 0x0000000100000000)
  eden space 4096K, 100% used [0x00000000eab00000,0x00000000eaf00000,0x00000000eaf00000)
  from space 1024K, 50% used [0x00000000eb000000,0x00000000eb080000,0x00000000eb100000)
  to   space 1024K, 0% used [0x00000000eaf00000,0x00000000eaf00000,0x00000000eb000000)
 ParOldGen       total 547328K, used 547204K [0x00000000c0000000, 0x00000000e1680000, 0x00000000eab00000)
  object space 547328K, 99% used [0x00000000c0000000,0x00000000e1661130,0x00000000e1680000)
 Metaspace       used 59030K, committed 60480K, reserved 1114112K
  class space    used 6140K, committed 6784K, reserved 1048576K
}
Event: 28.235 GC heap after
{Heap after GC invocations=752 (full 3):
 PSYoungGen      total 5120K, used 544K [0x00000000eab00000, 0x00000000eb100000, 0x0000000100000000)
  eden space 4096K, 0% used [0x00000000eab00000,0x00000000eab00000,0x00000000eaf00000)
  from space 1024K, 53% used [0x00000000eaf00000,0x00000000eaf88000,0x00000000eb000000)
  to   space 1024K, 0% used [0x00000000eb000000,0x00000000eb000000,0x00000000eb100000)
 ParOldGen       total 547840K, used 547652K [0x00000000c0000000, 0x00000000e1700000, 0x00000000eab00000)
  object space 547840K, 99% used [0x00000000c0000000,0x00000000e16d1130,0x00000000e1700000)
 Metaspace       used 59030K, committed 60480K, reserved 1114112K
  class space    used 6140K, committed 6784K, reserved 1048576K
}
Event: 28.251 GC heap before
{Heap before GC invocations=753 (full 3):
 PSYoungGen      total 5120K, used 4640K [0x00000000eab00000, 0x00000000eb100000, 0x0000000100000000)
  eden space 4096K, 100% used [0x00000000eab00000,0x00000000eaf00000,0x00000000eaf00000)
  from space 1024K, 53% used [0x00000000eaf00000,0x00000000eaf88000,0x00000000eb000000)
  to   space 1024K, 0% used [0x00000000eb000000,0x00000000eb000000,0x00000000eb100000)
 ParOldGen       total 547840K, used 547652K [0x00000000c0000000, 0x00000000e1700000, 0x00000000eab00000)
  object space 547840K, 99% used [0x00000000c0000000,0x00000000e16d1130,0x00000000e1700000)
 Metaspace       used 59030K, committed 60480K, reserved 1114112K
  class space    used 6140K, committed 6784K, reserved 1048576K
}
Event: 28.253 GC heap after
{Heap after GC invocations=753 (full 3):
 PSYoungGen      total 3584K, used 1008K [0x00000000eab00000, 0x00000000eb400000, 0x0000000100000000)
  eden space 2560K, 0% used [0x00000000eab00000,0x00000000eab00000,0x00000000ead80000)
  from space 1024K, 98% used [0x00000000eb000000,0x00000000eb0fc008,0x00000000eb100000)
  to   space 2560K, 0% used [0x00000000ead80000,0x00000000ead80000,0x00000000eb000000)
 ParOldGen       total 548864K, used 548500K [0x00000000c0000000, 0x00000000e1800000, 0x00000000eab00000)
  object space 548864K, 99% used [0x00000000c0000000,0x00000000e17a53f0,0x00000000e1800000)
 Metaspace       used 59030K, committed 60480K, reserved 1114112K
  class space    used 6140K, committed 6784K, reserved 1048576K
}
Event: 28.282 GC heap before
{Heap before GC invocations=754 (full 3):
 PSYoungGen      total 3584K, used 3551K [0x00000000eab00000, 0x00000000eb400000, 0x0000000100000000)
  eden space 2560K, 99% used [0x00000000eab00000,0x00000000ead7bc30,0x00000000ead80000)
  from space 1024K, 98% used [0x00000000eb000000,0x00000000eb0fc008,0x00000000eb100000)
  to   space 2560K, 0% used [0x00000000ead80000,0x00000000ead80000,0x00000000eb000000)
 ParOldGen       total 548864K, used 548500K [0x00000000c0000000, 0x00000000e1800000, 0x00000000eab00000)
  object space 548864K, 99% used [0x00000000c0000000,0x00000000e17a53f0,0x00000000e1800000)
 Metaspace       used 59030K, committed 60480K, reserved 1114112K
  class space    used 6140K, committed 6784K, reserved 1048576K
}
Event: 28.284 GC heap after
{Heap after GC invocations=754 (full 3):
 PSYoungGen      total 5120K, used 2336K [0x00000000eab00000, 0x00000000eb280000, 0x0000000100000000)
  eden space 2560K, 0% used [0x00000000eab00000,0x00000000eab00000,0x00000000ead80000)
  from space 2560K, 91% used [0x00000000ead80000,0x00000000eafc8300,0x00000000eb000000)
  to   space 2560K, 0% used [0x00000000eb000000,0x00000000eb000000,0x00000000eb280000)
 ParOldGen       total 549376K, used 549355K [0x00000000c0000000, 0x00000000e1880000, 0x00000000eab00000)
  object space 549376K, 99% used [0x00000000c0000000,0x00000000e187ac18,0x00000000e1880000)
 Metaspace       used 59030K, committed 60480K, reserved 1114112K
  class space    used 6140K, committed 6784K, reserved 1048576K
}
Event: 28.359 GC heap before
{Heap before GC invocations=755 (full 3):
 PSYoungGen      total 5120K, used 4896K [0x00000000eab00000, 0x00000000eb280000, 0x0000000100000000)
  eden space 2560K, 100% used [0x00000000eab00000,0x00000000ead80000,0x00000000ead80000)
  from space 2560K, 91% used [0x00000000ead80000,0x00000000eafc8300,0x00000000eb000000)
  to   space 2560K, 0% used [0x00000000eb000000,0x00000000eb000000,0x00000000eb280000)
 ParOldGen       total 549376K, used 549355K [0x00000000c0000000, 0x00000000e1880000, 0x00000000eab00000)
  object space 549376K, 99% used [0x00000000c0000000,0x00000000e187ac18,0x00000000e1880000)
 Metaspace       used 59030K, committed 60480K, reserved 1114112K
  class space    used 6140K, committed 6784K, reserved 1048576K
}
Event: 28.362 GC heap after
{Heap after GC invocations=755 (full 3):
 PSYoungGen      total 4608K, used 1862K [0x00000000eab00000, 0x00000000eb200000, 0x0000000100000000)
  eden space 2560K, 0% used [0x00000000eab00000,0x00000000eab00000,0x00000000ead80000)
  from space 2048K, 90% used [0x00000000eb000000,0x00000000eb1d1a00,0x00000000eb200000)
  to   space 2048K, 0% used [0x00000000eae00000,0x00000000eae00000,0x00000000eb000000)
 ParOldGen       total 550912K, used 550615K [0x00000000c0000000, 0x00000000e1a00000, 0x00000000eab00000)
  object space 550912K, 99% used [0x00000000c0000000,0x00000000e19b5ea0,0x00000000e1a00000)
 Metaspace       used 59030K, committed 60480K, reserved 1114112K
  class space    used 6140K, committed 6784K, reserved 1048576K
}
Event: 28.368 GC heap before
{Heap before GC invocations=756 (full 3):
 PSYoungGen      total 4608K, used 4422K [0x00000000eab00000, 0x00000000eb200000, 0x0000000100000000)
  eden space 2560K, 100% used [0x00000000eab00000,0x00000000ead80000,0x00000000ead80000)
  from space 2048K, 90% used [0x00000000eb000000,0x00000000eb1d1a00,0x00000000eb200000)
  to   space 2048K, 0% used [0x00000000eae00000,0x00000000eae00000,0x00000000eb000000)
 ParOldGen       total 550912K, used 550615K [0x00000000c0000000, 0x00000000e1a00000, 0x00000000eab00000)
  object space 550912K, 99% used [0x00000000c0000000,0x00000000e19b5ea0,0x00000000e1a00000)
 Metaspace       used 59030K, committed 60480K, reserved 1114112K
  class space    used 6140K, committed 6784K, reserved 1048576K
}
Event: 28.372 GC heap after
{Heap after GC invocations=756 (full 3):
 PSYoungGen      total 3072K, used 384K [0x00000000eab00000, 0x00000000eb080000, 0x0000000100000000)
  eden space 2560K, 0% used [0x00000000eab00000,0x00000000eab00000,0x00000000ead80000)
  from space 512K, 75% used [0x00000000eae00000,0x00000000eae60000,0x00000000eae80000)
  to   space 1024K, 0% used [0x00000000eaf80000,0x00000000eaf80000,0x00000000eb080000)
 ParOldGen       total 552448K, used 552371K [0x00000000c0000000, 0x00000000e1b80000, 0x00000000eab00000)
  object space 552448K, 99% used [0x00000000c0000000,0x00000000e1b6cca8,0x00000000e1b80000)
 Metaspace       used 59030K, committed 60480K, reserved 1114112K
  class space    used 6140K, committed 6784K, reserved 1048576K
}
Event: 28.379 GC heap before
{Heap before GC invocations=757 (full 3):
 PSYoungGen      total 3072K, used 2944K [0x00000000eab00000, 0x00000000eb080000, 0x0000000100000000)
  eden space 2560K, 100% used [0x00000000eab00000,0x00000000ead80000,0x00000000ead80000)
  from space 512K, 75% used [0x00000000eae00000,0x00000000eae60000,0x00000000eae80000)
  to   space 1024K, 0% used [0x00000000eaf80000,0x00000000eaf80000,0x00000000eb080000)
 ParOldGen       total 552448K, used 552371K [0x00000000c0000000, 0x00000000e1b80000, 0x00000000eab00000)
  object space 552448K, 99% used [0x00000000c0000000,0x00000000e1b6cca8,0x00000000e1b80000)
 Metaspace       used 59030K, committed 60480K, reserved 1114112K
  class space    used 6140K, committed 6784K, reserved 1048576K
}
Event: 28.381 GC heap after
{Heap after GC invocations=757 (full 3):
 PSYoungGen      total 3072K, used 466K [0x00000000eab00000, 0x00000000eb000000, 0x0000000100000000)
  eden space 2560K, 0% used [0x00000000eab00000,0x00000000eab00000,0x00000000ead80000)
  from space 512K, 91% used [0x00000000eaf80000,0x00000000eaff4a20,0x00000000eb000000)
  to   space 1024K, 0% used [0x00000000eae00000,0x00000000eae00000,0x00000000eaf00000)
 ParOldGen       total 552960K, used 552651K [0x00000000c0000000, 0x00000000e1c00000, 0x00000000eab00000)
  object space 552960K, 99% used [0x00000000c0000000,0x00000000e1bb2ca8,0x00000000e1c00000)
 Metaspace       used 59030K, committed 60480K, reserved 1114112K
  class space    used 6140K, committed 6784K, reserved 1048576K
}

Dll operation events (10 events):
Event: 0.014 Loaded shared library c:\Users\ASUS\.vscode\extensions\redhat.java-1.42.0-win32-x64\jre\21.0.7-win32-x86_64\bin\java.dll
Event: 0.116 Loaded shared library c:\Users\ASUS\.vscode\extensions\redhat.java-1.42.0-win32-x64\jre\21.0.7-win32-x86_64\bin\zip.dll
Event: 0.139 Loaded shared library C:\Users\ASUS\.vscode\extensions\redhat.java-1.42.0-win32-x64\jre\21.0.7-win32-x86_64\bin\instrument.dll
Event: 0.145 Loaded shared library C:\Users\ASUS\.vscode\extensions\redhat.java-1.42.0-win32-x64\jre\21.0.7-win32-x86_64\bin\net.dll
Event: 0.149 Loaded shared library C:\Users\ASUS\.vscode\extensions\redhat.java-1.42.0-win32-x64\jre\21.0.7-win32-x86_64\bin\nio.dll
Event: 0.154 Loaded shared library C:\Users\ASUS\.vscode\extensions\redhat.java-1.42.0-win32-x64\jre\21.0.7-win32-x86_64\bin\zip.dll
Event: 0.179 Loaded shared library C:\Users\ASUS\.vscode\extensions\redhat.java-1.42.0-win32-x64\jre\21.0.7-win32-x86_64\bin\jimage.dll
Event: 0.241 Loaded shared library c:\Users\ASUS\.vscode\extensions\redhat.java-1.42.0-win32-x64\jre\21.0.7-win32-x86_64\bin\verify.dll
Event: 1.527 Loaded shared library C:\Users\ASUS\AppData\Roaming\Code\User\globalStorage\redhat.java\1.42.0\config_win\org.eclipse.equinox.launcher\org.eclipse.equinox.launcher.win32.win32.x86_64_1.2.1300.v20250331-1702\eclipse_11911.dll
Event: 3.290 Loaded shared library C:\Users\ASUS\AppData\Local\Temp\jna-2018896\jna6501914071015156499.dll

Deoptimization events (20 events):
Event: 25.852 Thread 0x0000022b76c35560 Uncommon trap: trap_request=0xffffff45 fr.pc=0x0000022b66f9f444 relative=0x0000000000001844
Event: 25.852 Thread 0x0000022b76c35560 Uncommon trap: reason=unstable_if action=reinterpret pc=0x0000022b66f9f444 method=org.eclipse.jdt.internal.compiler.classfmt.FieldInfo.createField([B[IIJ)Lorg/eclipse/jdt/internal/compiler/classfmt/FieldInfo; @ 259 c2
Event: 25.852 Thread 0x0000022b76c35560 DEOPT PACKING pc=0x0000022b66f9f444 sp=0x0000006011efec40
Event: 25.852 Thread 0x0000022b76c35560 DEOPT UNPACKING pc=0x0000022b662d6da2 sp=0x0000006011efebc8 mode 2
Event: 25.995 Thread 0x0000022b76c35560 Uncommon trap: trap_request=0xffffff45 fr.pc=0x0000022b66fc4cb4 relative=0x0000000000000a74
Event: 25.995 Thread 0x0000022b76c35560 Uncommon trap: reason=unstable_if action=reinterpret pc=0x0000022b66fc4cb4 method=org.eclipse.jdt.internal.compiler.parser.Scanner.internalScanIdentifierOrKeyword(II[C)Lorg/eclipse/jdt/internal/compiler/parser/TerminalToken; @ 237 c2
Event: 25.995 Thread 0x0000022b76c35560 DEOPT PACKING pc=0x0000022b66fc4cb4 sp=0x0000006011efee70
Event: 25.995 Thread 0x0000022b76c35560 DEOPT UNPACKING pc=0x0000022b662d6da2 sp=0x0000006011efee00 mode 2
Event: 26.304 Thread 0x0000022b76c35560 Uncommon trap: trap_request=0xffffff45 fr.pc=0x0000022b66fd3fcc relative=0x0000000000001a0c
Event: 26.304 Thread 0x0000022b76c35560 Uncommon trap: reason=unstable_if action=reinterpret pc=0x0000022b66fd3fcc method=org.eclipse.jdt.internal.compiler.parser.Scanner.internalScanIdentifierOrKeyword(II[C)Lorg/eclipse/jdt/internal/compiler/parser/TerminalToken; @ 2328 c2
Event: 26.304 Thread 0x0000022b76c35560 DEOPT PACKING pc=0x0000022b66fd3fcc sp=0x0000006011efee70
Event: 26.304 Thread 0x0000022b76c35560 DEOPT UNPACKING pc=0x0000022b662d6da2 sp=0x0000006011efee00 mode 2
Event: 26.479 Thread 0x0000022b76c36280 DEOPT PACKING pc=0x0000022b5f14eafb sp=0x00000060122fecd0
Event: 26.479 Thread 0x0000022b76c36280 DEOPT UNPACKING pc=0x0000022b662d78e2 sp=0x00000060122fe168 mode 0
Event: 26.489 Thread 0x0000022b76c35560 Uncommon trap: trap_request=0xffffff45 fr.pc=0x0000022b66f82010 relative=0x0000000000001650
Event: 26.489 Thread 0x0000022b76c35560 Uncommon trap: reason=unstable_if action=reinterpret pc=0x0000022b66f82010 method=org.eclipse.jdt.internal.compiler.classfmt.AnnotationInfo.decodeDefaultValue()Ljava/lang/Object; @ 24 c2
Event: 26.489 Thread 0x0000022b76c35560 DEOPT PACKING pc=0x0000022b66f82010 sp=0x0000006011efeb10
Event: 26.490 Thread 0x0000022b76c35560 DEOPT UNPACKING pc=0x0000022b662d6da2 sp=0x0000006011efeab0 mode 2
Event: 28.250 Thread 0x0000022b76c35560 DEOPT PACKING pc=0x0000022b60247148 sp=0x0000006011efec50
Event: 28.250 Thread 0x0000022b76c35560 DEOPT UNPACKING pc=0x0000022b662d78e2 sp=0x0000006011efe268 mode 0

Classes loaded (20 events):
Event: 19.256 Loading class java/util/concurrent/CompletionException
Event: 19.256 Loading class java/util/concurrent/CompletionException done
Event: 19.268 Loading class java/nio/file/FileTreeWalker$1
Event: 19.268 Loading class java/nio/file/FileTreeWalker$1 done
Event: 19.269 Loading class sun/nio/fs/Globs
Event: 19.270 Loading class sun/nio/fs/Globs done
Event: 19.270 Loading class java/util/regex/Pattern$SliceU
Event: 19.270 Loading class java/util/regex/Pattern$SliceU done
Event: 19.271 Loading class sun/nio/fs/WindowsFileSystem$2
Event: 19.271 Loading class java/nio/file/PathMatcher
Event: 19.271 Loading class java/nio/file/PathMatcher done
Event: 19.271 Loading class sun/nio/fs/WindowsFileSystem$2 done
Event: 19.733 Loading class java/util/Collections$SynchronizedRandomAccessList
Event: 19.734 Loading class java/util/Collections$SynchronizedList
Event: 19.734 Loading class java/util/Collections$SynchronizedList done
Event: 19.734 Loading class java/util/Collections$SynchronizedRandomAccessList done
Event: 19.850 Loading class java/util/concurrent/CompletableFuture$Signaller
Event: 19.851 Loading class java/util/concurrent/CompletableFuture$Signaller done
Event: 21.751 Loading class sun/nio/fs/WindowsFileCopy
Event: 21.751 Loading class sun/nio/fs/WindowsFileCopy done

Classes unloaded (10 events):
Event: 3.853 Thread 0x0000022b5bc1e880 Unloading class 0x0000022b0119bc00 'java/lang/invoke/LambdaForm$MH+0x0000022b0119bc00'
Event: 3.853 Thread 0x0000022b5bc1e880 Unloading class 0x0000022b0119b800 'java/lang/invoke/LambdaForm$MH+0x0000022b0119b800'
Event: 3.853 Thread 0x0000022b5bc1e880 Unloading class 0x0000022b0119b400 'java/lang/invoke/LambdaForm$MH+0x0000022b0119b400'
Event: 3.853 Thread 0x0000022b5bc1e880 Unloading class 0x0000022b0119b000 'java/lang/invoke/LambdaForm$MH+0x0000022b0119b000'
Event: 3.853 Thread 0x0000022b5bc1e880 Unloading class 0x0000022b0119ac00 'java/lang/invoke/LambdaForm$BMH+0x0000022b0119ac00'
Event: 3.853 Thread 0x0000022b5bc1e880 Unloading class 0x0000022b0119a800 'java/lang/invoke/LambdaForm$DMH+0x0000022b0119a800'
Event: 3.853 Thread 0x0000022b5bc1e880 Unloading class 0x0000022b01199400 'java/lang/invoke/LambdaForm$DMH+0x0000022b01199400'
Event: 18.968 Thread 0x0000022b5bc1e880 Unloading class 0x0000022b01655000 'java/lang/invoke/LambdaForm$DMH+0x0000022b01655000'
Event: 18.968 Thread 0x0000022b5bc1e880 Unloading class 0x0000022b01654400 'java/lang/invoke/LambdaForm$DMH+0x0000022b01654400'
Event: 18.968 Thread 0x0000022b5bc1e880 Unloading class 0x0000022b01654c00 'java/lang/invoke/LambdaForm$DMH+0x0000022b01654c00'

Classes redefined (0 events):
No events

Internal exceptions (20 events):
Event: 26.876 Thread 0x0000022b76c35560 Exception <a 'sun/nio/fs/WindowsException'{0x00000000eadfde28}> (0x00000000eadfde28) 
thrown [s\src\hotspot\share\prims\jni.cpp, line 520]
Event: 26.928 Thread 0x0000022b76c35560 Exception <a 'sun/nio/fs/WindowsException'{0x00000000ead6c5c8}> (0x00000000ead6c5c8) 
thrown [s\src\hotspot\share\prims\jni.cpp, line 520]
Event: 27.074 Thread 0x0000022b76c35560 Exception <a 'sun/nio/fs/WindowsException'{0x00000000eae0b0a8}> (0x00000000eae0b0a8) 
thrown [s\src\hotspot\share\prims\jni.cpp, line 520]
Event: 27.138 Thread 0x0000022b76c35560 Exception <a 'sun/nio/fs/WindowsException'{0x00000000eabaca20}> (0x00000000eabaca20) 
thrown [s\src\hotspot\share\prims\jni.cpp, line 520]
Event: 27.188 Thread 0x0000022b76c35560 Exception <a 'sun/nio/fs/WindowsException'{0x00000000eade7d78}> (0x00000000eade7d78) 
thrown [s\src\hotspot\share\prims\jni.cpp, line 520]
Event: 27.289 Thread 0x0000022b76c35560 Exception <a 'sun/nio/fs/WindowsException'{0x00000000ead40ee0}> (0x00000000ead40ee0) 
thrown [s\src\hotspot\share\prims\jni.cpp, line 520]
Event: 27.317 Thread 0x0000022b76c35560 Exception <a 'sun/nio/fs/WindowsException'{0x00000000eac24c00}> (0x00000000eac24c00) 
thrown [s\src\hotspot\share\prims\jni.cpp, line 520]
Event: 27.337 Thread 0x0000022b76c35560 Exception <a 'sun/nio/fs/WindowsException'{0x00000000eadad930}> (0x00000000eadad930) 
thrown [s\src\hotspot\share\prims\jni.cpp, line 520]
Event: 27.577 Thread 0x0000022b76c35560 Exception <a 'sun/nio/fs/WindowsException'{0x00000000eacbb740}> (0x00000000eacbb740) 
thrown [s\src\hotspot\share\prims\jni.cpp, line 520]
Event: 27.593 Thread 0x0000022b76c35560 Exception <a 'sun/nio/fs/WindowsException'{0x00000000eacd4318}> (0x00000000eacd4318) 
thrown [s\src\hotspot\share\prims\jni.cpp, line 520]
Event: 27.608 Thread 0x0000022b76c35560 Exception <a 'sun/nio/fs/WindowsException'{0x00000000eaced8f8}> (0x00000000eaced8f8) 
thrown [s\src\hotspot\share\prims\jni.cpp, line 520]
Event: 27.823 Thread 0x0000022b76c35560 Exception <a 'sun/nio/fs/WindowsException'{0x00000000ead71dd8}> (0x00000000ead71dd8) 
thrown [s\src\hotspot\share\prims\jni.cpp, line 520]
Event: 27.850 Thread 0x0000022b76c35560 Exception <a 'sun/nio/fs/WindowsException'{0x00000000eaca8600}> (0x00000000eaca8600) 
thrown [s\src\hotspot\share\prims\jni.cpp, line 520]
Event: 27.917 Thread 0x0000022b76c35560 Exception <a 'sun/nio/fs/WindowsException'{0x00000000eab73930}> (0x00000000eab73930) 
thrown [s\src\hotspot\share\prims\jni.cpp, line 520]
Event: 27.941 Thread 0x0000022b76c35560 Exception <a 'sun/nio/fs/WindowsException'{0x00000000eacb44d8}> (0x00000000eacb44d8) 
thrown [s\src\hotspot\share\prims\jni.cpp, line 520]
Event: 27.971 Thread 0x0000022b76c35560 Exception <a 'sun/nio/fs/WindowsException'{0x00000000ead41178}> (0x00000000ead41178) 
thrown [s\src\hotspot\share\prims\jni.cpp, line 520]
Event: 27.989 Thread 0x0000022b76c35560 Exception <a 'sun/nio/fs/WindowsException'{0x00000000ead8ab80}> (0x00000000ead8ab80) 
thrown [s\src\hotspot\share\prims\jni.cpp, line 520]
Event: 28.005 Thread 0x0000022b76c35560 Exception <a 'sun/nio/fs/WindowsException'{0x00000000ead9d370}> (0x00000000ead9d370) 
thrown [s\src\hotspot\share\prims\jni.cpp, line 520]
Event: 28.349 Thread 0x0000022b76c35560 Exception <a 'sun/nio/fs/WindowsException'{0x00000000eace8750}> (0x00000000eace8750) 
thrown [s\src\hotspot\share\prims\jni.cpp, line 520]
Event: 28.415 Thread 0x0000022b76c35560 Exception <a 'sun/nio/fs/WindowsException'{0x00000000ead15130}> (0x00000000ead15130) 
thrown [s\src\hotspot\share\prims\jni.cpp, line 520]

ZGC Phase Switch (0 events):
No events

VM Operations (20 events):
Event: 28.188 Executing VM operation: ParallelGCFailedAllocation (Allocation Failure)
Event: 28.192 Executing VM operation: ParallelGCFailedAllocation (Allocation Failure) done
Event: 28.199 Executing VM operation: ParallelGCFailedAllocation (Allocation Failure)
Event: 28.201 Executing VM operation: ParallelGCFailedAllocation (Allocation Failure) done
Event: 28.211 Executing VM operation: ParallelGCFailedAllocation (Allocation Failure)
Event: 28.212 Executing VM operation: ParallelGCFailedAllocation (Allocation Failure) done
Event: 28.223 Executing VM operation: ParallelGCFailedAllocation (Allocation Failure)
Event: 28.225 Executing VM operation: ParallelGCFailedAllocation (Allocation Failure) done
Event: 28.233 Executing VM operation: ParallelGCFailedAllocation (Allocation Failure)
Event: 28.235 Executing VM operation: ParallelGCFailedAllocation (Allocation Failure) done
Event: 28.251 Executing VM operation: ParallelGCFailedAllocation (Allocation Failure)
Event: 28.253 Executing VM operation: ParallelGCFailedAllocation (Allocation Failure) done
Event: 28.282 Executing VM operation: ParallelGCFailedAllocation (Allocation Failure)
Event: 28.284 Executing VM operation: ParallelGCFailedAllocation (Allocation Failure) done
Event: 28.359 Executing VM operation: ParallelGCFailedAllocation (Allocation Failure)
Event: 28.362 Executing VM operation: ParallelGCFailedAllocation (Allocation Failure) done
Event: 28.368 Executing VM operation: ParallelGCFailedAllocation (Allocation Failure)
Event: 28.372 Executing VM operation: ParallelGCFailedAllocation (Allocation Failure) done
Event: 28.379 Executing VM operation: ParallelGCFailedAllocation (Allocation Failure)
Event: 28.381 Executing VM operation: ParallelGCFailedAllocation (Allocation Failure) done

Memory protections (0 events):
No events

Nmethod flushes (20 events):
Event: 18.993 Thread 0x0000022b5bc1e880 flushing  nmethod 0x0000022b5f579890
Event: 18.993 Thread 0x0000022b5bc1e880 flushing  nmethod 0x0000022b5f57cd10
Event: 18.993 Thread 0x0000022b5bc1e880 flushing  nmethod 0x0000022b5f5d0f10
Event: 18.993 Thread 0x0000022b5bc1e880 flushing  nmethod 0x0000022b5f5eb490
Event: 18.993 Thread 0x0000022b5bc1e880 flushing  nmethod 0x0000022b5f5ebe10
Event: 18.993 Thread 0x0000022b5bc1e880 flushing  nmethod 0x0000022b5f5f0690
Event: 18.993 Thread 0x0000022b5bc1e880 flushing  nmethod 0x0000022b5f5fca10
Event: 18.993 Thread 0x0000022b5bc1e880 flushing  nmethod 0x0000022b5f602c90
Event: 18.993 Thread 0x0000022b5bc1e880 flushing  nmethod 0x0000022b5f604b10
Event: 18.993 Thread 0x0000022b5bc1e880 flushing  nmethod 0x0000022b5f609910
Event: 18.993 Thread 0x0000022b5bc1e880 flushing  nmethod 0x0000022b5f60a010
Event: 18.993 Thread 0x0000022b5bc1e880 flushing  nmethod 0x0000022b5f60a790
Event: 18.993 Thread 0x0000022b5bc1e880 flushing  nmethod 0x0000022b5f60ad90
Event: 18.993 Thread 0x0000022b5bc1e880 flushing  nmethod 0x0000022b5f60ca90
Event: 18.993 Thread 0x0000022b5bc1e880 flushing  nmethod 0x0000022b5f637d90
Event: 18.993 Thread 0x0000022b5bc1e880 flushing  nmethod 0x0000022b5f645390
Event: 18.993 Thread 0x0000022b5bc1e880 flushing osr nmethod 0x0000022b5f656f10
Event: 18.993 Thread 0x0000022b5bc1e880 flushing  nmethod 0x0000022b5f681c10
Event: 18.993 Thread 0x0000022b5bc1e880 flushing  nmethod 0x0000022b5f6b9e90
Event: 18.993 Thread 0x0000022b5bc1e880 flushing  nmethod 0x0000022b5f6ca810

Events (20 events):
Event: 17.791 Thread 0x0000022b76c32e00 Thread added: 0x0000022b7a7994f0
Event: 17.793 Thread 0x0000022b76c32e00 Thread added: 0x0000022b780a0a90
Event: 17.793 Thread 0x0000022b76c32e00 Thread added: 0x0000022b780a0400
Event: 17.793 Thread 0x0000022b76c32e00 Thread added: 0x0000022b7809f6e0
Event: 17.793 Thread 0x0000022b76c32e00 Thread added: 0x0000022b780a1e40
Event: 17.928 Thread 0x0000022b7ad770b0 Thread exited: 0x0000022b7ad770b0
Event: 18.085 Thread 0x0000022b6ff30f10 Thread added: 0x0000022b7ad76310
Event: 18.147 Thread 0x0000022b780a1e40 Thread exited: 0x0000022b780a1e40
Event: 18.147 Thread 0x0000022b780a0a90 Thread exited: 0x0000022b780a0a90
Event: 18.147 Thread 0x0000022b7809f6e0 Thread exited: 0x0000022b7809f6e0
Event: 18.148 Thread 0x0000022b7a7994f0 Thread exited: 0x0000022b7a7994f0
Event: 18.148 Thread 0x0000022b780a0400 Thread exited: 0x0000022b780a0400
Event: 21.259 Thread 0x0000022b7ad76310 Thread exited: 0x0000022b7ad76310
Event: 21.278 Thread 0x0000022b79aa2270 Thread exited: 0x0000022b79aa2270
Event: 21.294 Thread 0x0000022b6ff2c070 Thread added: 0x0000022b7ad74100
Event: 21.777 Thread 0x0000022b7ad74100 Thread exited: 0x0000022b7ad74100
Event: 21.787 Thread 0x0000022b6ff30f10 Thread added: 0x0000022b7ad76310
Event: 21.787 Thread 0x0000022b6ff30f10 Thread added: 0x0000022b7ad75570
Event: 23.659 Thread 0x0000022b7ad75570 Thread exited: 0x0000022b7ad75570
Event: 25.055 Thread 0x0000022b7ad76310 Thread exited: 0x0000022b7ad76310


Dynamic libraries:
0x00007ff638e30000 - 0x00007ff638e3e000 	c:\Users\ASUS\.vscode\extensions\redhat.java-1.42.0-win32-x64\jre\21.0.7-win32-x86_64\bin\java.exe
0x00007fff329e0000 - 0x00007fff32c45000 	C:\WINDOWS\SYSTEM32\ntdll.dll
0x00007fff32200000 - 0x00007fff322c9000 	C:\WINDOWS\System32\KERNEL32.DLL
0x00007fff30190000 - 0x00007fff30578000 	C:\WINDOWS\System32\KERNELBASE.dll
0x00007fff2fe00000 - 0x00007fff2ff4b000 	C:\WINDOWS\System32\ucrtbase.dll
0x00007fff22780000 - 0x00007fff22798000 	c:\Users\ASUS\.vscode\extensions\redhat.java-1.42.0-win32-x64\jre\21.0.7-win32-x86_64\bin\jli.dll
0x00007fff245c0000 - 0x00007fff245de000 	c:\Users\ASUS\.vscode\extensions\redhat.java-1.42.0-win32-x64\jre\21.0.7-win32-x86_64\bin\VCRUNTIME140.dll
0x00007fff31cb0000 - 0x00007fff31e7a000 	C:\WINDOWS\System32\USER32.dll
0x00007fff1b330000 - 0x00007fff1b5ca000 	C:\WINDOWS\WinSxS\amd64_microsoft.windows.common-controls_6595b64144ccf1df_6.0.26100.4202_none_3e0698d4e335f517\COMCTL32.dll
0x00007fff2ff50000 - 0x00007fff2ff77000 	C:\WINDOWS\System32\win32u.dll
0x00007fff30b20000 - 0x00007fff30bc9000 	C:\WINDOWS\System32\msvcrt.dll
0x00007fff31bc0000 - 0x00007fff31beb000 	C:\WINDOWS\System32\GDI32.dll
0x00007fff30580000 - 0x00007fff306b7000 	C:\WINDOWS\System32\gdi32full.dll
0x00007fff2fbd0000 - 0x00007fff2fc73000 	C:\WINDOWS\System32\msvcp_win.dll
0x00007fff31c70000 - 0x00007fff31ca0000 	C:\WINDOWS\System32\IMM32.DLL
0x00007fff2a370000 - 0x00007fff2a37c000 	c:\Users\ASUS\.vscode\extensions\redhat.java-1.42.0-win32-x64\jre\21.0.7-win32-x86_64\bin\vcruntime140_1.dll
0x00007ffef4100000 - 0x00007ffef418d000 	c:\Users\ASUS\.vscode\extensions\redhat.java-1.42.0-win32-x64\jre\21.0.7-win32-x86_64\bin\msvcp140.dll
0x00007ffe9b430000 - 0x00007ffe9c1c0000 	c:\Users\ASUS\.vscode\extensions\redhat.java-1.42.0-win32-x64\jre\21.0.7-win32-x86_64\bin\server\jvm.dll
0x00007fff32350000 - 0x00007fff32403000 	C:\WINDOWS\System32\ADVAPI32.dll
0x00007fff30cf0000 - 0x00007fff30d96000 	C:\WINDOWS\System32\sechost.dll
0x00007fff30bd0000 - 0x00007fff30ce5000 	C:\WINDOWS\System32\RPCRT4.dll
0x00007fff30da0000 - 0x00007fff30e14000 	C:\WINDOWS\System32\WS2_32.dll
0x00007fff2f9a0000 - 0x00007fff2f9fe000 	C:\WINDOWS\SYSTEM32\POWRPROF.dll
0x00007fff1c4c0000 - 0x00007fff1c4f5000 	C:\WINDOWS\SYSTEM32\WINMM.dll
0x00007fff24890000 - 0x00007fff2489b000 	C:\WINDOWS\SYSTEM32\VERSION.dll
0x00007fff2f980000 - 0x00007fff2f994000 	C:\WINDOWS\SYSTEM32\UMPDC.dll
0x00007fff2e8f0000 - 0x00007fff2e90b000 	C:\WINDOWS\SYSTEM32\kernel.appcore.dll
0x00007fff27e30000 - 0x00007fff27e3a000 	c:\Users\ASUS\.vscode\extensions\redhat.java-1.42.0-win32-x64\jre\21.0.7-win32-x86_64\bin\jimage.dll
0x00007fff2c710000 - 0x00007fff2c951000 	C:\WINDOWS\SYSTEM32\DBGHELP.DLL
0x00007fff317c0000 - 0x00007fff31b45000 	C:\WINDOWS\System32\combase.dll
0x00007fff32410000 - 0x00007fff324f1000 	C:\WINDOWS\System32\OLEAUT32.dll
0x00007fff19fa0000 - 0x00007fff19fd9000 	C:\WINDOWS\SYSTEM32\dbgcore.DLL
0x00007fff2fb30000 - 0x00007fff2fbc9000 	C:\WINDOWS\System32\bcryptPrimitives.dll
0x00007fff27ab0000 - 0x00007fff27abf000 	c:\Users\ASUS\.vscode\extensions\redhat.java-1.42.0-win32-x64\jre\21.0.7-win32-x86_64\bin\instrument.dll
0x00007fff21050000 - 0x00007fff2106f000 	c:\Users\ASUS\.vscode\extensions\redhat.java-1.42.0-win32-x64\jre\21.0.7-win32-x86_64\bin\java.dll
0x00007fff31070000 - 0x00007fff317b2000 	C:\WINDOWS\System32\SHELL32.dll
0x00007fff2fc80000 - 0x00007fff2fdf4000 	C:\WINDOWS\System32\wintypes.dll
0x00007fff2d7d0000 - 0x00007fff2e027000 	C:\WINDOWS\SYSTEM32\windows.storage.dll
0x00007fff31f10000 - 0x00007fff32001000 	C:\WINDOWS\System32\SHCORE.dll
0x00007fff30e20000 - 0x00007fff30e8a000 	C:\WINDOWS\System32\shlwapi.dll
0x00007fff2fa40000 - 0x00007fff2fa6f000 	C:\WINDOWS\SYSTEM32\profapi.dll
0x00007fff21030000 - 0x00007fff21048000 	c:\Users\ASUS\.vscode\extensions\redhat.java-1.42.0-win32-x64\jre\21.0.7-win32-x86_64\bin\zip.dll
0x00007fff248a0000 - 0x00007fff248b0000 	C:\Users\ASUS\.vscode\extensions\redhat.java-1.42.0-win32-x64\jre\21.0.7-win32-x86_64\bin\net.dll
0x00007fff27cf0000 - 0x00007fff27e0e000 	C:\WINDOWS\SYSTEM32\WINHTTP.dll
0x00007fff2ee60000 - 0x00007fff2eeca000 	C:\WINDOWS\system32\mswsock.dll
0x00007fff20ce0000 - 0x00007fff20cf6000 	C:\Users\ASUS\.vscode\extensions\redhat.java-1.42.0-win32-x64\jre\21.0.7-win32-x86_64\bin\nio.dll
0x00007fff22690000 - 0x00007fff226a0000 	c:\Users\ASUS\.vscode\extensions\redhat.java-1.42.0-win32-x64\jre\21.0.7-win32-x86_64\bin\verify.dll
0x00007fff20710000 - 0x00007fff20755000 	C:\Users\ASUS\AppData\Roaming\Code\User\globalStorage\redhat.java\1.42.0\config_win\org.eclipse.equinox.launcher\org.eclipse.equinox.launcher.win32.win32.x86_64_1.2.1300.v20250331-1702\eclipse_11911.dll
0x00007fff30ec0000 - 0x00007fff3105e000 	C:\WINDOWS\System32\ole32.dll
0x00007fff2f110000 - 0x00007fff2f12b000 	C:\WINDOWS\SYSTEM32\CRYPTSP.dll
0x00007fff2e850000 - 0x00007fff2e88a000 	C:\WINDOWS\system32\rsaenh.dll
0x00007fff2ef00000 - 0x00007fff2ef2b000 	C:\WINDOWS\SYSTEM32\USERENV.dll
0x00007fff2fa10000 - 0x00007fff2fa36000 	C:\WINDOWS\SYSTEM32\bcrypt.dll
0x00007fff2f130000 - 0x00007fff2f13c000 	C:\WINDOWS\SYSTEM32\CRYPTBASE.dll
0x00007fff2e320000 - 0x00007fff2e353000 	C:\WINDOWS\SYSTEM32\IPHLPAPI.DLL
0x00007fff321f0000 - 0x00007fff321fa000 	C:\WINDOWS\System32\NSI.dll
0x00007fff10b40000 - 0x00007fff10b89000 	C:\Users\ASUS\AppData\Local\Temp\jna-2018896\jna6501914071015156499.dll
0x00007fff31bb0000 - 0x00007fff31bb8000 	C:\WINDOWS\System32\PSAPI.DLL
0x00007fff27ca0000 - 0x00007fff27cbf000 	C:\WINDOWS\SYSTEM32\dhcpcsvc6.DLL
0x00007fff27c70000 - 0x00007fff27c95000 	C:\WINDOWS\SYSTEM32\dhcpcsvc.DLL

dbghelp: loaded successfully - version: 4.0.5 - missing functions: none
symbol engine: initialized successfully - sym options: 0x614 - pdb path: .;c:\Users\ASUS\.vscode\extensions\redhat.java-1.42.0-win32-x64\jre\21.0.7-win32-x86_64\bin;C:\WINDOWS\SYSTEM32;C:\WINDOWS\WinSxS\amd64_microsoft.windows.common-controls_6595b64144ccf1df_6.0.26100.4202_none_3e0698d4e335f517;c:\Users\ASUS\.vscode\extensions\redhat.java-1.42.0-win32-x64\jre\21.0.7-win32-x86_64\bin\server;C:\Users\ASUS\AppData\Roaming\Code\User\globalStorage\redhat.java\1.42.0\config_win\org.eclipse.equinox.launcher\org.eclipse.equinox.launcher.win32.win32.x86_64_1.2.1300.v20250331-1702;C:\Users\ASUS\AppData\Local\Temp\jna-2018896

VM Arguments:
jvm_args: --add-modules=ALL-SYSTEM --add-opens=java.base/java.util=ALL-UNNAMED --add-opens=java.base/java.lang=ALL-UNNAMED --add-opens=java.base/sun.nio.fs=ALL-UNNAMED -Declipse.application=org.eclipse.jdt.ls.core.id1 -Dosgi.bundles.defaultStartLevel=4 -Declipse.product=org.eclipse.jdt.ls.core.product -Djava.import.generatesMetadataFilesAtProjectRoot=false -DDetectVMInstallationsJob.disabled=true -Dfile.encoding=utf8 -XX:+UseParallelGC -XX:GCTimeRatio=4 -XX:AdaptiveSizePolicyWeight=90 -Dsun.zip.disableMemoryMapping=true -Xmx1G -Xms100m -Xlog:disable -javaagent:c:\Users\ASUS\.vscode\extensions\redhat.java-1.42.0-win32-x64\lombok\lombok-1.18.36.jar -XX:+HeapDumpOnOutOfMemoryError -XX:HeapDumpPath=c:\Users\ASUS\AppData\Roaming\Code\User\workspaceStorage\a33238b1471dacc6b2a44bf7a413b9cd\redhat.java -Daether.dependencyCollector.impl=bf 
java_command: c:\Users\ASUS\.vscode\extensions\redhat.java-1.42.0-win32-x64\server\plugins\org.eclipse.equinox.launcher_1.7.0.v20250424-1814.jar -configuration c:\Users\ASUS\AppData\Roaming\Code\User\globalStorage\redhat.java\1.42.0\config_win -data c:\Users\ASUS\AppData\Roaming\Code\User\workspaceStorage\a33238b1471dacc6b2a44bf7a413b9cd\redhat.java\jdt_ws --pipe=\\.\pipe\lsp-40eb9e1c47af1fcd880337b24184b6af-sock
java_class_path (initial): c:\Users\ASUS\.vscode\extensions\redhat.java-1.42.0-win32-x64\server\plugins\org.eclipse.equinox.launcher_1.7.0.v20250424-1814.jar
Launcher Type: SUN_STANDARD

[Global flags]
    uintx AdaptiveSizePolicyWeight                 = 90                                        {product} {command line}
     intx CICompilerCount                          = 4                                         {product} {ergonomic}
    uintx GCTimeRatio                              = 4                                         {product} {command line}
     bool HeapDumpOnOutOfMemoryError               = true                                   {manageable} {command line}
    ccstr HeapDumpPath                             = c:\Users\ASUS\AppData\Roaming\Code\User\workspaceStorage\a33238b1471dacc6b2a44bf7a413b9cd\redhat.java         {manageable} {command line}
   size_t InitialHeapSize                          = 104857600                                 {product} {command line}
   size_t MaxHeapSize                              = 1073741824                                {product} {command line}
   size_t MaxNewSize                               = 357564416                                 {product} {ergonomic}
   size_t MinHeapDeltaBytes                        = 524288                                    {product} {ergonomic}
   size_t MinHeapSize                              = 104857600                                 {product} {command line}
   size_t NewSize                                  = 34603008                                  {product} {ergonomic}
    uintx NonNMethodCodeHeapSize                   = 5839372                                {pd product} {ergonomic}
    uintx NonProfiledCodeHeapSize                  = 122909434                              {pd product} {ergonomic}
   size_t OldSize                                  = 70254592                                  {product} {ergonomic}
    uintx ProfiledCodeHeapSize                     = 122909434                              {pd product} {ergonomic}
    uintx ReservedCodeCacheSize                    = 251658240                              {pd product} {ergonomic}
     bool SegmentedCodeCache                       = true                                      {product} {ergonomic}
   size_t SoftMaxHeapSize                          = 1073741824                             {manageable} {ergonomic}
     bool UseCompressedOops                        = true                           {product lp64_product} {ergonomic}
     bool UseLargePagesIndividualAllocation        = false                                  {pd product} {ergonomic}
     bool UseParallelGC                            = true                                      {product} {command line}

Logging:
Log output configuration:
 #0: stdout all=off uptime,level,tags foldmultilines=false
 #1: stderr all=off uptime,level,tags foldmultilines=false

Environment Variables:
PATH=C:\Program Files\Common Files\Oracle\Java\javapath;C:\WINDOWS\system32;C:\WINDOWS;C:\WINDOWS\System32\Wbem;C:\WINDOWS\System32\WindowsPowerShell\v1.0\;C:\WINDOWS\System32\OpenSSH\;C:\Program Files\Git\cmd;C:\Program Files\Java\jdk-23\bin;C:\Program Files\nodejs\;C:\MinGW\bin;C:\Users\ASUS\AppData\Local\Programs\Python\Python313\Scripts\;C:\Users\ASUS\AppData\Local\Programs\Python\Python313\;C:\Users\ASUS\AppData\Local\Microsoft\WindowsApps;C:\Users\ASUS\AppData\Local\Programs\Microsoft VS Code\bin;C:\Users\ASUS\AppData\Local\GitHubDesktop\bin;C:\Program Files\JetBrains\IntelliJ IDEA Community Edition 2024.2\bin;;C:\Users\ASUS\AppData\Roaming\npm;C:\Users\ASUS\AppData\Local\JetBrains\CLion 2024.3.4\bin;;
USERNAME=ASUS
OS=Windows_NT
PROCESSOR_IDENTIFIER=Intel64 Family 6 Model 126 Stepping 5, GenuineIntel
TMP=C:\Users\ASUS\AppData\Local\Temp
TEMP=C:\Users\ASUS\AppData\Local\Temp




Periodic native trim disabled

---------------  S Y S T E M  ---------------

OS:
 Windows 11 , 64 bit Build 26100 (10.0.26100.4202)
OS uptime: 1 days 23:54 hours

CPU: total 8 (initial active 8) (4 cores per cpu, 2 threads per core) family 6 model 126 stepping 5 microcode 0xb8, cx8, cmov, fxsr, ht, mmx, 3dnowpref, sse, sse2, sse3, ssse3, sse4.1, sse4.2, popcnt, lzcnt, tsc, tscinvbit, avx, avx2, aes, erms, clmul, bmi1, bmi2, adx, avx512f, avx512dq, avx512cd, avx512bw, avx512vl, sha, fma, vzeroupper, avx512_vpopcntdq, avx512_vpclmulqdq, avx512_vaes, avx512_vnni, clflush, clflushopt, avx512_vbmi2, avx512_vbmi, rdtscp, rdpid, fsrm, gfni, avx512_bitalg, f16c, pku, avx512_ifma
Processor Information for the first 8 processors :
  Max Mhz: 1190, Current Mhz: 991, Mhz Limit: 987

Memory: 4k page, system-wide physical 7929M (700M free)
TotalPageFile size 12025M (AvailPageFile size 6M)
current process WorkingSet (physical memory assigned to process): 876M, peak: 876M
current process commit charge ("private bytes"): 794M, peak: 795M

vm_info: OpenJDK 64-Bit Server VM (21.0.7+6-LTS) for windows-amd64 JRE (21.0.7+6-LTS), built on 2025-04-15T00:00:00Z by "admin" with MS VC++ 17.7 (VS2022)

END.
