#
# There is insufficient memory for the Java Runtime Environment to continue.
# Native memory allocation (malloc) failed to allocate 2128384 bytes. Error detail: Chunk::new
# Possible reasons:
#   The system is out of physical RAM or swap space
#   This process is running with CompressedOops enabled, and the Java Heap may be blocking the growth of the native heap
# Possible solutions:
#   Reduce memory load on the system
#   Increase physical memory or swap space
#   Check if swap backing store is full
#   Decrease Java heap size (-Xmx/-Xms)
#   Decrease number of Java threads
#   Decrease Java thread stack sizes (-Xss)
#   Set larger code cache with -XX:ReservedCodeCacheSize=
#   JVM is running with Unscaled Compressed Oops mode in which the Java heap is
#     placed in the first 4GB address space. The Java Heap base address is the
#     maximum limit for the native heap growth. Please use -XX:HeapBaseMinAddress
#     to set the Java Heap base and to place the Java Heap above 4GB virtual address.
# This output file may be truncated or incomplete.
#
#  Out of Memory Error (arena.cpp:168), pid=4340, tid=9496
#
# JRE version: OpenJDK Runtime Environment Temurin-21.0.7+6 (21.0.7+6) (build 21.0.7+6-LTS)
# Java VM: OpenJDK 64-Bit Server VM Temurin-21.0.7+6 (21.0.7+6-LTS, mixed mode, sharing, tiered, compressed oops, compressed class ptrs, parallel gc, windows-amd64)
# No core dump will be written. Minidumps are not enabled by default on client versions of Windows
#

---------------  S U M M A R Y ------------

Command Line: --add-modules=ALL-SYSTEM --add-opens=java.base/java.util=ALL-UNNAMED --add-opens=java.base/java.lang=ALL-UNNAMED --add-opens=java.base/sun.nio.fs=ALL-UNNAMED -Declipse.application=org.eclipse.jdt.ls.core.id1 -Dosgi.bundles.defaultStartLevel=4 -Declipse.product=org.eclipse.jdt.ls.core.product -Djava.import.generatesMetadataFilesAtProjectRoot=false -DDetectVMInstallationsJob.disabled=true -Dfile.encoding=utf8 -XX:+UseParallelGC -XX:GCTimeRatio=4 -XX:AdaptiveSizePolicyWeight=90 -Dsun.zip.disableMemoryMapping=true -Xmx1G -Xms100m -Xlog:disable -javaagent:c:\Users\ASUS\.vscode\extensions\redhat.java-1.42.0-win32-x64\lombok\lombok-1.18.36.jar c:\Users\ASUS\.vscode\extensions\redhat.java-1.42.0-win32-x64\server\plugins\org.eclipse.equinox.launcher_1.7.0.v20250424-1814.jar -configuration c:\Users\ASUS\AppData\Roaming\Code\User\globalStorage\redhat.java\1.42.0\config_ss_win -data c:\Users\ASUS\AppData\Roaming\Code\User\workspaceStorage\a33238b1471dacc6b2a44bf7a413b9cd\redhat.java\ss_ws --pipe=\\.\pipe\lsp-46a019b3a7b35fa9762969f53e2654b2-sock

Host: Intel(R) Core(TM) i5-1035G1 CPU @ 1.00GHz, 8 cores, 7G,  Windows 11 , 64 bit Build 26100 (10.0.26100.4202)
Time: Tue Jun 17 22:42:27 2025 Bangladesh Standard Time elapsed time: 35.518644 seconds (0d 0h 0m 35s)

---------------  T H R E A D  ---------------

Current thread (0x0000023d6f0e2c00):  JavaThread "C2 CompilerThread1" daemon [_thread_in_native, id=9496, stack(0x000000c6dd700000,0x000000c6dd800000) (1024K)]


Current CompileTask:
C2:35518 5626   !   4       org.eclipse.osgi.internal.loader.classpath.ClasspathManager::defineClass (636 bytes)

Stack: [0x000000c6dd700000,0x000000c6dd800000]
Native frames: (J=compiled Java code, j=interpreted, Vv=VM code, C=native code)
V  [jvm.dll+0x6ce119]
V  [jvm.dll+0x8a84a1]
V  [jvm.dll+0x8aa9ce]
V  [jvm.dll+0x8ab0b3]
V  [jvm.dll+0x27f8a6]
V  [jvm.dll+0xc507d]
V  [jvm.dll+0xc55b3]
V  [jvm.dll+0x3b692c]
V  [jvm.dll+0x1e0029]
V  [jvm.dll+0x247c42]
V  [jvm.dll+0x2470cf]
V  [jvm.dll+0x1c760e]
V  [jvm.dll+0x25695a]
V  [jvm.dll+0x254efa]
V  [jvm.dll+0x3f03f6]
V  [jvm.dll+0x851f6b]
V  [jvm.dll+0x6cc7dd]
C  [ucrtbase.dll+0x37b0]
C  [KERNEL32.DLL+0x2e8d7]
C  [ntdll.dll+0x3c34c]


---------------  P R O C E S S  ---------------

Threads class SMR info:
_java_thread_list=0x0000023d7544e3d0, length=38, elements={
0x0000023d5acfa3c0, 0x0000023d6f0ac1d0, 0x0000023d6f0b15c0, 0x0000023d6f0b4110,
0x0000023d6f0b4d60, 0x0000023d6f0b9be0, 0x0000023d6f0bbed0, 0x0000023d6f0c4c40,
0x0000023d6f0e09f0, 0x0000023d70b56580, 0x0000023d70d96e90, 0x0000023d7554f620,
0x0000023d757240e0, 0x0000023d75724740, 0x0000023d757c2750, 0x0000023d75c2a3e0,
0x0000023d75138630, 0x0000023d75139d80, 0x0000023d75b80a30, 0x0000023d75b7eff0,
0x0000023d75b810c0, 0x0000023d75b803a0, 0x0000023d75b81de0, 0x0000023d75b82470,
0x0000023d75b7f680, 0x0000023d75b7fd10, 0x0000023d75b81750, 0x0000023d777b1140,
0x0000023d777afd90, 0x0000023d777af700, 0x0000023d777b0420, 0x0000023d777af070,
0x0000023d777ae9e0, 0x0000023d777b0ab0, 0x0000023d777b17d0, 0x0000023d777ae350,
0x0000023d6f0e2c00, 0x0000023d6f0dfc50
}

Java Threads: ( => current thread )
  0x0000023d5acfa3c0 JavaThread "main"                              [_thread_blocked, id=1916, stack(0x000000c6dbe00000,0x000000c6dbf00000) (1024K)]
  0x0000023d6f0ac1d0 JavaThread "Reference Handler"          daemon [_thread_blocked, id=15500, stack(0x000000c6dc200000,0x000000c6dc300000) (1024K)]
  0x0000023d6f0b15c0 JavaThread "Finalizer"                  daemon [_thread_blocked, id=15016, stack(0x000000c6dc300000,0x000000c6dc400000) (1024K)]
  0x0000023d6f0b4110 JavaThread "Signal Dispatcher"          daemon [_thread_blocked, id=15736, stack(0x000000c6dc400000,0x000000c6dc500000) (1024K)]
  0x0000023d6f0b4d60 JavaThread "Attach Listener"            daemon [_thread_blocked, id=14124, stack(0x000000c6dc500000,0x000000c6dc600000) (1024K)]
  0x0000023d6f0b9be0 JavaThread "Service Thread"             daemon [_thread_blocked, id=18772, stack(0x000000c6dc600000,0x000000c6dc700000) (1024K)]
  0x0000023d6f0bbed0 JavaThread "Monitor Deflation Thread"   daemon [_thread_blocked, id=11664, stack(0x000000c6dc700000,0x000000c6dc800000) (1024K)]
  0x0000023d6f0c4c40 JavaThread "C2 CompilerThread0"         daemon [_thread_in_native, id=3664, stack(0x000000c6dc800000,0x000000c6dc900000) (1024K)]
  0x0000023d6f0e09f0 JavaThread "C1 CompilerThread0"         daemon [_thread_blocked, id=8756, stack(0x000000c6dc900000,0x000000c6dca00000) (1024K)]
  0x0000023d70b56580 JavaThread "Common-Cleaner"             daemon [_thread_blocked, id=15664, stack(0x000000c6dca00000,0x000000c6dcb00000) (1024K)]
  0x0000023d70d96e90 JavaThread "Notification Thread"        daemon [_thread_blocked, id=12884, stack(0x000000c6dcc00000,0x000000c6dcd00000) (1024K)]
  0x0000023d7554f620 JavaThread "Active Thread: Equinox Container: aab2b1ff-6d5c-4968-9e4d-5c6c8dc3194d"        [_thread_blocked, id=13940, stack(0x000000c6dd400000,0x000000c6dd500000) (1024K)]
  0x0000023d757240e0 JavaThread "Framework Event Dispatcher: Equinox Container: aab2b1ff-6d5c-4968-9e4d-5c6c8dc3194d" daemon [_thread_blocked, id=13508, stack(0x000000c6dcb00000,0x000000c6dcc00000) (1024K)]
  0x0000023d75724740 JavaThread "Start Level: Equinox Container: aab2b1ff-6d5c-4968-9e4d-5c6c8dc3194d" daemon [_thread_blocked, id=18348, stack(0x000000c6dcd00000,0x000000c6dce00000) (1024K)]
  0x0000023d757c2750 JavaThread "SCR Component Actor"        daemon [_thread_blocked, id=17184, stack(0x000000c6dd500000,0x000000c6dd600000) (1024K)]
  0x0000023d75c2a3e0 JavaThread "Worker-JM"                         [_thread_blocked, id=24904, stack(0x000000c6dda00000,0x000000c6ddb00000) (1024K)]
  0x0000023d75138630 JavaThread "JNA Cleaner"                daemon [_thread_blocked, id=5784, stack(0x000000c6dd800000,0x000000c6dd900000) (1024K)]
  0x0000023d75139d80 JavaThread "Worker-0"                          [_thread_blocked, id=10708, stack(0x000000c6dd900000,0x000000c6dda00000) (1024K)]
  0x0000023d75b80a30 JavaThread "Worker-1"                          [_thread_blocked, id=15620, stack(0x000000c6ddb00000,0x000000c6ddc00000) (1024K)]
  0x0000023d75b7eff0 JavaThread "Thread-2"                   daemon [_thread_in_native, id=17804, stack(0x000000c6de000000,0x000000c6de100000) (1024K)]
  0x0000023d75b810c0 JavaThread "Thread-3"                   daemon [_thread_in_native, id=7100, stack(0x000000c6de100000,0x000000c6de200000) (1024K)]
  0x0000023d75b803a0 JavaThread "Thread-4"                   daemon [_thread_in_native, id=20700, stack(0x000000c6de200000,0x000000c6de300000) (1024K)]
  0x0000023d75b81de0 JavaThread "Thread-5"                   daemon [_thread_in_native, id=19544, stack(0x000000c6de300000,0x000000c6de400000) (1024K)]
  0x0000023d75b82470 JavaThread "Thread-6"                   daemon [_thread_in_native, id=25072, stack(0x000000c6de400000,0x000000c6de500000) (1024K)]
  0x0000023d75b7f680 JavaThread "Thread-7"                   daemon [_thread_in_native, id=24768, stack(0x000000c6de500000,0x000000c6de600000) (1024K)]
  0x0000023d75b7fd10 JavaThread "Thread-8"                   daemon [_thread_in_native, id=23240, stack(0x000000c6de600000,0x000000c6de700000) (1024K)]
  0x0000023d75b81750 JavaThread "Thread-9"                   daemon [_thread_in_native, id=25236, stack(0x000000c6de700000,0x000000c6de800000) (1024K)]
  0x0000023d777b1140 JavaThread "Thread-10"                  daemon [_thread_in_native, id=19340, stack(0x000000c6de800000,0x000000c6de900000) (1024K)]
  0x0000023d777afd90 JavaThread "pool-2-thread-1"                   [_thread_blocked, id=12396, stack(0x000000c6de900000,0x000000c6dea00000) (1024K)]
  0x0000023d777af700 JavaThread "Worker-2"                          [_thread_blocked, id=4732, stack(0x000000c6dea00000,0x000000c6deb00000) (1024K)]
  0x0000023d777b0420 JavaThread "WorkspaceEventsHandler"            [_thread_blocked, id=6928, stack(0x000000c6deb00000,0x000000c6dec00000) (1024K)]
  0x0000023d777af070 JavaThread "pool-1-thread-1"                   [_thread_blocked, id=19968, stack(0x000000c6dec00000,0x000000c6ded00000) (1024K)]
  0x0000023d777ae9e0 JavaThread "ForkJoinPool.commonPool-worker-1" daemon [_thread_blocked, id=19652, stack(0x000000c6ddc00000,0x000000c6ddd00000) (1024K)]
  0x0000023d777b0ab0 JavaThread "ForkJoinPool.commonPool-worker-2" daemon [_thread_blocked, id=4028, stack(0x000000c6dee00000,0x000000c6def00000) (1024K)]
  0x0000023d777b17d0 JavaThread "ForkJoinPool.commonPool-worker-3" daemon [_thread_blocked, id=14040, stack(0x000000c6def00000,0x000000c6df000000) (1024K)]
  0x0000023d777ae350 JavaThread "ForkJoinPool.commonPool-worker-4" daemon [_thread_blocked, id=16416, stack(0x000000c6df000000,0x000000c6df100000) (1024K)]
=>0x0000023d6f0e2c00 JavaThread "C2 CompilerThread1"         daemon [_thread_in_native, id=9496, stack(0x000000c6dd700000,0x000000c6dd800000) (1024K)]
  0x0000023d6f0dfc50 JavaThread "C2 CompilerThread2"         daemon [_thread_in_native, id=7072, stack(0x000000c6ddd00000,0x000000c6dde00000) (1024K)]
Total: 38

Other Threads:
  0x0000023d6f092840 VMThread "VM Thread"                           [id=25024, stack(0x000000c6dc100000,0x000000c6dc200000) (1024K)]
  0x0000023d5ad67470 WatcherThread "VM Periodic Task Thread"        [id=10032, stack(0x000000c6dc000000,0x000000c6dc100000) (1024K)]
  0x0000023d5ad199f0 WorkerThread "GC Thread#0"                     [id=1652, stack(0x000000c6dbf00000,0x000000c6dc000000) (1024K)]
  0x0000023d70e4d890 WorkerThread "GC Thread#1"                     [id=14820, stack(0x000000c6dce00000,0x000000c6dcf00000) (1024K)]
  0x0000023d75155070 WorkerThread "GC Thread#2"                     [id=9436, stack(0x000000c6dcf00000,0x000000c6dd000000) (1024K)]
  0x0000023d75155410 WorkerThread "GC Thread#3"                     [id=19640, stack(0x000000c6dd000000,0x000000c6dd100000) (1024K)]
  0x0000023d751557b0 WorkerThread "GC Thread#4"                     [id=23292, stack(0x000000c6dd100000,0x000000c6dd200000) (1024K)]
  0x0000023d75538410 WorkerThread "GC Thread#5"                     [id=10376, stack(0x000000c6dd200000,0x000000c6dd300000) (1024K)]
  0x0000023d755ae410 WorkerThread "GC Thread#6"                     [id=8264, stack(0x000000c6dd300000,0x000000c6dd400000) (1024K)]
  0x0000023d7511ee50 WorkerThread "GC Thread#7"                     [id=15040, stack(0x000000c6dd600000,0x000000c6dd700000) (1024K)]
Total: 10

Threads with active compile tasks:
C2 CompilerThread0  35557 5692   !   4       org.eclipse.osgi.internal.loader.BundleLoader::findClass0 (491 bytes)
C2 CompilerThread1  35557 5626   !   4       org.eclipse.osgi.internal.loader.classpath.ClasspathManager::defineClass (636 bytes)
C2 CompilerThread2  35557 5807       4       org.eclipse.jdt.internal.compiler.lookup.BinaryTypeBinding::createMethod (1666 bytes)
Total: 3

VM state: not at safepoint (normal execution)

VM Mutex/Monitor currently owned by a thread: None

Heap address: 0x00000000c0000000, size: 1024 MB, Compressed Oops mode: 32-bit

CDS archive(s) mapped at: [0x0000023d00000000-0x0000023d00ba0000-0x0000023d00ba0000), size 12189696, SharedBaseAddress: 0x0000023d00000000, ArchiveRelocationMode: 1.
Compressed class space mapped at: 0x0000023d01000000-0x0000023d41000000, reserved size: 1073741824
Narrow klass base: 0x0000023d00000000, Narrow klass shift: 0, Narrow klass range: 0x100000000

GC Precious Log:
 CardTable entry size: 512
 CPUs: 8 total, 8 available
 Memory: 7929M
 Large Page Support: Disabled
 NUMA Support: Disabled
 Compressed Oops: Enabled (32-bit)
 Alignments: Space 512K, Generation 512K, Heap 2M
 Heap Min Capacity: 100M
 Heap Initial Capacity: 100M
 Heap Max Capacity: 1G
 Pre-touch: Disabled
 Parallel Workers: 8

Heap:
 PSYoungGen      total 21504K, used 17264K [0x00000000eab00000, 0x00000000ec200000, 0x0000000100000000)
  eden space 18944K, 89% used [0x00000000eab00000,0x00000000ebb8c140,0x00000000ebd80000)
  from space 2560K, 12% used [0x00000000ebe80000,0x00000000ebed0000,0x00000000ec100000)
  to   space 1024K, 0% used [0x00000000ec100000,0x00000000ec100000,0x00000000ec200000)
 ParOldGen       total 68608K, used 31990K [0x00000000c0000000, 0x00000000c4300000, 0x00000000eab00000)
  object space 68608K, 46% used [0x00000000c0000000,0x00000000c1f3da08,0x00000000c4300000)
 Metaspace       used 43760K, committed 44864K, reserved 1114112K
  class space    used 4339K, committed 4800K, reserved 1048576K

Card table byte_map: [0x0000023d5a6a0000,0x0000023d5a8b0000] _byte_map_base: 0x0000023d5a0a0000

Marking Bits: (ParMarkBitMap*) 0x00007ffe9c0e31f0
 Begin Bits: [0x0000023d6cef0000, 0x0000023d6def0000)
 End Bits:   [0x0000023d6def0000, 0x0000023d6eef0000)

Polling page: 0x0000023d58ad0000

Metaspace:

Usage:
  Non-class:     38.50 MB used.
      Class:      4.24 MB used.
       Both:     42.74 MB used.

Virtual space:
  Non-class space:       64.00 MB reserved,      39.12 MB ( 61%) committed,  1 nodes.
      Class space:        1.00 GB reserved,       4.69 MB ( <1%) committed,  1 nodes.
             Both:        1.06 GB reserved,      43.81 MB (  4%) committed. 

Chunk freelists:
   Non-Class:  8.54 MB
       Class:  11.31 MB
        Both:  19.85 MB

MaxMetaspaceSize: unlimited
CompressedClassSpaceSize: 1.00 GB
Initial GC threshold: 21.00 MB
Current GC threshold: 58.38 MB
CDS: on
 - commit_granule_bytes: 65536.
 - commit_granule_words: 8192.
 - virtual_space_node_default_size: 8388608.
 - enlarge_chunks_in_place: 1.
 - use_allocation_guard: 0.


Internal statistics:

num_allocs_failed_limit: 6.
num_arena_births: 860.
num_arena_deaths: 28.
num_vsnodes_births: 2.
num_vsnodes_deaths: 0.
num_space_committed: 701.
num_space_uncommitted: 0.
num_chunks_returned_to_freelist: 38.
num_chunks_taken_from_freelist: 2727.
num_chunk_merges: 11.
num_chunk_splits: 1732.
num_chunks_enlarged: 1059.
num_inconsistent_stats: 0.

CodeHeap 'non-profiled nmethods': size=120000Kb used=3141Kb max_used=3141Kb free=116858Kb
 bounds [0x0000023d659c0000, 0x0000023d65ce0000, 0x0000023d6cef0000]
CodeHeap 'profiled nmethods': size=120000Kb used=12243Kb max_used=12243Kb free=107756Kb
 bounds [0x0000023d5def0000, 0x0000023d5eaf0000, 0x0000023d65420000]
CodeHeap 'non-nmethods': size=5760Kb used=1422Kb max_used=1476Kb free=4337Kb
 bounds [0x0000023d65420000, 0x0000023d65690000, 0x0000023d659c0000]
 total_blobs=6274 nmethods=5549 adapters=631
 compilation: enabled
              stopped_count=0, restarted_count=0
 full_count=0

Compilation events (20 events):
Event: 33.471 Thread 0x0000023d6f0e09f0 5914       3       org.eclipse.jdt.internal.compiler.lookup.MethodBinding::isStatic (14 bytes)
Event: 33.471 Thread 0x0000023d6f0e09f0 nmethod 5914 0x0000023d5eacd290 code [0x0000023d5eacd440, 0x0000023d5eacd5b8]
Event: 33.471 Thread 0x0000023d6f0e09f0 5915       1       org.eclipse.jdt.internal.compiler.ast.Annotation::getPersistibleAnnotation (5 bytes)
Event: 33.471 Thread 0x0000023d6f0e09f0 nmethod 5915 0x0000023d65ccfe10 code [0x0000023d65ccffa0, 0x0000023d65cd0068]
Event: 33.471 Thread 0x0000023d6f0e09f0 5916       3       jdk.internal.loader.AbstractClassLoaderValue$Sub::equals (55 bytes)
Event: 33.473 Thread 0x0000023d6f0e09f0 nmethod 5916 0x0000023d5eacd690 code [0x0000023d5eacd8a0, 0x0000023d5eacdfc0]
Event: 33.480 Thread 0x0000023d6f0e09f0 5917       3       java.lang.invoke.LambdaForm$MH/0x0000023d0112a000::invoke (27 bytes)
Event: 33.481 Thread 0x0000023d6f0e09f0 nmethod 5917 0x0000023d5eace110 code [0x0000023d5eace2e0, 0x0000023d5eace760]
Event: 33.485 Thread 0x0000023d6f0e09f0 5918       3       java.lang.StringConcatHelper::newArrayWithSuffix (40 bytes)
Event: 33.487 Thread 0x0000023d6f0e09f0 nmethod 5918 0x0000023d5eace890 code [0x0000023d5eaceaa0, 0x0000023d5eacf038]
Event: 33.488 Thread 0x0000023d6f0e09f0 5919       1       sun.util.calendar.CalendarDate::getDayOfMonth (5 bytes)
Event: 33.488 Thread 0x0000023d6f0e09f0 nmethod 5919 0x0000023d65cd0110 code [0x0000023d65cd02a0, 0x0000023d65cd0368]
Event: 33.494 Thread 0x0000023d6f0e09f0 5920       1       sun.util.calendar.CalendarDate::setNormalized (6 bytes)
Event: 34.508 Thread 0x0000023d6f0e09f0 nmethod 5920 0x0000023d65cd0410 code [0x0000023d65cd05a0, 0x0000023d65cd0670]
Event: 34.508 Thread 0x0000023d6f0e09f0 5921       1       sun.util.calendar.BaseCalendar$Date::getCachedJan1 (5 bytes)
Event: 34.509 Thread 0x0000023d6f0e09f0 nmethod 5921 0x0000023d65cd0710 code [0x0000023d65cd08a0, 0x0000023d65cd0968]
Event: 34.512 Thread 0x0000023d6f0e09f0 5922       3       org.eclipse.osgi.internal.log.EquinoxLogWriter::appendPaddedInt (76 bytes)
Event: 34.513 Thread 0x0000023d6f0e09f0 nmethod 5922 0x0000023d5eacf290 code [0x0000023d5eacf500, 0x0000023d5eacfb30]
Event: 34.514 Thread 0x0000023d6f0e09f0 5923       3       java.util.Calendar::checkDisplayNameParams (67 bytes)
Event: 35.515 Thread 0x0000023d6f0e09f0 nmethod 5923 0x0000023d5eacfe10 code [0x0000023d5ead0000, 0x0000023d5ead0560]

GC Heap History (20 events):
Event: 16.010 GC heap before
{Heap before GC invocations=16 (full 1):
 PSYoungGen      total 24064K, used 23968K [0x00000000eab00000, 0x00000000ec580000, 0x0000000100000000)
  eden space 22016K, 100% used [0x00000000eab00000,0x00000000ec080000,0x00000000ec080000)
  from space 2048K, 95% used [0x00000000ec380000,0x00000000ec568000,0x00000000ec580000)
  to   space 2560K, 0% used [0x00000000ec080000,0x00000000ec080000,0x00000000ec300000)
 ParOldGen       total 68608K, used 22421K [0x00000000c0000000, 0x00000000c4300000, 0x00000000eab00000)
  object space 68608K, 32% used [0x00000000c0000000,0x00000000c15e5520,0x00000000c4300000)
 Metaspace       used 31963K, committed 32896K, reserved 1114112K
  class space    used 3150K, committed 3520K, reserved 1048576K
}
Event: 16.016 GC heap after
{Heap after GC invocations=16 (full 1):
 PSYoungGen      total 24576K, used 2080K [0x00000000eab00000, 0x00000000ec580000, 0x0000000100000000)
  eden space 22016K, 0% used [0x00000000eab00000,0x00000000eab00000,0x00000000ec080000)
  from space 2560K, 81% used [0x00000000ec080000,0x00000000ec288010,0x00000000ec300000)
  to   space 2560K, 0% used [0x00000000ec300000,0x00000000ec300000,0x00000000ec580000)
 ParOldGen       total 68608K, used 24245K [0x00000000c0000000, 0x00000000c4300000, 0x00000000eab00000)
  object space 68608K, 35% used [0x00000000c0000000,0x00000000c17ad520,0x00000000c4300000)
 Metaspace       used 31963K, committed 32896K, reserved 1114112K
  class space    used 3150K, committed 3520K, reserved 1048576K
}
Event: 16.303 GC heap before
{Heap before GC invocations=17 (full 1):
 PSYoungGen      total 24576K, used 24096K [0x00000000eab00000, 0x00000000ec580000, 0x0000000100000000)
  eden space 22016K, 100% used [0x00000000eab00000,0x00000000ec080000,0x00000000ec080000)
  from space 2560K, 81% used [0x00000000ec080000,0x00000000ec288010,0x00000000ec300000)
  to   space 2560K, 0% used [0x00000000ec300000,0x00000000ec300000,0x00000000ec580000)
 ParOldGen       total 68608K, used 24245K [0x00000000c0000000, 0x00000000c4300000, 0x00000000eab00000)
  object space 68608K, 35% used [0x00000000c0000000,0x00000000c17ad520,0x00000000c4300000)
 Metaspace       used 32230K, committed 33152K, reserved 1114112K
  class space    used 3164K, committed 3584K, reserved 1048576K
}
Event: 16.309 GC heap after
{Heap after GC invocations=17 (full 1):
 PSYoungGen      total 21504K, used 2528K [0x00000000eab00000, 0x00000000ecb80000, 0x0000000100000000)
  eden space 18944K, 0% used [0x00000000eab00000,0x00000000eab00000,0x00000000ebd80000)
  from space 2560K, 98% used [0x00000000ec300000,0x00000000ec578070,0x00000000ec580000)
  to   space 5632K, 0% used [0x00000000ebd80000,0x00000000ebd80000,0x00000000ec300000)
 ParOldGen       total 68608K, used 26453K [0x00000000c0000000, 0x00000000c4300000, 0x00000000eab00000)
  object space 68608K, 38% used [0x00000000c0000000,0x00000000c19d5550,0x00000000c4300000)
 Metaspace       used 32230K, committed 33152K, reserved 1114112K
  class space    used 3164K, committed 3584K, reserved 1048576K
}
Event: 16.909 GC heap before
{Heap before GC invocations=18 (full 1):
 PSYoungGen      total 21504K, used 21455K [0x00000000eab00000, 0x00000000ecb80000, 0x0000000100000000)
  eden space 18944K, 99% used [0x00000000eab00000,0x00000000ebd7bc30,0x00000000ebd80000)
  from space 2560K, 98% used [0x00000000ec300000,0x00000000ec578070,0x00000000ec580000)
  to   space 5632K, 0% used [0x00000000ebd80000,0x00000000ebd80000,0x00000000ec300000)
 ParOldGen       total 68608K, used 26453K [0x00000000c0000000, 0x00000000c4300000, 0x00000000eab00000)
  object space 68608K, 38% used [0x00000000c0000000,0x00000000c19d5550,0x00000000c4300000)
 Metaspace       used 34459K, committed 35392K, reserved 1114112K
  class space    used 3399K, committed 3776K, reserved 1048576K
}
Event: 16.915 GC heap after
{Heap after GC invocations=18 (full 1):
 PSYoungGen      total 20480K, used 1172K [0x00000000eab00000, 0x00000000ec380000, 0x0000000100000000)
  eden space 18944K, 0% used [0x00000000eab00000,0x00000000eab00000,0x00000000ebd80000)
  from space 1536K, 76% used [0x00000000ebd80000,0x00000000ebea53c8,0x00000000ebf00000)
  to   space 2560K, 0% used [0x00000000ec100000,0x00000000ec100000,0x00000000ec380000)
 ParOldGen       total 68608K, used 28453K [0x00000000c0000000, 0x00000000c4300000, 0x00000000eab00000)
  object space 68608K, 41% used [0x00000000c0000000,0x00000000c1bc97c0,0x00000000c4300000)
 Metaspace       used 34459K, committed 35392K, reserved 1114112K
  class space    used 3399K, committed 3776K, reserved 1048576K
}
Event: 17.264 GC heap before
{Heap before GC invocations=19 (full 1):
 PSYoungGen      total 20480K, used 13170K [0x00000000eab00000, 0x00000000ec380000, 0x0000000100000000)
  eden space 18944K, 63% used [0x00000000eab00000,0x00000000eb6b77f0,0x00000000ebd80000)
  from space 1536K, 76% used [0x00000000ebd80000,0x00000000ebea53c8,0x00000000ebf00000)
  to   space 2560K, 0% used [0x00000000ec100000,0x00000000ec100000,0x00000000ec380000)
 ParOldGen       total 68608K, used 28453K [0x00000000c0000000, 0x00000000c4300000, 0x00000000eab00000)
  object space 68608K, 41% used [0x00000000c0000000,0x00000000c1bc97c0,0x00000000c4300000)
 Metaspace       used 34863K, committed 35840K, reserved 1114112K
  class space    used 3464K, committed 3904K, reserved 1048576K
}
Event: 17.266 GC heap after
{Heap after GC invocations=19 (full 1):
 PSYoungGen      total 19456K, used 411K [0x00000000eab00000, 0x00000000ec180000, 0x0000000100000000)
  eden space 18944K, 0% used [0x00000000eab00000,0x00000000eab00000,0x00000000ebd80000)
  from space 512K, 80% used [0x00000000ec100000,0x00000000ec166ee8,0x00000000ec180000)
  to   space 1024K, 0% used [0x00000000ebf80000,0x00000000ebf80000,0x00000000ec080000)
 ParOldGen       total 68608K, used 29527K [0x00000000c0000000, 0x00000000c4300000, 0x00000000eab00000)
  object space 68608K, 43% used [0x00000000c0000000,0x00000000c1cd5c08,0x00000000c4300000)
 Metaspace       used 34863K, committed 35840K, reserved 1114112K
  class space    used 3464K, committed 3904K, reserved 1048576K
}
Event: 17.266 GC heap before
{Heap before GC invocations=20 (full 2):
 PSYoungGen      total 19456K, used 411K [0x00000000eab00000, 0x00000000ec180000, 0x0000000100000000)
  eden space 18944K, 0% used [0x00000000eab00000,0x00000000eab00000,0x00000000ebd80000)
  from space 512K, 80% used [0x00000000ec100000,0x00000000ec166ee8,0x00000000ec180000)
  to   space 1024K, 0% used [0x00000000ebf80000,0x00000000ebf80000,0x00000000ec080000)
 ParOldGen       total 68608K, used 29527K [0x00000000c0000000, 0x00000000c4300000, 0x00000000eab00000)
  object space 68608K, 43% used [0x00000000c0000000,0x00000000c1cd5c08,0x00000000c4300000)
 Metaspace       used 34863K, committed 35840K, reserved 1114112K
  class space    used 3464K, committed 3904K, reserved 1048576K
}
Event: 17.349 GC heap after
{Heap after GC invocations=20 (full 2):
 PSYoungGen      total 19456K, used 0K [0x00000000eab00000, 0x00000000ec180000, 0x0000000100000000)
  eden space 18944K, 0% used [0x00000000eab00000,0x00000000eab00000,0x00000000ebd80000)
  from space 512K, 0% used [0x00000000ec100000,0x00000000ec100000,0x00000000ec180000)
  to   space 1024K, 0% used [0x00000000ebf80000,0x00000000ebf80000,0x00000000ec080000)
 ParOldGen       total 68608K, used 28419K [0x00000000c0000000, 0x00000000c4300000, 0x00000000eab00000)
  object space 68608K, 41% used [0x00000000c0000000,0x00000000c1bc0d78,0x00000000c4300000)
 Metaspace       used 34851K, committed 35840K, reserved 1114112K
  class space    used 3461K, committed 3904K, reserved 1048576K
}
Event: 17.796 GC heap before
{Heap before GC invocations=21 (full 2):
 PSYoungGen      total 19456K, used 18943K [0x00000000eab00000, 0x00000000ec180000, 0x0000000100000000)
  eden space 18944K, 99% used [0x00000000eab00000,0x00000000ebd7fff8,0x00000000ebd80000)
  from space 512K, 0% used [0x00000000ec100000,0x00000000ec100000,0x00000000ec180000)
  to   space 1024K, 0% used [0x00000000ebf80000,0x00000000ebf80000,0x00000000ec080000)
 ParOldGen       total 68608K, used 28419K [0x00000000c0000000, 0x00000000c4300000, 0x00000000eab00000)
  object space 68608K, 41% used [0x00000000c0000000,0x00000000c1bc0d78,0x00000000c4300000)
 Metaspace       used 36163K, committed 37184K, reserved 1114112K
  class space    used 3584K, committed 4096K, reserved 1048576K
}
Event: 17.797 GC heap after
{Heap after GC invocations=21 (full 2):
 PSYoungGen      total 19968K, used 576K [0x00000000eab00000, 0x00000000ec180000, 0x0000000100000000)
  eden space 18944K, 0% used [0x00000000eab00000,0x00000000eab00000,0x00000000ebd80000)
  from space 1024K, 56% used [0x00000000ebf80000,0x00000000ec010010,0x00000000ec080000)
  to   space 1024K, 0% used [0x00000000ec080000,0x00000000ec080000,0x00000000ec180000)
 ParOldGen       total 68608K, used 28427K [0x00000000c0000000, 0x00000000c4300000, 0x00000000eab00000)
  object space 68608K, 41% used [0x00000000c0000000,0x00000000c1bc2d78,0x00000000c4300000)
 Metaspace       used 36163K, committed 37184K, reserved 1114112K
  class space    used 3584K, committed 4096K, reserved 1048576K
}
Event: 18.731 GC heap before
{Heap before GC invocations=22 (full 2):
 PSYoungGen      total 19968K, used 19520K [0x00000000eab00000, 0x00000000ec180000, 0x0000000100000000)
  eden space 18944K, 100% used [0x00000000eab00000,0x00000000ebd80000,0x00000000ebd80000)
  from space 1024K, 56% used [0x00000000ebf80000,0x00000000ec010010,0x00000000ec080000)
  to   space 1024K, 0% used [0x00000000ec080000,0x00000000ec080000,0x00000000ec180000)
 ParOldGen       total 68608K, used 28427K [0x00000000c0000000, 0x00000000c4300000, 0x00000000eab00000)
  object space 68608K, 41% used [0x00000000c0000000,0x00000000c1bc2d78,0x00000000c4300000)
 Metaspace       used 38585K, committed 39616K, reserved 1114112K
  class space    used 3808K, committed 4288K, reserved 1048576K
}
Event: 18.734 GC heap after
{Heap after GC invocations=22 (full 2):
 PSYoungGen      total 19968K, used 1024K [0x00000000eab00000, 0x00000000ec180000, 0x0000000100000000)
  eden space 18944K, 0% used [0x00000000eab00000,0x00000000eab00000,0x00000000ebd80000)
  from space 1024K, 100% used [0x00000000ec080000,0x00000000ec180000,0x00000000ec180000)
  to   space 2048K, 0% used [0x00000000ebd80000,0x00000000ebd80000,0x00000000ebf80000)
 ParOldGen       total 68608K, used 28803K [0x00000000c0000000, 0x00000000c4300000, 0x00000000eab00000)
  object space 68608K, 41% used [0x00000000c0000000,0x00000000c1c20d78,0x00000000c4300000)
 Metaspace       used 38585K, committed 39616K, reserved 1114112K
  class space    used 3808K, committed 4288K, reserved 1048576K
}
Event: 19.174 GC heap before
{Heap before GC invocations=23 (full 2):
 PSYoungGen      total 19968K, used 19968K [0x00000000eab00000, 0x00000000ec180000, 0x0000000100000000)
  eden space 18944K, 100% used [0x00000000eab00000,0x00000000ebd80000,0x00000000ebd80000)
  from space 1024K, 100% used [0x00000000ec080000,0x00000000ec180000,0x00000000ec180000)
  to   space 2048K, 0% used [0x00000000ebd80000,0x00000000ebd80000,0x00000000ebf80000)
 ParOldGen       total 68608K, used 28803K [0x00000000c0000000, 0x00000000c4300000, 0x00000000eab00000)
  object space 68608K, 41% used [0x00000000c0000000,0x00000000c1c20d78,0x00000000c4300000)
 Metaspace       used 39780K, committed 40832K, reserved 1114112K
  class space    used 3940K, committed 4416K, reserved 1048576K
}
Event: 19.178 GC heap after
{Heap after GC invocations=23 (full 2):
 PSYoungGen      total 20992K, used 2022K [0x00000000eab00000, 0x00000000ec580000, 0x0000000100000000)
  eden space 18944K, 0% used [0x00000000eab00000,0x00000000eab00000,0x00000000ebd80000)
  from space 2048K, 98% used [0x00000000ebd80000,0x00000000ebf79950,0x00000000ebf80000)
  to   space 4096K, 0% used [0x00000000ec180000,0x00000000ec180000,0x00000000ec580000)
 ParOldGen       total 68608K, used 30212K [0x00000000c0000000, 0x00000000c4300000, 0x00000000eab00000)
  object space 68608K, 44% used [0x00000000c0000000,0x00000000c1d81338,0x00000000c4300000)
 Metaspace       used 39780K, committed 40832K, reserved 1114112K
  class space    used 3940K, committed 4416K, reserved 1048576K
}
Event: 19.286 GC heap before
{Heap before GC invocations=24 (full 2):
 PSYoungGen      total 20992K, used 20786K [0x00000000eab00000, 0x00000000ec580000, 0x0000000100000000)
  eden space 18944K, 99% used [0x00000000eab00000,0x00000000ebd530f8,0x00000000ebd80000)
  from space 2048K, 98% used [0x00000000ebd80000,0x00000000ebf79950,0x00000000ebf80000)
  to   space 4096K, 0% used [0x00000000ec180000,0x00000000ec180000,0x00000000ec580000)
 ParOldGen       total 68608K, used 30212K [0x00000000c0000000, 0x00000000c4300000, 0x00000000eab00000)
  object space 68608K, 44% used [0x00000000c0000000,0x00000000c1d81338,0x00000000c4300000)
 Metaspace       used 39947K, committed 41024K, reserved 1114112K
  class space    used 3946K, committed 4416K, reserved 1048576K
}
Event: 19.289 GC heap after
{Heap after GC invocations=24 (full 2):
 PSYoungGen      total 20992K, used 1971K [0x00000000eab00000, 0x00000000ec380000, 0x0000000100000000)
  eden space 18944K, 0% used [0x00000000eab00000,0x00000000eab00000,0x00000000ebd80000)
  from space 2048K, 96% used [0x00000000ec180000,0x00000000ec36ccd0,0x00000000ec380000)
  to   space 2560K, 0% used [0x00000000ebe80000,0x00000000ebe80000,0x00000000ec100000)
 ParOldGen       total 68608K, used 31606K [0x00000000c0000000, 0x00000000c4300000, 0x00000000eab00000)
  object space 68608K, 46% used [0x00000000c0000000,0x00000000c1edda08,0x00000000c4300000)
 Metaspace       used 39947K, committed 41024K, reserved 1114112K
  class space    used 3946K, committed 4416K, reserved 1048576K
}
Event: 19.740 GC heap before
{Heap before GC invocations=25 (full 2):
 PSYoungGen      total 20992K, used 20915K [0x00000000eab00000, 0x00000000ec380000, 0x0000000100000000)
  eden space 18944K, 100% used [0x00000000eab00000,0x00000000ebd80000,0x00000000ebd80000)
  from space 2048K, 96% used [0x00000000ec180000,0x00000000ec36ccd0,0x00000000ec380000)
  to   space 2560K, 0% used [0x00000000ebe80000,0x00000000ebe80000,0x00000000ec100000)
 ParOldGen       total 68608K, used 31606K [0x00000000c0000000, 0x00000000c4300000, 0x00000000eab00000)
  object space 68608K, 46% used [0x00000000c0000000,0x00000000c1edda08,0x00000000c4300000)
 Metaspace       used 41475K, committed 42496K, reserved 1114112K
  class space    used 4071K, committed 4544K, reserved 1048576K
}
Event: 19.742 GC heap after
{Heap after GC invocations=25 (full 2):
 PSYoungGen      total 21504K, used 320K [0x00000000eab00000, 0x00000000ec200000, 0x0000000100000000)
  eden space 18944K, 0% used [0x00000000eab00000,0x00000000eab00000,0x00000000ebd80000)
  from space 2560K, 12% used [0x00000000ebe80000,0x00000000ebed0000,0x00000000ec100000)
  to   space 1024K, 0% used [0x00000000ec100000,0x00000000ec100000,0x00000000ec200000)
 ParOldGen       total 68608K, used 31990K [0x00000000c0000000, 0x00000000c4300000, 0x00000000eab00000)
  object space 68608K, 46% used [0x00000000c0000000,0x00000000c1f3da08,0x00000000c4300000)
 Metaspace       used 41475K, committed 42496K, reserved 1114112K
  class space    used 4071K, committed 4544K, reserved 1048576K
}

Dll operation events (10 events):
Event: 0.072 Loaded shared library c:\Users\ASUS\.vscode\extensions\redhat.java-1.42.0-win32-x64\jre\21.0.7-win32-x86_64\bin\java.dll
Event: 0.214 Loaded shared library c:\Users\ASUS\.vscode\extensions\redhat.java-1.42.0-win32-x64\jre\21.0.7-win32-x86_64\bin\zip.dll
Event: 0.252 Loaded shared library C:\Users\ASUS\.vscode\extensions\redhat.java-1.42.0-win32-x64\jre\21.0.7-win32-x86_64\bin\instrument.dll
Event: 0.257 Loaded shared library C:\Users\ASUS\.vscode\extensions\redhat.java-1.42.0-win32-x64\jre\21.0.7-win32-x86_64\bin\net.dll
Event: 0.261 Loaded shared library C:\Users\ASUS\.vscode\extensions\redhat.java-1.42.0-win32-x64\jre\21.0.7-win32-x86_64\bin\nio.dll
Event: 0.267 Loaded shared library C:\Users\ASUS\.vscode\extensions\redhat.java-1.42.0-win32-x64\jre\21.0.7-win32-x86_64\bin\zip.dll
Event: 0.301 Loaded shared library C:\Users\ASUS\.vscode\extensions\redhat.java-1.42.0-win32-x64\jre\21.0.7-win32-x86_64\bin\jimage.dll
Event: 0.477 Loaded shared library c:\Users\ASUS\.vscode\extensions\redhat.java-1.42.0-win32-x64\jre\21.0.7-win32-x86_64\bin\verify.dll
Event: 10.257 Loaded shared library C:\Users\ASUS\AppData\Roaming\Code\User\globalStorage\redhat.java\1.42.0\config_ss_win\org.eclipse.equinox.launcher\org.eclipse.equinox.launcher.win32.win32.x86_64_1.2.1300.v20250331-1702\eclipse_11911.dll
Event: 11.752 Loaded shared library C:\Users\ASUS\AppData\Local\Temp\jna-2018896\jna9320195417090353140.dll

Deoptimization events (20 events):
Event: 33.051 Thread 0x0000023d777b17d0 DEOPT PACKING pc=0x0000023d65c88504 sp=0x000000c6deffdf70
Event: 33.051 Thread 0x0000023d777b17d0 DEOPT UNPACKING pc=0x0000023d65476da2 sp=0x000000c6deffdf08 mode 2
Event: 33.102 Thread 0x0000023d777b17d0 Uncommon trap: trap_request=0xffffffbe fr.pc=0x0000023d65bdc1f4 relative=0x0000000000000974
Event: 33.102 Thread 0x0000023d777b17d0 Uncommon trap: reason=profile_predicate action=maybe_recompile pc=0x0000023d65bdc1f4 method=java.util.ArrayList.equalsRange(Ljava/util/List;II)Z @ 31 c2
Event: 33.102 Thread 0x0000023d777b17d0 DEOPT PACKING pc=0x0000023d65bdc1f4 sp=0x000000c6deffe270
Event: 33.102 Thread 0x0000023d777b17d0 DEOPT UNPACKING pc=0x0000023d65476da2 sp=0x000000c6deffe218 mode 2
Event: 33.202 Thread 0x0000023d777af700 Uncommon trap: trap_request=0xffffff6e fr.pc=0x0000023d65cc71e4 relative=0x0000000000000384
Event: 33.202 Thread 0x0000023d777af700 Uncommon trap: reason=loop_limit_check action=maybe_recompile pc=0x0000023d65cc71e4 method=org.eclipse.jdt.core.compiler.CharOperation.concatWith([[CC)[C @ 121 c2
Event: 33.202 Thread 0x0000023d777af700 DEOPT PACKING pc=0x0000023d65cc71e4 sp=0x000000c6deafe620
Event: 33.202 Thread 0x0000023d777af700 DEOPT UNPACKING pc=0x0000023d65476da2 sp=0x000000c6deafe5d0 mode 2
Event: 33.365 Thread 0x0000023d777af700 DEOPT PACKING pc=0x0000023d5e9af100 sp=0x000000c6deafe370
Event: 33.365 Thread 0x0000023d777af700 DEOPT UNPACKING pc=0x0000023d654778e2 sp=0x000000c6deafd820 mode 0
Event: 33.366 Thread 0x0000023d777af700 DEOPT PACKING pc=0x0000023d5e9af100 sp=0x000000c6deafe290
Event: 33.366 Thread 0x0000023d777af700 DEOPT UNPACKING pc=0x0000023d654778e2 sp=0x000000c6deafd740 mode 0
Event: 33.367 Thread 0x0000023d777af700 DEOPT PACKING pc=0x0000023d5e9af180 sp=0x000000c6deafe370
Event: 33.367 Thread 0x0000023d777af700 DEOPT UNPACKING pc=0x0000023d654778e2 sp=0x000000c6deafd820 mode 0
Event: 33.367 Thread 0x0000023d777af700 DEOPT PACKING pc=0x0000023d5e9af100 sp=0x000000c6deafe290
Event: 33.367 Thread 0x0000023d777af700 DEOPT UNPACKING pc=0x0000023d654778e2 sp=0x000000c6deafd740 mode 0
Event: 33.368 Thread 0x0000023d777af700 DEOPT PACKING pc=0x0000023d5e9af180 sp=0x000000c6deafe2c0
Event: 33.368 Thread 0x0000023d777af700 DEOPT UNPACKING pc=0x0000023d654778e2 sp=0x000000c6deafd770 mode 0

Classes loaded (20 events):
Event: 19.799 Loading class java/util/concurrent/ConcurrentHashMap$TreeNode
Event: 19.801 Loading class java/util/concurrent/ConcurrentHashMap$TreeNode done
Event: 19.801 Loading class java/util/concurrent/ConcurrentHashMap$TreeBin
Event: 19.801 Loading class java/util/concurrent/ConcurrentHashMap$TreeBin done
Event: 32.070 Loading class java/util/Collections$SynchronizedRandomAccessList
Event: 32.070 Loading class java/util/Collections$SynchronizedList
Event: 32.077 Loading class java/util/Collections$SynchronizedList done
Event: 32.078 Loading class java/util/Collections$SynchronizedRandomAccessList done
Event: 32.180 Loading class java/util/concurrent/CompletableFuture$Signaller
Event: 32.180 Loading class java/util/concurrent/CompletableFuture$Signaller done
Event: 32.231 Loading class java/util/stream/ReferencePipeline$4
Event: 32.232 Loading class java/util/stream/ReferencePipeline$4 done
Event: 32.236 Loading class java/util/stream/Nodes$IntFixedNodeBuilder
Event: 32.237 Loading class java/util/stream/Node$Builder$OfInt
Event: 32.237 Loading class java/util/stream/Node$Builder$OfInt done
Event: 32.237 Loading class java/util/stream/Nodes$IntArrayNode
Event: 32.238 Loading class java/util/stream/Nodes$IntArrayNode done
Event: 32.238 Loading class java/util/stream/Nodes$IntFixedNodeBuilder done
Event: 32.238 Loading class java/util/stream/ReferencePipeline$4$1
Event: 32.238 Loading class java/util/stream/ReferencePipeline$4$1 done

Classes unloaded (14 events):
Event: 12.341 Thread 0x0000023d6f092840 Unloading class 0x0000023d01184800 'java/lang/invoke/LambdaForm$MH+0x0000023d01184800'
Event: 12.341 Thread 0x0000023d6f092840 Unloading class 0x0000023d01184400 'java/lang/invoke/LambdaForm$MH+0x0000023d01184400'
Event: 12.341 Thread 0x0000023d6f092840 Unloading class 0x0000023d01184000 'java/lang/invoke/LambdaForm$MH+0x0000023d01184000'
Event: 12.341 Thread 0x0000023d6f092840 Unloading class 0x0000023d01183c00 'java/lang/invoke/LambdaForm$MH+0x0000023d01183c00'
Event: 12.341 Thread 0x0000023d6f092840 Unloading class 0x0000023d01183800 'java/lang/invoke/LambdaForm$BMH+0x0000023d01183800'
Event: 12.341 Thread 0x0000023d6f092840 Unloading class 0x0000023d01183400 'java/lang/invoke/LambdaForm$DMH+0x0000023d01183400'
Event: 12.341 Thread 0x0000023d6f092840 Unloading class 0x0000023d01182000 'java/lang/invoke/LambdaForm$DMH+0x0000023d01182000'
Event: 17.281 Thread 0x0000023d6f092840 Unloading class 0x0000023d01380800 'java/lang/invoke/LambdaForm$MH+0x0000023d01380800'
Event: 17.281 Thread 0x0000023d6f092840 Unloading class 0x0000023d01380000 'java/lang/invoke/LambdaForm$MH+0x0000023d01380000'
Event: 17.281 Thread 0x0000023d6f092840 Unloading class 0x0000023d0137f800 'java/lang/invoke/LambdaForm$MH+0x0000023d0137f800'
Event: 17.281 Thread 0x0000023d6f092840 Unloading class 0x0000023d0137f000 'java/lang/invoke/LambdaForm$MH+0x0000023d0137f000'
Event: 17.281 Thread 0x0000023d6f092840 Unloading class 0x0000023d0137e800 'java/lang/invoke/LambdaForm$MH+0x0000023d0137e800'
Event: 17.281 Thread 0x0000023d6f092840 Unloading class 0x0000023d0137e000 'java/lang/invoke/LambdaForm$DMH+0x0000023d0137e000'
Event: 17.281 Thread 0x0000023d6f092840 Unloading class 0x0000023d0137dc00 'java/lang/invoke/LambdaForm$MH+0x0000023d0137dc00'

Classes redefined (0 events):
No events

Internal exceptions (20 events):
Event: 17.836 Thread 0x0000023d777b17d0 Exception <a 'java/lang/NoSuchMethodError'{0x00000000ead09120}: 'java.lang.Object java.lang.invoke.DirectMethodHandle$Holder.invokeSpecial(java.lang.Object, java.lang.Object, java.lang.Object, java.lang.Object, int, java.lang.Object, java.lang.Object)'> (0x00000000ead09120) 
thrown [s\src\hotspot\share\interpreter\linkResolver.cpp, line 773]
Event: 18.062 Thread 0x0000023d777af070 Exception <a 'java/lang/ClassNotFoundException'{0x00000000eb5e0ac0}: sun/util/logging/resources/spi/loggingProvider> (0x00000000eb5e0ac0) 
thrown [s\src\hotspot\share\classfile\systemDictionary.cpp, line 312]
Event: 18.067 Thread 0x0000023d777af070 Exception <a 'java/lang/IncompatibleClassChangeError'{0x00000000eb6000a8}: Found class java.lang.Object, but interface was expected> (0x00000000eb6000a8) 
thrown [s\src\hotspot\share\interpreter\linkResolver.cpp, line 840]
Event: 18.079 Thread 0x0000023d777af070 Exception <a 'java/lang/IncompatibleClassChangeError'{0x00000000eb62a4a0}: Found class java.lang.Object, but interface was expected> (0x00000000eb62a4a0) 
thrown [s\src\hotspot\share\interpreter\linkResolver.cpp, line 840]
Event: 18.441 Thread 0x0000023d75139d80 Exception <a 'java/lang/NoSuchMethodError'{0x00000000eb6916e0}: 'java.lang.Object java.lang.invoke.DirectMethodHandle$Holder.invokeSpecial(java.lang.Object, java.lang.Object, int, long)'> (0x00000000eb6916e0) 
thrown [s\src\hotspot\share\interpreter\linkResolver.cpp, line 773]
Event: 18.549 Thread 0x0000023d777b17d0 Exception <a 'java/lang/NoSuchMethodError'{0x00000000eb9a4878}: 'int java.lang.invoke.Invokers$Holder.invokeExact_MT(java.lang.Object, java.lang.Object)'> (0x00000000eb9a4878) 
thrown [s\src\hotspot\share\interpreter\linkResolver.cpp, line 773]
Event: 18.660 Thread 0x0000023d777b17d0 Exception <a 'java/lang/NoSuchMethodError'{0x00000000ebb4e230}: 'int java.lang.invoke.DirectMethodHandle$Holder.invokeInterface(java.lang.Object, java.lang.Object)'> (0x00000000ebb4e230) 
thrown [s\src\hotspot\share\interpreter\linkResolver.cpp, line 773]
Event: 18.660 Thread 0x0000023d777b17d0 Exception <a 'java/lang/IncompatibleClassChangeError'{0x00000000ebb51760}: Found class java.lang.Object, but interface was expected> (0x00000000ebb51760) 
thrown [s\src\hotspot\share\interpreter\linkResolver.cpp, line 840]
Event: 18.775 Thread 0x0000023d777b17d0 Exception <a 'java/lang/NoSuchMethodError'{0x00000000eabd0498}: 'int java.lang.invoke.DirectMethodHandle$Holder.invokeSpecialIFC(java.lang.Object, java.lang.Object, java.lang.Object)'> (0x00000000eabd0498) 
thrown [s\src\hotspot\share\interpreter\linkResolver.cpp, line 773]
Event: 18.801 Thread 0x0000023d777b17d0 Exception <a 'java/io/FileNotFoundException'{0x00000000eac87978}> (0x00000000eac87978) 
thrown [s\src\hotspot\share\prims\jni.cpp, line 520]
Event: 18.801 Thread 0x0000023d777b17d0 Exception <a 'java/io/FileNotFoundException'{0x00000000eac88970}> (0x00000000eac88970) 
thrown [s\src\hotspot\share\prims\jni.cpp, line 520]
Event: 19.037 Thread 0x0000023d777b17d0 Exception <a 'java/lang/NoSuchMethodError'{0x00000000eb158448}: 'void java.lang.invoke.DirectMethodHandle$Holder.invokeVirtual(java.lang.Object, java.lang.Object, java.lang.Object, java.lang.Object, java.lang.Object)'> (0x00000000eb158448) 
thrown [s\src\hotspot\share\interpreter\linkResolver.cpp, line 773]
Event: 19.155 Thread 0x0000023d75139d80 Exception <a 'java/io/FileNotFoundException'{0x00000000eb874d08}> (0x00000000eb874d08) 
thrown [s\src\hotspot\share\prims\jni.cpp, line 520]
Event: 19.156 Thread 0x0000023d75139d80 Exception <a 'java/io/FileNotFoundException'{0x00000000eb885f58}> (0x00000000eb885f58) 
thrown [s\src\hotspot\share\prims\jni.cpp, line 520]
Event: 19.156 Thread 0x0000023d75139d80 Exception <a 'java/io/FileNotFoundException'{0x00000000eb886cc0}> (0x00000000eb886cc0) 
thrown [s\src\hotspot\share\prims\jni.cpp, line 520]
Event: 29.331 Thread 0x0000023d777af070 Exception <a 'java/lang/IncompatibleClassChangeError'{0x00000000eaca2450}: Found class java.lang.Object, but interface was expected> (0x00000000eaca2450) 
thrown [s\src\hotspot\share\interpreter\linkResolver.cpp, line 840]
Event: 32.160 Thread 0x0000023d777af070 Exception <a 'java/lang/IncompatibleClassChangeError'{0x00000000eaf44120}: Found class java.lang.Object, but interface was expected> (0x00000000eaf44120) 
thrown [s\src\hotspot\share\interpreter\linkResolver.cpp, line 840]
Event: 32.649 Thread 0x0000023d777b17d0 Exception <a 'java/lang/ArrayIndexOutOfBoundsException'{0x00000000eb361588}: Index 1563 out of bounds for length 1563> (0x00000000eb361588) 
thrown [s\src\hotspot\share\interpreter\interpreterRuntime.cpp, line 439]
Event: 32.649 Thread 0x0000023d777b17d0 Exception <a 'java/lang/ArrayIndexOutOfBoundsException'{0x00000000eb361918}: Index 1563 out of bounds for length 1563> (0x00000000eb361918) 
thrown [s\src\hotspot\share\interpreter\interpreterRuntime.cpp, line 439]
Event: 32.649 Thread 0x0000023d777b17d0 Exception <a 'java/lang/ArrayIndexOutOfBoundsException'{0x00000000eb361ca8}: Index 1564 out of bounds for length 1563> (0x00000000eb361ca8) 
thrown [s\src\hotspot\share\interpreter\interpreterRuntime.cpp, line 439]

ZGC Phase Switch (0 events):
No events

VM Operations (20 events):
Event: 20.745 Executing VM operation: Cleanup
Event: 20.745 Executing VM operation: Cleanup done
Event: 29.830 Executing VM operation: Cleanup
Event: 29.830 Executing VM operation: Cleanup done
Event: 32.051 Executing VM operation: HandshakeAllThreads (Deoptimize)
Event: 32.051 Executing VM operation: HandshakeAllThreads (Deoptimize) done
Event: 32.051 Executing VM operation: Cleanup
Event: 32.051 Executing VM operation: Cleanup done
Event: 32.054 Executing VM operation: HandshakeAllThreads (Deoptimize)
Event: 32.054 Executing VM operation: HandshakeAllThreads (Deoptimize) done
Event: 32.303 Executing VM operation: HandshakeAllThreads (Deoptimize)
Event: 32.303 Executing VM operation: HandshakeAllThreads (Deoptimize) done
Event: 32.453 Executing VM operation: HandshakeAllThreads (Deoptimize)
Event: 32.453 Executing VM operation: HandshakeAllThreads (Deoptimize) done
Event: 32.466 Executing VM operation: HandshakeAllThreads (Deoptimize)
Event: 32.466 Executing VM operation: HandshakeAllThreads (Deoptimize) done
Event: 33.394 Executing VM operation: ICBufferFull
Event: 33.395 Executing VM operation: ICBufferFull done
Event: 34.406 Executing VM operation: Cleanup
Event: 34.508 Executing VM operation: Cleanup done

Memory protections (0 events):
No events

Nmethod flushes (20 events):
Event: 17.298 Thread 0x0000023d6f092840 flushing  nmethod 0x0000023d5e209910
Event: 17.298 Thread 0x0000023d6f092840 flushing  nmethod 0x0000023d5e20f810
Event: 17.298 Thread 0x0000023d6f092840 flushing  nmethod 0x0000023d5e215510
Event: 17.298 Thread 0x0000023d6f092840 flushing  nmethod 0x0000023d5e22d190
Event: 17.298 Thread 0x0000023d6f092840 flushing  nmethod 0x0000023d5e23ac90
Event: 17.298 Thread 0x0000023d6f092840 flushing  nmethod 0x0000023d5e23af90
Event: 17.298 Thread 0x0000023d6f092840 flushing  nmethod 0x0000023d5e24f590
Event: 17.298 Thread 0x0000023d6f092840 flushing  nmethod 0x0000023d5e24f910
Event: 17.298 Thread 0x0000023d6f092840 flushing  nmethod 0x0000023d5e2c4110
Event: 17.298 Thread 0x0000023d6f092840 flushing  nmethod 0x0000023d5e310b90
Event: 17.298 Thread 0x0000023d6f092840 flushing  nmethod 0x0000023d5e311010
Event: 17.298 Thread 0x0000023d6f092840 flushing  nmethod 0x0000023d5e311990
Event: 17.298 Thread 0x0000023d6f092840 flushing  nmethod 0x0000023d5e33d110
Event: 17.298 Thread 0x0000023d6f092840 flushing  nmethod 0x0000023d5e33db10
Event: 17.298 Thread 0x0000023d6f092840 flushing  nmethod 0x0000023d5e342a10
Event: 17.298 Thread 0x0000023d6f092840 flushing  nmethod 0x0000023d5e383990
Event: 17.298 Thread 0x0000023d6f092840 flushing  nmethod 0x0000023d5e3c1690
Event: 17.298 Thread 0x0000023d6f092840 flushing  nmethod 0x0000023d5e3c8490
Event: 17.298 Thread 0x0000023d6f092840 flushing  nmethod 0x0000023d5e3cae90
Event: 17.298 Thread 0x0000023d6f092840 flushing  nmethod 0x0000023d5e3d0710

Events (20 events):
Event: 14.072 Thread 0x0000023d6f0e0320 Thread exited: 0x0000023d6f0e0320
Event: 14.786 Thread 0x0000023d777af070 Thread added: 0x0000023d777ae9e0
Event: 15.179 Thread 0x0000023d6f0c4c40 Thread added: 0x0000023d6f0e10c0
Event: 15.358 Thread 0x0000023d6f0e10c0 Thread added: 0x0000023d6f0e0320
Event: 15.972 Thread 0x0000023d777af070 Thread added: 0x0000023d777b0ab0
Event: 16.019 Thread 0x0000023d777af070 Thread added: 0x0000023d777b17d0
Event: 16.037 Thread 0x0000023d777af070 Thread added: 0x0000023d777ae350
Event: 16.774 Thread 0x0000023d6f0e0320 Thread exited: 0x0000023d6f0e0320
Event: 16.855 Thread 0x0000023d750ded00 Thread exited: 0x0000023d750ded00
Event: 17.518 Thread 0x0000023d6f0e10c0 Thread exited: 0x0000023d6f0e10c0
Event: 17.968 Thread 0x0000023d6f0e09f0 Thread added: 0x0000023d6f0dfc50
Event: 18.070 Thread 0x0000023d6f0e09f0 Thread added: 0x0000023d6f0e32d0
Event: 18.187 Thread 0x0000023d6f0dfc50 Thread exited: 0x0000023d6f0dfc50
Event: 18.187 Thread 0x0000023d6f0e32d0 Thread exited: 0x0000023d6f0e32d0
Event: 18.583 Thread 0x0000023d6f0c4c40 Thread added: 0x0000023d6f0e1e60
Event: 19.196 Thread 0x0000023d6f0e09f0 Thread added: 0x0000023d6f0e2530
Event: 25.558 Thread 0x0000023d6f0e2530 Thread exited: 0x0000023d6f0e2530
Event: 29.324 Thread 0x0000023d6f0e1e60 Thread exited: 0x0000023d6f0e1e60
Event: 32.266 Thread 0x0000023d6f0e09f0 Thread added: 0x0000023d6f0e2c00
Event: 33.009 Thread 0x0000023d6f0e09f0 Thread added: 0x0000023d6f0dfc50


Dynamic libraries:
0x00007ff638e30000 - 0x00007ff638e3e000 	c:\Users\ASUS\.vscode\extensions\redhat.java-1.42.0-win32-x64\jre\21.0.7-win32-x86_64\bin\java.exe
0x00007fff329e0000 - 0x00007fff32c45000 	C:\WINDOWS\SYSTEM32\ntdll.dll
0x00007fff32200000 - 0x00007fff322c9000 	C:\WINDOWS\System32\KERNEL32.DLL
0x00007fff30190000 - 0x00007fff30578000 	C:\WINDOWS\System32\KERNELBASE.dll
0x00007fff2fe00000 - 0x00007fff2ff4b000 	C:\WINDOWS\System32\ucrtbase.dll
0x00007fff245c0000 - 0x00007fff245de000 	c:\Users\ASUS\.vscode\extensions\redhat.java-1.42.0-win32-x64\jre\21.0.7-win32-x86_64\bin\VCRUNTIME140.dll
0x00007fff22780000 - 0x00007fff22798000 	c:\Users\ASUS\.vscode\extensions\redhat.java-1.42.0-win32-x64\jre\21.0.7-win32-x86_64\bin\jli.dll
0x00007fff31cb0000 - 0x00007fff31e7a000 	C:\WINDOWS\System32\USER32.dll
0x00007fff2ff50000 - 0x00007fff2ff77000 	C:\WINDOWS\System32\win32u.dll
0x00007fff31bc0000 - 0x00007fff31beb000 	C:\WINDOWS\System32\GDI32.dll
0x00007fff1b330000 - 0x00007fff1b5ca000 	C:\WINDOWS\WinSxS\amd64_microsoft.windows.common-controls_6595b64144ccf1df_6.0.26100.4202_none_3e0698d4e335f517\COMCTL32.dll
0x00007fff30580000 - 0x00007fff306b7000 	C:\WINDOWS\System32\gdi32full.dll
0x00007fff30b20000 - 0x00007fff30bc9000 	C:\WINDOWS\System32\msvcrt.dll
0x00007fff2fbd0000 - 0x00007fff2fc73000 	C:\WINDOWS\System32\msvcp_win.dll
0x00007fff31c70000 - 0x00007fff31ca0000 	C:\WINDOWS\System32\IMM32.DLL
0x00007fff2a370000 - 0x00007fff2a37c000 	c:\Users\ASUS\.vscode\extensions\redhat.java-1.42.0-win32-x64\jre\21.0.7-win32-x86_64\bin\vcruntime140_1.dll
0x00007ffef4100000 - 0x00007ffef418d000 	c:\Users\ASUS\.vscode\extensions\redhat.java-1.42.0-win32-x64\jre\21.0.7-win32-x86_64\bin\msvcp140.dll
0x00007ffe9b430000 - 0x00007ffe9c1c0000 	c:\Users\ASUS\.vscode\extensions\redhat.java-1.42.0-win32-x64\jre\21.0.7-win32-x86_64\bin\server\jvm.dll
0x00007fff32350000 - 0x00007fff32403000 	C:\WINDOWS\System32\ADVAPI32.dll
0x00007fff30cf0000 - 0x00007fff30d96000 	C:\WINDOWS\System32\sechost.dll
0x00007fff30bd0000 - 0x00007fff30ce5000 	C:\WINDOWS\System32\RPCRT4.dll
0x00007fff30da0000 - 0x00007fff30e14000 	C:\WINDOWS\System32\WS2_32.dll
0x00007fff2f9a0000 - 0x00007fff2f9fe000 	C:\WINDOWS\SYSTEM32\POWRPROF.dll
0x00007fff1c4c0000 - 0x00007fff1c4f5000 	C:\WINDOWS\SYSTEM32\WINMM.dll
0x00007fff24890000 - 0x00007fff2489b000 	C:\WINDOWS\SYSTEM32\VERSION.dll
0x00007fff2f980000 - 0x00007fff2f994000 	C:\WINDOWS\SYSTEM32\UMPDC.dll
0x00007fff2e8f0000 - 0x00007fff2e90b000 	C:\WINDOWS\SYSTEM32\kernel.appcore.dll
0x00007fff27e30000 - 0x00007fff27e3a000 	c:\Users\ASUS\.vscode\extensions\redhat.java-1.42.0-win32-x64\jre\21.0.7-win32-x86_64\bin\jimage.dll
0x00007fff2c710000 - 0x00007fff2c951000 	C:\WINDOWS\SYSTEM32\DBGHELP.DLL
0x00007fff317c0000 - 0x00007fff31b45000 	C:\WINDOWS\System32\combase.dll
0x00007fff32410000 - 0x00007fff324f1000 	C:\WINDOWS\System32\OLEAUT32.dll
0x00007fff19fa0000 - 0x00007fff19fd9000 	C:\WINDOWS\SYSTEM32\dbgcore.DLL
0x00007fff2fb30000 - 0x00007fff2fbc9000 	C:\WINDOWS\System32\bcryptPrimitives.dll
0x00007fff27ab0000 - 0x00007fff27abf000 	c:\Users\ASUS\.vscode\extensions\redhat.java-1.42.0-win32-x64\jre\21.0.7-win32-x86_64\bin\instrument.dll
0x00007fff21050000 - 0x00007fff2106f000 	c:\Users\ASUS\.vscode\extensions\redhat.java-1.42.0-win32-x64\jre\21.0.7-win32-x86_64\bin\java.dll
0x00007fff31070000 - 0x00007fff317b2000 	C:\WINDOWS\System32\SHELL32.dll
0x00007fff2fc80000 - 0x00007fff2fdf4000 	C:\WINDOWS\System32\wintypes.dll
0x00007fff2d7d0000 - 0x00007fff2e027000 	C:\WINDOWS\SYSTEM32\windows.storage.dll
0x00007fff31f10000 - 0x00007fff32001000 	C:\WINDOWS\System32\SHCORE.dll
0x00007fff30e20000 - 0x00007fff30e8a000 	C:\WINDOWS\System32\shlwapi.dll
0x00007fff2fa40000 - 0x00007fff2fa6f000 	C:\WINDOWS\SYSTEM32\profapi.dll
0x00007fff20ce0000 - 0x00007fff20cf8000 	c:\Users\ASUS\.vscode\extensions\redhat.java-1.42.0-win32-x64\jre\21.0.7-win32-x86_64\bin\zip.dll
0x00007fff248a0000 - 0x00007fff248b0000 	C:\Users\ASUS\.vscode\extensions\redhat.java-1.42.0-win32-x64\jre\21.0.7-win32-x86_64\bin\net.dll
0x00007fff27cf0000 - 0x00007fff27e0e000 	C:\WINDOWS\SYSTEM32\WINHTTP.dll
0x00007fff2ee60000 - 0x00007fff2eeca000 	C:\WINDOWS\system32\mswsock.dll
0x00007fff21030000 - 0x00007fff21046000 	C:\Users\ASUS\.vscode\extensions\redhat.java-1.42.0-win32-x64\jre\21.0.7-win32-x86_64\bin\nio.dll
0x00007fff22690000 - 0x00007fff226a0000 	c:\Users\ASUS\.vscode\extensions\redhat.java-1.42.0-win32-x64\jre\21.0.7-win32-x86_64\bin\verify.dll
0x00007fff20850000 - 0x00007fff20895000 	C:\Users\ASUS\AppData\Roaming\Code\User\globalStorage\redhat.java\1.42.0\config_ss_win\org.eclipse.equinox.launcher\org.eclipse.equinox.launcher.win32.win32.x86_64_1.2.1300.v20250331-1702\eclipse_11911.dll
0x00007fff30ec0000 - 0x00007fff3105e000 	C:\WINDOWS\System32\ole32.dll
0x00007fff2f110000 - 0x00007fff2f12b000 	C:\WINDOWS\SYSTEM32\CRYPTSP.dll
0x00007fff2e850000 - 0x00007fff2e88a000 	C:\WINDOWS\system32\rsaenh.dll
0x00007fff2ef00000 - 0x00007fff2ef2b000 	C:\WINDOWS\SYSTEM32\USERENV.dll
0x00007fff2fa10000 - 0x00007fff2fa36000 	C:\WINDOWS\SYSTEM32\bcrypt.dll
0x00007fff2f130000 - 0x00007fff2f13c000 	C:\WINDOWS\SYSTEM32\CRYPTBASE.dll
0x00007fff2e320000 - 0x00007fff2e353000 	C:\WINDOWS\SYSTEM32\IPHLPAPI.DLL
0x00007fff321f0000 - 0x00007fff321fa000 	C:\WINDOWS\System32\NSI.dll
0x00007fff10b40000 - 0x00007fff10b89000 	C:\Users\ASUS\AppData\Local\Temp\jna-2018896\jna9320195417090353140.dll
0x00007fff31bb0000 - 0x00007fff31bb8000 	C:\WINDOWS\System32\PSAPI.DLL
0x00007fff27ca0000 - 0x00007fff27cbf000 	C:\WINDOWS\SYSTEM32\dhcpcsvc6.DLL
0x00007fff27c70000 - 0x00007fff27c95000 	C:\WINDOWS\SYSTEM32\dhcpcsvc.DLL

dbghelp: loaded successfully - version: 4.0.5 - missing functions: none
symbol engine: initialized successfully - sym options: 0x614 - pdb path: .;c:\Users\ASUS\.vscode\extensions\redhat.java-1.42.0-win32-x64\jre\21.0.7-win32-x86_64\bin;C:\WINDOWS\SYSTEM32;C:\WINDOWS\WinSxS\amd64_microsoft.windows.common-controls_6595b64144ccf1df_6.0.26100.4202_none_3e0698d4e335f517;c:\Users\ASUS\.vscode\extensions\redhat.java-1.42.0-win32-x64\jre\21.0.7-win32-x86_64\bin\server;C:\Users\ASUS\AppData\Roaming\Code\User\globalStorage\redhat.java\1.42.0\config_ss_win\org.eclipse.equinox.launcher\org.eclipse.equinox.launcher.win32.win32.x86_64_1.2.1300.v20250331-1702;C:\Users\ASUS\AppData\Local\Temp\jna-2018896

VM Arguments:
jvm_args: --add-modules=ALL-SYSTEM --add-opens=java.base/java.util=ALL-UNNAMED --add-opens=java.base/java.lang=ALL-UNNAMED --add-opens=java.base/sun.nio.fs=ALL-UNNAMED -Declipse.application=org.eclipse.jdt.ls.core.id1 -Dosgi.bundles.defaultStartLevel=4 -Declipse.product=org.eclipse.jdt.ls.core.product -Djava.import.generatesMetadataFilesAtProjectRoot=false -DDetectVMInstallationsJob.disabled=true -Dfile.encoding=utf8 -XX:+UseParallelGC -XX:GCTimeRatio=4 -XX:AdaptiveSizePolicyWeight=90 -Dsun.zip.disableMemoryMapping=true -Xmx1G -Xms100m -Xlog:disable -javaagent:c:\Users\ASUS\.vscode\extensions\redhat.java-1.42.0-win32-x64\lombok\lombok-1.18.36.jar 
java_command: c:\Users\ASUS\.vscode\extensions\redhat.java-1.42.0-win32-x64\server\plugins\org.eclipse.equinox.launcher_1.7.0.v20250424-1814.jar -configuration c:\Users\ASUS\AppData\Roaming\Code\User\globalStorage\redhat.java\1.42.0\config_ss_win -data c:\Users\ASUS\AppData\Roaming\Code\User\workspaceStorage\a33238b1471dacc6b2a44bf7a413b9cd\redhat.java\ss_ws --pipe=\\.\pipe\lsp-46a019b3a7b35fa9762969f53e2654b2-sock
java_class_path (initial): c:\Users\ASUS\.vscode\extensions\redhat.java-1.42.0-win32-x64\server\plugins\org.eclipse.equinox.launcher_1.7.0.v20250424-1814.jar
Launcher Type: SUN_STANDARD

[Global flags]
    uintx AdaptiveSizePolicyWeight                 = 90                                        {product} {command line}
     intx CICompilerCount                          = 4                                         {product} {ergonomic}
    uintx GCTimeRatio                              = 4                                         {product} {command line}
   size_t InitialHeapSize                          = 104857600                                 {product} {command line}
   size_t MaxHeapSize                              = 1073741824                                {product} {command line}
   size_t MaxNewSize                               = 357564416                                 {product} {ergonomic}
   size_t MinHeapDeltaBytes                        = 524288                                    {product} {ergonomic}
   size_t MinHeapSize                              = 104857600                                 {product} {command line}
   size_t NewSize                                  = 34603008                                  {product} {ergonomic}
    uintx NonNMethodCodeHeapSize                   = 5839372                                {pd product} {ergonomic}
    uintx NonProfiledCodeHeapSize                  = 122909434                              {pd product} {ergonomic}
   size_t OldSize                                  = 70254592                                  {product} {ergonomic}
    uintx ProfiledCodeHeapSize                     = 122909434                              {pd product} {ergonomic}
    uintx ReservedCodeCacheSize                    = 251658240                              {pd product} {ergonomic}
     bool SegmentedCodeCache                       = true                                      {product} {ergonomic}
   size_t SoftMaxHeapSize                          = 1073741824                             {manageable} {ergonomic}
     bool UseCompressedOops                        = true                           {product lp64_product} {ergonomic}
     bool UseLargePagesIndividualAllocation        = false                                  {pd product} {ergonomic}
     bool UseParallelGC                            = true                                      {product} {command line}

Logging:
Log output configuration:
 #0: stdout all=off uptime,level,tags foldmultilines=false
 #1: stderr all=off uptime,level,tags foldmultilines=false

Environment Variables:
PATH=C:\Program Files\Common Files\Oracle\Java\javapath;C:\WINDOWS\system32;C:\WINDOWS;C:\WINDOWS\System32\Wbem;C:\WINDOWS\System32\WindowsPowerShell\v1.0\;C:\WINDOWS\System32\OpenSSH\;C:\Program Files\Git\cmd;C:\Program Files\Java\jdk-23\bin;C:\Program Files\nodejs\;C:\MinGW\bin;C:\Users\ASUS\AppData\Local\Programs\Python\Python313\Scripts\;C:\Users\ASUS\AppData\Local\Programs\Python\Python313\;C:\Users\ASUS\AppData\Local\Microsoft\WindowsApps;C:\Users\ASUS\AppData\Local\Programs\Microsoft VS Code\bin;C:\Users\ASUS\AppData\Local\GitHubDesktop\bin;C:\Program Files\JetBrains\IntelliJ IDEA Community Edition 2024.2\bin;;C:\Users\ASUS\AppData\Roaming\npm;C:\Users\ASUS\AppData\Local\JetBrains\CLion 2024.3.4\bin;;
USERNAME=ASUS
OS=Windows_NT
PROCESSOR_IDENTIFIER=Intel64 Family 6 Model 126 Stepping 5, GenuineIntel
TMP=C:\Users\ASUS\AppData\Local\Temp
TEMP=C:\Users\ASUS\AppData\Local\Temp




Periodic native trim disabled

---------------  S Y S T E M  ---------------

OS:
 Windows 11 , 64 bit Build 26100 (10.0.26100.4202)
OS uptime: 1 days 23:53 hours

CPU: total 8 (initial active 8) (4 cores per cpu, 2 threads per core) family 6 model 126 stepping 5 microcode 0xb8, cx8, cmov, fxsr, ht, mmx, 3dnowpref, sse, sse2, sse3, ssse3, sse4.1, sse4.2, popcnt, lzcnt, tsc, tscinvbit, avx, avx2, aes, erms, clmul, bmi1, bmi2, adx, avx512f, avx512dq, avx512cd, avx512bw, avx512vl, sha, fma, vzeroupper, avx512_vpopcntdq, avx512_vpclmulqdq, avx512_vaes, avx512_vnni, clflush, clflushopt, avx512_vbmi2, avx512_vbmi, rdtscp, rdpid, fsrm, gfni, avx512_bitalg, f16c, pku, avx512_ifma
Processor Information for the first 8 processors :
  Max Mhz: 1190, Current Mhz: 991, Mhz Limit: 987

Memory: 4k page, system-wide physical 7929M (1005M free)
TotalPageFile size 12025M (AvailPageFile size 56M)
current process WorkingSet (physical memory assigned to process): 244M, peak: 244M
current process commit charge ("private bytes"): 319M, peak: 319M

vm_info: OpenJDK 64-Bit Server VM (21.0.7+6-LTS) for windows-amd64 JRE (21.0.7+6-LTS), built on 2025-04-15T00:00:00Z by "admin" with MS VC++ 17.7 (VS2022)

END.
