#
# There is insufficient memory for the Java Runtime Environment to continue.
# Native memory allocation (malloc) failed to allocate 1511696 bytes. Error detail: Chunk::new
# Possible reasons:
#   The system is out of physical RAM or swap space
#   This process is running with CompressedOops enabled, and the Java Heap may be blocking the growth of the native heap
# Possible solutions:
#   Reduce memory load on the system
#   Increase physical memory or swap space
#   Check if swap backing store is full
#   Decrease Java heap size (-Xmx/-Xms)
#   Decrease number of Java threads
#   Decrease Java thread stack sizes (-Xss)
#   Set larger code cache with -XX:ReservedCodeCacheSize=
#   JVM is running with Unscaled Compressed Oops mode in which the Java heap is
#     placed in the first 4GB address space. The Java Heap base address is the
#     maximum limit for the native heap growth. Please use -XX:HeapBaseMinAddress
#     to set the Java Heap base and to place the Java Heap above 4GB virtual address.
# This output file may be truncated or incomplete.
#
#  Out of Memory Error (arena.cpp:168), pid=3784, tid=4428
#
# JRE version: OpenJDK Runtime Environment Temurin-21.0.7+6 (21.0.7+6) (build 21.0.7+6-LTS)
# Java VM: OpenJDK 64-Bit Server VM Temurin-21.0.7+6 (21.0.7+6-LTS, mixed mode, sharing, tiered, compressed oops, compressed class ptrs, parallel gc, windows-amd64)
# No core dump will be written. Minidumps are not enabled by default on client versions of Windows
#

---------------  S U M M A R Y ------------

Command Line: --add-modules=ALL-SYSTEM --add-opens=java.base/java.util=ALL-UNNAMED --add-opens=java.base/java.lang=ALL-UNNAMED --add-opens=java.base/sun.nio.fs=ALL-UNNAMED -Declipse.application=org.eclipse.jdt.ls.core.id1 -Dosgi.bundles.defaultStartLevel=4 -Declipse.product=org.eclipse.jdt.ls.core.product -Djava.import.generatesMetadataFilesAtProjectRoot=false -DDetectVMInstallationsJob.disabled=true -Dfile.encoding=utf8 -XX:+UseParallelGC -XX:GCTimeRatio=4 -XX:AdaptiveSizePolicyWeight=90 -Dsun.zip.disableMemoryMapping=true -Xmx1G -Xms100m -Xlog:disable -javaagent:c:\Users\ASUS\.vscode\extensions\redhat.java-1.42.0-win32-x64\lombok\lombok-1.18.36.jar c:\Users\ASUS\.vscode\extensions\redhat.java-1.42.0-win32-x64\server\plugins\org.eclipse.equinox.launcher_1.7.0.v20250424-1814.jar -configuration c:\Users\ASUS\AppData\Roaming\Code\User\globalStorage\redhat.java\1.42.0\config_ss_win -data c:\Users\ASUS\AppData\Roaming\Code\User\workspaceStorage\a33238b1471dacc6b2a44bf7a413b9cd\redhat.java\ss_ws --pipe=\\.\pipe\lsp-e39dc72f5fdc9c097812a877886df6d6-sock

Host: Intel(R) Core(TM) i5-1035G1 CPU @ 1.00GHz, 8 cores, 7G,  Windows 11 , 64 bit Build 26100 (10.0.26100.4202)
Time: Tue Jun 17 22:42:33 2025 Bangladesh Standard Time elapsed time: 5.104719 seconds (0d 0h 0m 5s)

---------------  T H R E A D  ---------------

Current thread (0x0000028ad05d2d40):  JavaThread "C2 CompilerThread0" daemon [_thread_in_native, id=4428, stack(0x00000092fe500000,0x00000092fe600000) (1024K)]


Current CompileTask:
C2:5104 2530       4       java.lang.invoke.MethodType::makeImpl (109 bytes)

Stack: [0x00000092fe500000,0x00000092fe600000]
Native frames: (J=compiled Java code, j=interpreted, Vv=VM code, C=native code)
V  [jvm.dll+0x6ce119]
V  [jvm.dll+0x8a84a1]
V  [jvm.dll+0x8aa9ce]
V  [jvm.dll+0x8ab0b3]
V  [jvm.dll+0x27f8a6]
V  [jvm.dll+0xc507d]
V  [jvm.dll+0xc55b3]
V  [jvm.dll+0x3b68f2]
V  [jvm.dll+0x382aa5]
V  [jvm.dll+0x381f0a]
V  [jvm.dll+0x247af0]
V  [jvm.dll+0x2470cf]
V  [jvm.dll+0x1c760e]
V  [jvm.dll+0x25695a]
V  [jvm.dll+0x254efa]
V  [jvm.dll+0x3f03f6]
V  [jvm.dll+0x851f6b]
V  [jvm.dll+0x6cc7dd]
C  [ucrtbase.dll+0x37b0]
C  [KERNEL32.DLL+0x2e8d7]
C  [ntdll.dll+0x3c34c]


---------------  P R O C E S S  ---------------

Threads class SMR info:
_java_thread_list=0x0000028b181725e0, length=22, elements={
0x0000028abc2085f0, 0x0000028ad05bc9f0, 0x0000028ad05c1b80, 0x0000028ad05c2b60,
0x0000028ad05c37b0, 0x0000028ad05cf4b0, 0x0000028ad05d1f10, 0x0000028ad05d2d40,
0x0000028ad05ef6d0, 0x0000028b130cd570, 0x0000028b133195e0, 0x0000028b181e06a0,
0x0000028b1396a070, 0x0000028b184811c0, 0x0000028b18077650, 0x0000028b180ec520,
0x0000028b1816f150, 0x0000028b1377d980, 0x0000028b18506350, 0x0000028b1868e010,
0x0000028b18761820, 0x0000028b1828d2a0
}

Java Threads: ( => current thread )
  0x0000028abc2085f0 JavaThread "main"                              [_thread_blocked, id=11372, stack(0x00000092fdb00000,0x00000092fdc00000) (1024K)]
  0x0000028ad05bc9f0 JavaThread "Reference Handler"          daemon [_thread_blocked, id=6040, stack(0x00000092fdf00000,0x00000092fe000000) (1024K)]
  0x0000028ad05c1b80 JavaThread "Finalizer"                  daemon [_thread_blocked, id=10528, stack(0x00000092fe000000,0x00000092fe100000) (1024K)]
  0x0000028ad05c2b60 JavaThread "Signal Dispatcher"          daemon [_thread_blocked, id=7064, stack(0x00000092fe100000,0x00000092fe200000) (1024K)]
  0x0000028ad05c37b0 JavaThread "Attach Listener"            daemon [_thread_blocked, id=3580, stack(0x00000092fe200000,0x00000092fe300000) (1024K)]
  0x0000028ad05cf4b0 JavaThread "Service Thread"             daemon [_thread_blocked, id=19172, stack(0x00000092fe300000,0x00000092fe400000) (1024K)]
  0x0000028ad05d1f10 JavaThread "Monitor Deflation Thread"   daemon [_thread_blocked, id=23684, stack(0x00000092fe400000,0x00000092fe500000) (1024K)]
=>0x0000028ad05d2d40 JavaThread "C2 CompilerThread0"         daemon [_thread_in_native, id=4428, stack(0x00000092fe500000,0x00000092fe600000) (1024K)]
  0x0000028ad05ef6d0 JavaThread "C1 CompilerThread0"         daemon [_thread_blocked, id=11484, stack(0x00000092fe600000,0x00000092fe700000) (1024K)]
  0x0000028b130cd570 JavaThread "Common-Cleaner"             daemon [_thread_blocked, id=3988, stack(0x00000092fe700000,0x00000092fe800000) (1024K)]
  0x0000028b133195e0 JavaThread "Notification Thread"        daemon [_thread_blocked, id=19048, stack(0x00000092fe900000,0x00000092fea00000) (1024K)]
  0x0000028b181e06a0 JavaThread "Active Thread: Equinox Container: 300cce8e-4c2a-40ee-bec3-5a94bcea01b1"        [_thread_blocked, id=18468, stack(0x00000092ff200000,0x00000092ff300000) (1024K)]
  0x0000028b1396a070 JavaThread "Framework Event Dispatcher: Equinox Container: 300cce8e-4c2a-40ee-bec3-5a94bcea01b1" daemon [_thread_blocked, id=5052, stack(0x00000092ff300000,0x00000092ff400000) (1024K)]
  0x0000028b184811c0 JavaThread "Start Level: Equinox Container: 300cce8e-4c2a-40ee-bec3-5a94bcea01b1" daemon [_thread_in_vm, id=15472, stack(0x00000092ff400000,0x00000092ff500000) (1024K)]
  0x0000028b18077650 JavaThread "SCR Component Actor"        daemon [_thread_blocked, id=592, stack(0x00000092ff600000,0x00000092ff700000) (1024K)]
  0x0000028b180ec520 JavaThread "SCR Component Registry"     daemon [_thread_blocked, id=16412, stack(0x00000092ff700000,0x00000092ff800000) (1024K)]
  0x0000028b1816f150 JavaThread "Worker-JM"                         [_thread_blocked, id=17300, stack(0x00000092feb00000,0x00000092fec00000) (1024K)]
  0x0000028b1377d980 JavaThread "JNA Cleaner"                daemon [_thread_blocked, id=3804, stack(0x00000092fea00000,0x00000092feb00000) (1024K)]
  0x0000028b18506350 JavaThread "Worker-0"                          [_thread_blocked, id=6972, stack(0x00000092ff800000,0x00000092ff900000) (1024K)]
  0x0000028b1868e010 JavaThread "Worker-1"                          [_thread_blocked, id=24704, stack(0x00000092ff900000,0x00000092ffa00000) (1024K)]
  0x0000028b18761820 JavaThread "C2 CompilerThread1"         daemon [_thread_in_native, id=21180, stack(0x00000092ffa00000,0x00000092ffb00000) (1024K)]
  0x0000028b1828d2a0 JavaThread "C2 CompilerThread2"         daemon [_thread_in_native, id=12236, stack(0x00000092ffb00000,0x00000092ffc00000) (1024K)]
Total: 22

Other Threads:
  0x0000028abc2ce990 VMThread "VM Thread"                           [id=15192, stack(0x00000092fde00000,0x00000092fdf00000) (1024K)]
  0x0000028abc275850 WatcherThread "VM Periodic Task Thread"        [id=21780, stack(0x00000092fdd00000,0x00000092fde00000) (1024K)]
  0x0000028abc227d70 WorkerThread "GC Thread#0"                     [id=24948, stack(0x00000092fdc00000,0x00000092fdd00000) (1024K)]
  0x0000028b13aeff30 WorkerThread "GC Thread#1"                     [id=9620, stack(0x00000092fec00000,0x00000092fed00000) (1024K)]
  0x0000028b13a54720 WorkerThread "GC Thread#2"                     [id=19056, stack(0x00000092fed00000,0x00000092fee00000) (1024K)]
  0x0000028b13a54ac0 WorkerThread "GC Thread#3"                     [id=13636, stack(0x00000092fee00000,0x00000092fef00000) (1024K)]
  0x0000028b13a54e60 WorkerThread "GC Thread#4"                     [id=23748, stack(0x00000092fef00000,0x00000092ff000000) (1024K)]
  0x0000028b13823dd0 WorkerThread "GC Thread#5"                     [id=4556, stack(0x00000092ff000000,0x00000092ff100000) (1024K)]
  0x0000028b13824170 WorkerThread "GC Thread#6"                     [id=23060, stack(0x00000092ff100000,0x00000092ff200000) (1024K)]
  0x0000028b180874f0 WorkerThread "GC Thread#7"                     [id=11824, stack(0x00000092ff500000,0x00000092ff600000) (1024K)]
Total: 10

Threads with active compile tasks:
C2 CompilerThread0  5141 2530       4       java.lang.invoke.MethodType::makeImpl (109 bytes)
C2 CompilerThread1  5141 2620       4       org.lombokweb.asm.SymbolTable::addConstantNameAndType (28 bytes)
C2 CompilerThread2  5141 2607       4       org.lombokweb.asm.SymbolTable::addConstantMemberReference (29 bytes)
Total: 3

VM state: not at safepoint (normal execution)

VM Mutex/Monitor currently owned by a thread: None

Heap address: 0x00000000c0000000, size: 1024 MB, Compressed Oops mode: 32-bit

CDS archive(s) mapped at: [0x0000028ad1000000-0x0000028ad1ba0000-0x0000028ad1ba0000), size 12189696, SharedBaseAddress: 0x0000028ad1000000, ArchiveRelocationMode: 1.
Compressed class space mapped at: 0x0000028ad2000000-0x0000028b12000000, reserved size: 1073741824
Narrow klass base: 0x0000028ad1000000, Narrow klass shift: 0, Narrow klass range: 0x100000000

GC Precious Log:
 CardTable entry size: 512
 CPUs: 8 total, 8 available
 Memory: 7929M
 Large Page Support: Disabled
 NUMA Support: Disabled
 Compressed Oops: Enabled (32-bit)
 Alignments: Space 512K, Generation 512K, Heap 2M
 Heap Min Capacity: 100M
 Heap Initial Capacity: 100M
 Heap Max Capacity: 1G
 Pre-touch: Disabled
 Parallel Workers: 8

Heap:
 PSYoungGen      total 29696K, used 15735K [0x00000000eab00000, 0x00000000ecc00000, 0x0000000100000000)
  eden space 25600K, 45% used [0x00000000eab00000,0x00000000eb661160,0x00000000ec400000)
  from space 4096K, 99% used [0x00000000ec800000,0x00000000ecbfcac0,0x00000000ecc00000)
  to   space 4096K, 0% used [0x00000000ec400000,0x00000000ec400000,0x00000000ec800000)
 ParOldGen       total 68608K, used 4342K [0x00000000c0000000, 0x00000000c4300000, 0x00000000eab00000)
  object space 68608K, 6% used [0x00000000c0000000,0x00000000c043db60,0x00000000c4300000)
 Metaspace       used 17375K, committed 18048K, reserved 1114112K
  class space    used 1753K, committed 2048K, reserved 1048576K

Card table byte_map: [0x0000028abbbb0000,0x0000028abbdc0000] _byte_map_base: 0x0000028abb5b0000

Marking Bits: (ParMarkBitMap*) 0x00007ffe9c0e31f0
 Begin Bits: [0x0000028ace400000, 0x0000028acf400000)
 End Bits:   [0x0000028acf400000, 0x0000028ad0400000)

Polling page: 0x0000028ab9fc0000

Metaspace:

Usage:
  Non-class:     15.26 MB used.
      Class:      1.71 MB used.
       Both:     16.97 MB used.

Virtual space:
  Non-class space:       64.00 MB reserved,      15.62 MB ( 24%) committed,  1 nodes.
      Class space:        1.00 GB reserved,       2.00 MB ( <1%) committed,  1 nodes.
             Both:        1.06 GB reserved,      17.62 MB (  2%) committed. 

Chunk freelists:
   Non-Class:  15.97 MB
       Class:  14.01 MB
        Both:  29.98 MB

MaxMetaspaceSize: unlimited
CompressedClassSpaceSize: 1.00 GB
Initial GC threshold: 21.00 MB
Current GC threshold: 21.00 MB
CDS: on
 - commit_granule_bytes: 65536.
 - commit_granule_words: 8192.
 - virtual_space_node_default_size: 8388608.
 - enlarge_chunks_in_place: 1.
 - use_allocation_guard: 0.


Internal statistics:

num_allocs_failed_limit: 0.
num_arena_births: 516.
num_arena_deaths: 0.
num_vsnodes_births: 2.
num_vsnodes_deaths: 0.
num_space_committed: 282.
num_space_uncommitted: 0.
num_chunks_returned_to_freelist: 0.
num_chunks_taken_from_freelist: 1157.
num_chunk_merges: 0.
num_chunk_splits: 738.
num_chunks_enlarged: 464.
num_inconsistent_stats: 0.

CodeHeap 'non-profiled nmethods': size=120000Kb used=1111Kb max_used=1111Kb free=118888Kb
 bounds [0x0000028ac6ed0000, 0x0000028ac7140000, 0x0000028ace400000]
CodeHeap 'profiled nmethods': size=120000Kb used=5098Kb max_used=5098Kb free=114901Kb
 bounds [0x0000028abf400000, 0x0000028abf900000, 0x0000028ac6930000]
CodeHeap 'non-nmethods': size=5760Kb used=1283Kb max_used=1311Kb free=4476Kb
 bounds [0x0000028ac6930000, 0x0000028ac6ba0000, 0x0000028ac6ed0000]
 total_blobs=3168 nmethods=2619 adapters=455
 compilation: enabled
              stopped_count=0, restarted_count=0
 full_count=0

Compilation events (20 events):
Event: 4.914 Thread 0x0000028ad05ef6d0 2566       3       java.lang.Math::max (12 bytes)
Event: 4.914 Thread 0x0000028ad05ef6d0 nmethod 2566 0x0000028abf8d9090 code [0x0000028abf8d9220, 0x0000028abf8d9350]
Event: 4.916 Thread 0x0000028b18761820 2567       4       java.util.WeakHashMap::hash (28 bytes)
Event: 4.918 Thread 0x0000028b18761820 nmethod 2567 0x0000028ac6fe0a90 code [0x0000028ac6fe0c20, 0x0000028ac6fe0d58]
Event: 4.918 Thread 0x0000028b18761820 2568       4       java.lang.ThreadLocal::get (8 bytes)
Event: 4.922 Thread 0x0000028b18761820 nmethod 2568 0x0000028ac6fe0e10 code [0x0000028ac6fe0fc0, 0x0000028ac6fe1148]
Event: 4.940 Thread 0x0000028b18761820 2569       4       java.util.concurrent.locks.ReentrantLock::unlock (10 bytes)
Event: 4.943 Thread 0x0000028b18761820 nmethod 2569 0x0000028ac6fe1310 code [0x0000028ac6fe14c0, 0x0000028ac6fe1640]
Event: 4.952 Thread 0x0000028b18761820 2570       4       org.lombokweb.asm.SymbolTable::add (39 bytes)
Event: 4.954 Thread 0x0000028b18761820 nmethod 2570 0x0000028ac6fe1810 code [0x0000028ac6fe19a0, 0x0000028ac6fe1af0]
Event: 4.954 Thread 0x0000028b18761820 2571       4       org.lombokweb.asm.SymbolTable$Entry::<init> (17 bytes)
Event: 4.955 Thread 0x0000028ad05ef6d0 2572       3       org.lombokweb.asm.ClassReader::readConst (276 bytes)
Event: 4.955 Thread 0x0000028b18761820 nmethod 2571 0x0000028ac6fe1c10 code [0x0000028ac6fe1da0, 0x0000028ac6fe1e58]
Event: 4.956 Thread 0x0000028ad05ef6d0 nmethod 2572 0x0000028abf8d9410 code [0x0000028abf8d98c0, 0x0000028abf8db4a8]
Event: 4.956 Thread 0x0000028ad05ef6d0 2581       3       java.util.regex.Matcher::search (154 bytes)
Event: 4.956 Thread 0x0000028b18761820 2582       4       java.util.regex.Pattern$BmpCharPropertyGreedy::match (89 bytes)
Event: 4.957 Thread 0x0000028ad05ef6d0 nmethod 2581 0x0000028abf8dbf10 code [0x0000028abf8dc120, 0x0000028abf8dc6a0]
Event: 4.957 Thread 0x0000028ad05ef6d0 2580       3       lombok.patcher.PatchScript$MethodPatcher::visitMethod (158 bytes)
Event: 4.958 Thread 0x0000028ad05ef6d0 nmethod 2580 0x0000028abf8dc890 code [0x0000028abf8dcb60, 0x0000028abf8dda38]
Event: 4.958 Thread 0x0000028ad05ef6d0 2578       3       org.lombokweb.asm.Type::getArgumentsAndReturnSizes (140 bytes)

GC Heap History (8 events):
Event: 2.446 GC heap before
{Heap before GC invocations=1 (full 0):
 PSYoungGen      total 29696K, used 25600K [0x00000000eab00000, 0x00000000ecc00000, 0x0000000100000000)
  eden space 25600K, 100% used [0x00000000eab00000,0x00000000ec400000,0x00000000ec400000)
  from space 4096K, 0% used [0x00000000ec800000,0x00000000ec800000,0x00000000ecc00000)
  to   space 4096K, 0% used [0x00000000ec400000,0x00000000ec400000,0x00000000ec800000)
 ParOldGen       total 68608K, used 0K [0x00000000c0000000, 0x00000000c4300000, 0x00000000eab00000)
  object space 68608K, 0% used [0x00000000c0000000,0x00000000c0000000,0x00000000c4300000)
 Metaspace       used 4349K, committed 4544K, reserved 1114112K
  class space    used 460K, committed 576K, reserved 1048576K
}
Event: 2.458 GC heap after
{Heap after GC invocations=1 (full 0):
 PSYoungGen      total 29696K, used 3254K [0x00000000eab00000, 0x00000000ecc00000, 0x0000000100000000)
  eden space 25600K, 0% used [0x00000000eab00000,0x00000000eab00000,0x00000000ec400000)
  from space 4096K, 79% used [0x00000000ec400000,0x00000000ec72d860,0x00000000ec800000)
  to   space 4096K, 0% used [0x00000000ec800000,0x00000000ec800000,0x00000000ecc00000)
 ParOldGen       total 68608K, used 16K [0x00000000c0000000, 0x00000000c4300000, 0x00000000eab00000)
  object space 68608K, 0% used [0x00000000c0000000,0x00000000c0004000,0x00000000c4300000)
 Metaspace       used 4349K, committed 4544K, reserved 1114112K
  class space    used 460K, committed 576K, reserved 1048576K
}
Event: 3.434 GC heap before
{Heap before GC invocations=2 (full 0):
 PSYoungGen      total 29696K, used 28854K [0x00000000eab00000, 0x00000000ecc00000, 0x0000000100000000)
  eden space 25600K, 100% used [0x00000000eab00000,0x00000000ec400000,0x00000000ec400000)
  from space 4096K, 79% used [0x00000000ec400000,0x00000000ec72d860,0x00000000ec800000)
  to   space 4096K, 0% used [0x00000000ec800000,0x00000000ec800000,0x00000000ecc00000)
 ParOldGen       total 68608K, used 16K [0x00000000c0000000, 0x00000000c4300000, 0x00000000eab00000)
  object space 68608K, 0% used [0x00000000c0000000,0x00000000c0004000,0x00000000c4300000)
 Metaspace       used 8224K, committed 8576K, reserved 1114112K
  class space    used 847K, committed 1024K, reserved 1048576K
}
Event: 3.440 GC heap after
{Heap after GC invocations=2 (full 0):
 PSYoungGen      total 29696K, used 4074K [0x00000000eab00000, 0x00000000ecc00000, 0x0000000100000000)
  eden space 25600K, 0% used [0x00000000eab00000,0x00000000eab00000,0x00000000ec400000)
  from space 4096K, 99% used [0x00000000ec800000,0x00000000ecbfa9c8,0x00000000ecc00000)
  to   space 4096K, 0% used [0x00000000ec400000,0x00000000ec400000,0x00000000ec800000)
 ParOldGen       total 68608K, used 923K [0x00000000c0000000, 0x00000000c4300000, 0x00000000eab00000)
  object space 68608K, 1% used [0x00000000c0000000,0x00000000c00e6eb8,0x00000000c4300000)
 Metaspace       used 8224K, committed 8576K, reserved 1114112K
  class space    used 847K, committed 1024K, reserved 1048576K
}
Event: 4.105 GC heap before
{Heap before GC invocations=3 (full 0):
 PSYoungGen      total 29696K, used 29674K [0x00000000eab00000, 0x00000000ecc00000, 0x0000000100000000)
  eden space 25600K, 100% used [0x00000000eab00000,0x00000000ec400000,0x00000000ec400000)
  from space 4096K, 99% used [0x00000000ec800000,0x00000000ecbfa9c8,0x00000000ecc00000)
  to   space 4096K, 0% used [0x00000000ec400000,0x00000000ec400000,0x00000000ec800000)
 ParOldGen       total 68608K, used 923K [0x00000000c0000000, 0x00000000c4300000, 0x00000000eab00000)
  object space 68608K, 1% used [0x00000000c0000000,0x00000000c00e6eb8,0x00000000c4300000)
 Metaspace       used 13019K, committed 13504K, reserved 1114112K
  class space    used 1334K, committed 1536K, reserved 1048576K
}
Event: 4.112 GC heap after
{Heap after GC invocations=3 (full 0):
 PSYoungGen      total 29696K, used 4067K [0x00000000eab00000, 0x00000000ecc00000, 0x0000000100000000)
  eden space 25600K, 0% used [0x00000000eab00000,0x00000000eab00000,0x00000000ec400000)
  from space 4096K, 99% used [0x00000000ec400000,0x00000000ec7f8f38,0x00000000ec800000)
  to   space 4096K, 0% used [0x00000000ec800000,0x00000000ec800000,0x00000000ecc00000)
 ParOldGen       total 68608K, used 2781K [0x00000000c0000000, 0x00000000c4300000, 0x00000000eab00000)
  object space 68608K, 4% used [0x00000000c0000000,0x00000000c02b7730,0x00000000c4300000)
 Metaspace       used 13019K, committed 13504K, reserved 1114112K
  class space    used 1334K, committed 1536K, reserved 1048576K
}
Event: 4.934 GC heap before
{Heap before GC invocations=4 (full 0):
 PSYoungGen      total 29696K, used 29667K [0x00000000eab00000, 0x00000000ecc00000, 0x0000000100000000)
  eden space 25600K, 100% used [0x00000000eab00000,0x00000000ec400000,0x00000000ec400000)
  from space 4096K, 99% used [0x00000000ec400000,0x00000000ec7f8f38,0x00000000ec800000)
  to   space 4096K, 0% used [0x00000000ec800000,0x00000000ec800000,0x00000000ecc00000)
 ParOldGen       total 68608K, used 2781K [0x00000000c0000000, 0x00000000c4300000, 0x00000000eab00000)
  object space 68608K, 4% used [0x00000000c0000000,0x00000000c02b7730,0x00000000c4300000)
 Metaspace       used 17226K, committed 17920K, reserved 1114112K
  class space    used 1752K, committed 2048K, reserved 1048576K
}
Event: 4.940 GC heap after
{Heap after GC invocations=4 (full 0):
 PSYoungGen      total 29696K, used 4082K [0x00000000eab00000, 0x00000000ecc00000, 0x0000000100000000)
  eden space 25600K, 0% used [0x00000000eab00000,0x00000000eab00000,0x00000000ec400000)
  from space 4096K, 99% used [0x00000000ec800000,0x00000000ecbfcac0,0x00000000ecc00000)
  to   space 4096K, 0% used [0x00000000ec400000,0x00000000ec400000,0x00000000ec800000)
 ParOldGen       total 68608K, used 4342K [0x00000000c0000000, 0x00000000c4300000, 0x00000000eab00000)
  object space 68608K, 6% used [0x00000000c0000000,0x00000000c043db60,0x00000000c4300000)
 Metaspace       used 17226K, committed 17920K, reserved 1114112K
  class space    used 1752K, committed 2048K, reserved 1048576K
}

Dll operation events (10 events):
Event: 0.044 Loaded shared library c:\Users\ASUS\.vscode\extensions\redhat.java-1.42.0-win32-x64\jre\21.0.7-win32-x86_64\bin\java.dll
Event: 0.334 Loaded shared library c:\Users\ASUS\.vscode\extensions\redhat.java-1.42.0-win32-x64\jre\21.0.7-win32-x86_64\bin\zip.dll
Event: 0.450 Loaded shared library C:\Users\ASUS\.vscode\extensions\redhat.java-1.42.0-win32-x64\jre\21.0.7-win32-x86_64\bin\instrument.dll
Event: 0.493 Loaded shared library C:\Users\ASUS\.vscode\extensions\redhat.java-1.42.0-win32-x64\jre\21.0.7-win32-x86_64\bin\net.dll
Event: 0.528 Loaded shared library C:\Users\ASUS\.vscode\extensions\redhat.java-1.42.0-win32-x64\jre\21.0.7-win32-x86_64\bin\nio.dll
Event: 0.544 Loaded shared library C:\Users\ASUS\.vscode\extensions\redhat.java-1.42.0-win32-x64\jre\21.0.7-win32-x86_64\bin\zip.dll
Event: 0.626 Loaded shared library C:\Users\ASUS\.vscode\extensions\redhat.java-1.42.0-win32-x64\jre\21.0.7-win32-x86_64\bin\jimage.dll
Event: 1.112 Loaded shared library c:\Users\ASUS\.vscode\extensions\redhat.java-1.42.0-win32-x64\jre\21.0.7-win32-x86_64\bin\verify.dll
Event: 3.398 Loaded shared library C:\Users\ASUS\AppData\Roaming\Code\User\globalStorage\redhat.java\1.42.0\config_ss_win\org.eclipse.equinox.launcher\org.eclipse.equinox.launcher.win32.win32.x86_64_1.2.1300.v20250331-1702\eclipse_11911.dll
Event: 4.608 Loaded shared library C:\Users\ASUS\AppData\Local\Temp\jna-2018896\jna13068868007520270615.dll

Deoptimization events (20 events):
Event: 4.822 Thread 0x0000028b184811c0 Uncommon trap: trap_request=0xffffff45 fr.pc=0x0000028ac6fc0454 relative=0x0000000000000b94
Event: 4.822 Thread 0x0000028b184811c0 Uncommon trap: reason=unstable_if action=reinterpret pc=0x0000028ac6fc0454 method=jdk.internal.org.objectweb.asm.Frame.execute(IILjdk/internal/org/objectweb/asm/Symbol;Ljdk/internal/org/objectweb/asm/SymbolTable;)V @ 1 c2
Event: 4.822 Thread 0x0000028b184811c0 DEOPT PACKING pc=0x0000028ac6fc0454 sp=0x00000092ff4f7990
Event: 4.822 Thread 0x0000028b184811c0 DEOPT UNPACKING pc=0x0000028ac6986da2 sp=0x00000092ff4f7918 mode 2
Event: 4.844 Thread 0x0000028b184811c0 Uncommon trap: trap_request=0xffffffde fr.pc=0x0000028ac6fc3c94 relative=0x00000000000003b4
Event: 4.844 Thread 0x0000028b184811c0 Uncommon trap: reason=class_check action=maybe_recompile pc=0x0000028ac6fc3c94 method=java.util.regex.Pattern$BmpCharPropertyGreedy.match(Ljava/util/regex/Matcher;ILjava/lang/CharSequence;)Z @ 70 c2
Event: 4.844 Thread 0x0000028b184811c0 DEOPT PACKING pc=0x0000028ac6fc3c94 sp=0x00000092ff4ef0f0
Event: 4.845 Thread 0x0000028b184811c0 DEOPT UNPACKING pc=0x0000028ac6986da2 sp=0x00000092ff4ef098 mode 2
Event: 4.845 Thread 0x0000028b184811c0 Uncommon trap: trap_request=0xffffffde fr.pc=0x0000028ac6fc3c94 relative=0x00000000000003b4
Event: 4.845 Thread 0x0000028b184811c0 Uncommon trap: reason=class_check action=maybe_recompile pc=0x0000028ac6fc3c94 method=java.util.regex.Pattern$BmpCharPropertyGreedy.match(Ljava/util/regex/Matcher;ILjava/lang/CharSequence;)Z @ 70 c2
Event: 4.845 Thread 0x0000028b184811c0 DEOPT PACKING pc=0x0000028ac6fc3c94 sp=0x00000092ff4eef40
Event: 4.845 Thread 0x0000028b184811c0 DEOPT UNPACKING pc=0x0000028ac6986da2 sp=0x00000092ff4eeee8 mode 2
Event: 4.845 Thread 0x0000028b184811c0 Uncommon trap: trap_request=0xffffffde fr.pc=0x0000028ac6fc3c94 relative=0x00000000000003b4
Event: 4.845 Thread 0x0000028b184811c0 Uncommon trap: reason=class_check action=maybe_recompile pc=0x0000028ac6fc3c94 method=java.util.regex.Pattern$BmpCharPropertyGreedy.match(Ljava/util/regex/Matcher;ILjava/lang/CharSequence;)Z @ 70 c2
Event: 4.845 Thread 0x0000028b184811c0 DEOPT PACKING pc=0x0000028ac6fc3c94 sp=0x00000092ff4ef100
Event: 4.845 Thread 0x0000028b184811c0 DEOPT UNPACKING pc=0x0000028ac6986da2 sp=0x00000092ff4ef0a8 mode 2
Event: 4.845 Thread 0x0000028b184811c0 Uncommon trap: trap_request=0xffffffde fr.pc=0x0000028ac6fc3c94 relative=0x00000000000003b4
Event: 4.845 Thread 0x0000028b184811c0 Uncommon trap: reason=class_check action=maybe_recompile pc=0x0000028ac6fc3c94 method=java.util.regex.Pattern$BmpCharPropertyGreedy.match(Ljava/util/regex/Matcher;ILjava/lang/CharSequence;)Z @ 70 c2
Event: 4.845 Thread 0x0000028b184811c0 DEOPT PACKING pc=0x0000028ac6fc3c94 sp=0x00000092ff4eef50
Event: 4.845 Thread 0x0000028b184811c0 DEOPT UNPACKING pc=0x0000028ac6986da2 sp=0x00000092ff4eeef8 mode 2

Classes loaded (20 events):
Event: 4.840 Loading class java/io/StringReader
Event: 4.840 Loading class java/io/StringReader done
Event: 4.879 Loading class java/util/zip/GZIPInputStream
Event: 4.879 Loading class java/util/zip/GZIPInputStream done
Event: 4.885 Loading class java/net/SocketTimeoutException
Event: 4.885 Loading class java/io/InterruptedIOException
Event: 4.886 Loading class java/io/InterruptedIOException done
Event: 4.886 Loading class java/net/SocketTimeoutException done
Event: 4.886 Loading class java/net/SocketException
Event: 4.887 Loading class java/net/SocketException done
Event: 4.887 Loading class java/net/UnknownHostException
Event: 4.887 Loading class java/net/UnknownHostException done
Event: 4.887 Loading class java/net/ProtocolException
Event: 4.888 Loading class java/net/ProtocolException done
Event: 4.920 Loading class java/lang/ThreadLocal$SuppliedThreadLocal
Event: 4.921 Loading class java/lang/ThreadLocal$SuppliedThreadLocal done
Event: 4.932 Loading class java/io/FileWriter
Event: 4.933 Loading class java/io/FileWriter done
Event: 4.933 Loading class java/lang/NegativeArraySizeException
Event: 4.933 Loading class java/lang/NegativeArraySizeException done

Classes unloaded (0 events):
No events

Classes redefined (0 events):
No events

Internal exceptions (20 events):
Event: 4.350 Thread 0x0000028b184811c0 Exception <a 'java/lang/NoSuchMethodError'{0x00000000eb35ce98}: 'java.lang.Object java.lang.invoke.DirectMethodHandle$Holder.invokeStaticInit(java.lang.Object, int)'> (0x00000000eb35ce98) 
thrown [s\src\hotspot\share\interpreter\linkResolver.cpp, line 773]
Event: 4.428 Thread 0x0000028b184811c0 Exception <a 'java/lang/NoSuchMethodError'{0x00000000eb619ec0}: 'java.lang.Object java.lang.invoke.DirectMethodHandle$Holder.invokeStaticInit(java.lang.Object, int, int, int, int)'> (0x00000000eb619ec0) 
thrown [s\src\hotspot\share\interpreter\linkResolver.cpp, line 773]
Event: 4.476 Thread 0x0000028b184811c0 Exception <a 'java/lang/NoSuchMethodError'{0x00000000eb770100}: 'java.lang.Object java.lang.invoke.DirectMethodHandle$Holder.invokeStaticInit(java.lang.Object, java.lang.Object, int, int, int, int)'> (0x00000000eb770100) 
thrown [s\src\hotspot\share\interpreter\linkResolver.cpp, line 773]
Event: 4.634 Thread 0x0000028b184811c0 Exception <a 'java/lang/NoSuchMethodError'{0x00000000eb86f4f8}: 'void java.lang.invoke.DirectMethodHandle$Holder.invokeSpecial(java.lang.Object, java.lang.Object, java.lang.Object, int)'> (0x00000000eb86f4f8) 
thrown [s\src\hotspot\share\interpreter\linkResolver.cpp, line 773]
Event: 4.634 Thread 0x0000028b184811c0 Exception <a 'java/lang/NoSuchMethodError'{0x00000000eb872e88}: 'void java.lang.invoke.DelegatingMethodHandle$Holder.reinvoke_L(java.lang.Object, java.lang.Object, int)'> (0x00000000eb872e88) 
thrown [s\src\hotspot\share\interpreter\linkResolver.cpp, line 773]
Event: 4.634 Thread 0x0000028b184811c0 Exception <a 'java/lang/NoSuchMethodError'{0x00000000eb879b70}: 'int java.lang.invoke.Invokers$Holder.invokeExact_MT(java.lang.Object, java.lang.Object, java.lang.Object)'> (0x00000000eb879b70) 
thrown [s\src\hotspot\share\interpreter\linkResolver.cpp, line 773]
Event: 4.661 Thread 0x0000028b184811c0 Exception <a 'java/lang/NoSuchMethodError'{0x00000000eb982918}: 'void java.lang.invoke.Invokers$Holder.invokeExact_MT(java.lang.Object, java.lang.Object, int, java.lang.Object)'> (0x00000000eb982918) 
thrown [s\src\hotspot\share\interpreter\linkResolver.cpp, line 773]
Event: 4.694 Thread 0x0000028b184811c0 Exception <a 'java/lang/NoSuchMethodError'{0x00000000eba79e38}: 'java.lang.Object java.lang.invoke.DirectMethodHandle$Holder.invokeSpecial(java.lang.Object, java.lang.Object, java.lang.Object, long, java.lang.Object)'> (0x00000000eba79e38) 
thrown [s\src\hotspot\share\interpreter\linkResolver.cpp, line 773]
Event: 4.694 Thread 0x0000028b184811c0 Exception <a 'java/lang/NoSuchMethodError'{0x00000000eba815c8}: 'java.lang.Object java.lang.invoke.DirectMethodHandle$Holder.newInvokeSpecial(java.lang.Object, java.lang.Object, java.lang.Object, long)'> (0x00000000eba815c8) 
thrown [s\src\hotspot\share\interpreter\linkResolver.cpp, line 773]
Event: 4.694 Thread 0x0000028b184811c0 Exception <a 'java/lang/NoSuchMethodError'{0x00000000eba85428}: 'java.lang.Object java.lang.invoke.Invokers$Holder.linkToTargetMethod(java.lang.Object, java.lang.Object, long, java.lang.Object)'> (0x00000000eba85428) 
thrown [s\src\hotspot\share\interpreter\linkResolver.cpp, line 773]
Event: 4.706 Thread 0x0000028b184811c0 Exception <a 'java/lang/NoSuchMethodError'{0x00000000ebaf94f8}: 'int java.lang.invoke.DirectMethodHandle$Holder.invokeStaticInit(java.lang.Object, java.lang.Object, java.lang.Object)'> (0x00000000ebaf94f8) 
thrown [s\src\hotspot\share\interpreter\linkResolver.cpp, line 773]
Event: 4.721 Thread 0x0000028b184811c0 Exception <a 'java/lang/IncompatibleClassChangeError'{0x00000000ebb7ab20}: Found class java.lang.Object, but interface was expected> (0x00000000ebb7ab20) 
thrown [s\src\hotspot\share\interpreter\linkResolver.cpp, line 840]
Event: 4.729 Thread 0x0000028b184811c0 Exception <a 'java/lang/NoSuchMethodError'{0x00000000ebb8d138}: 'java.lang.Object java.lang.invoke.DirectMethodHandle$Holder.invokeSpecial(java.lang.Object, java.lang.Object, java.lang.Object, int, java.lang.Object, java.lang.Object)'> (0x00000000ebb8d138) 
thrown [s\src\hotspot\share\interpreter\linkResolver.cpp, line 773]
Event: 4.730 Thread 0x0000028b184811c0 Exception <a 'java/lang/NoSuchMethodError'{0x00000000ebb949d0}: 'java.lang.Object java.lang.invoke.DirectMethodHandle$Holder.newInvokeSpecial(java.lang.Object, java.lang.Object, java.lang.Object, int, java.lang.Object)'> (0x00000000ebb949d0) 
thrown [s\src\hotspot\share\interpreter\linkResolver.cpp, line 773]
Event: 4.731 Thread 0x0000028b184811c0 Exception <a 'java/lang/NoSuchMethodError'{0x00000000ebb984c0}: 'java.lang.Object java.lang.invoke.Invokers$Holder.linkToTargetMethod(java.lang.Object, java.lang.Object, int, java.lang.Object, java.lang.Object)'> (0x00000000ebb984c0) 
thrown [s\src\hotspot\share\interpreter\linkResolver.cpp, line 773]
Event: 4.732 Thread 0x0000028b18506350 Exception <a 'java/lang/NoSuchMethodError'{0x00000000ebab2fe8}: 'java.lang.Object java.lang.invoke.DirectMethodHandle$Holder.invokeSpecial(java.lang.Object, java.lang.Object, int, java.lang.Object, java.lang.Object)'> (0x00000000ebab2fe8) 
thrown [s\src\hotspot\share\interpreter\linkResolver.cpp, line 773]
Event: 4.733 Thread 0x0000028b18506350 Exception <a 'java/lang/NoSuchMethodError'{0x00000000ebab9d20}: 'java.lang.Object java.lang.invoke.DirectMethodHandle$Holder.newInvokeSpecial(java.lang.Object, java.lang.Object, int, java.lang.Object)'> (0x00000000ebab9d20) 
thrown [s\src\hotspot\share\interpreter\linkResolver.cpp, line 773]
Event: 4.753 Thread 0x0000028b184811c0 Exception <a 'java/lang/NoSuchMethodError'{0x00000000ebc9a338}: 'void java.lang.invoke.DirectMethodHandle$Holder.invokeSpecial(java.lang.Object, java.lang.Object, java.lang.Object, java.lang.Object, java.lang.Object)'> (0x00000000ebc9a338) 
thrown [s\src\hotspot\share\interpreter\linkResolver.cpp, line 773]
Event: 4.822 Thread 0x0000028b184811c0 Exception <a 'java/lang/NoSuchMethodError'{0x00000000ebf7b828}: 'double java.lang.invoke.DirectMethodHandle$Holder.invokeStatic(java.lang.Object, java.lang.Object)'> (0x00000000ebf7b828) 
thrown [s\src\hotspot\share\interpreter\linkResolver.cpp, line 773]
Event: 4.822 Thread 0x0000028b184811c0 Exception <a 'java/lang/NoSuchMethodError'{0x00000000ebf7eee8}: 'double java.lang.invoke.DirectMethodHandle$Holder.invokeStaticInit(java.lang.Object, java.lang.Object)'> (0x00000000ebf7eee8) 
thrown [s\src\hotspot\share\interpreter\linkResolver.cpp, line 773]

ZGC Phase Switch (0 events):
No events

VM Operations (20 events):
Event: 3.260 Executing VM operation: HandshakeAllThreads (Deoptimize)
Event: 3.260 Executing VM operation: HandshakeAllThreads (Deoptimize) done
Event: 3.434 Executing VM operation: ParallelGCFailedAllocation (Allocation Failure)
Event: 3.440 Executing VM operation: ParallelGCFailedAllocation (Allocation Failure) done
Event: 3.481 Executing VM operation: HandshakeAllThreads (Deoptimize)
Event: 3.481 Executing VM operation: HandshakeAllThreads (Deoptimize) done
Event: 3.587 Executing VM operation: HandshakeAllThreads (Deoptimize)
Event: 3.587 Executing VM operation: HandshakeAllThreads (Deoptimize) done
Event: 4.105 Executing VM operation: ParallelGCFailedAllocation (Allocation Failure)
Event: 4.112 Executing VM operation: ParallelGCFailedAllocation (Allocation Failure) done
Event: 4.181 Executing VM operation: HandshakeAllThreads (Deoptimize)
Event: 4.181 Executing VM operation: HandshakeAllThreads (Deoptimize) done
Event: 4.190 Executing VM operation: HandshakeAllThreads (Deoptimize)
Event: 4.190 Executing VM operation: HandshakeAllThreads (Deoptimize) done
Event: 4.208 Executing VM operation: HandshakeAllThreads (Deoptimize)
Event: 4.209 Executing VM operation: HandshakeAllThreads (Deoptimize) done
Event: 4.616 Executing VM operation: HandshakeAllThreads (Deoptimize)
Event: 4.616 Executing VM operation: HandshakeAllThreads (Deoptimize) done
Event: 4.934 Executing VM operation: ParallelGCFailedAllocation (Allocation Failure)
Event: 4.940 Executing VM operation: ParallelGCFailedAllocation (Allocation Failure) done

Memory protections (0 events):
No events

Nmethod flushes (0 events):
No events

Events (20 events):
Event: 0.259 Thread 0x0000028abc2085f0 Thread added: 0x0000028b130cd570
Event: 1.478 Thread 0x0000028abc2085f0 Thread added: 0x0000028b133195e0
Event: 1.694 Thread 0x0000028ad05ef6d0 Thread added: 0x0000028b13359100
Event: 1.790 Thread 0x0000028ad05ef6d0 Thread added: 0x0000028b133597a0
Event: 2.489 Thread 0x0000028b133597a0 Thread exited: 0x0000028b133597a0
Event: 2.489 Thread 0x0000028b13359100 Thread exited: 0x0000028b13359100
Event: 2.819 Thread 0x0000028ad05ef6d0 Thread added: 0x0000028b137870d0
Event: 2.828 Thread 0x0000028ad05ef6d0 Thread added: 0x0000028b13787770
Event: 3.178 Thread 0x0000028abc2085f0 Thread added: 0x0000028b181e06a0
Event: 3.383 Thread 0x0000028abc2085f0 Thread added: 0x0000028b1396a070
Event: 3.391 Thread 0x0000028abc2085f0 Thread added: 0x0000028b184811c0
Event: 3.446 Thread 0x0000028b184811c0 Thread added: 0x0000028b18077650
Event: 3.569 Thread 0x0000028b184811c0 Thread added: 0x0000028b180ec520
Event: 3.657 Thread 0x0000028b13787770 Thread exited: 0x0000028b13787770
Event: 3.949 Thread 0x0000028b184811c0 Thread added: 0x0000028b1816f150
Event: 4.614 Thread 0x0000028b137870d0 Thread exited: 0x0000028b137870d0
Event: 4.644 Thread 0x0000028b184811c0 Thread added: 0x0000028b1377d980
Event: 4.698 Thread 0x0000028b184811c0 Thread added: 0x0000028b18506350
Event: 4.733 Thread 0x0000028b184811c0 Thread added: 0x0000028b1868e010
Event: 4.824 Thread 0x0000028ad05ef6d0 Thread added: 0x0000028b18761820


Dynamic libraries:
0x00007ff638e30000 - 0x00007ff638e3e000 	c:\Users\ASUS\.vscode\extensions\redhat.java-1.42.0-win32-x64\jre\21.0.7-win32-x86_64\bin\java.exe
0x00007fff329e0000 - 0x00007fff32c45000 	C:\WINDOWS\SYSTEM32\ntdll.dll
0x00007fff32200000 - 0x00007fff322c9000 	C:\WINDOWS\System32\KERNEL32.DLL
0x00007fff30190000 - 0x00007fff30578000 	C:\WINDOWS\System32\KERNELBASE.dll
0x00007fff2fe00000 - 0x00007fff2ff4b000 	C:\WINDOWS\System32\ucrtbase.dll
0x00007fff22780000 - 0x00007fff22798000 	c:\Users\ASUS\.vscode\extensions\redhat.java-1.42.0-win32-x64\jre\21.0.7-win32-x86_64\bin\jli.dll
0x00007fff31cb0000 - 0x00007fff31e7a000 	C:\WINDOWS\System32\USER32.dll
0x00007fff245c0000 - 0x00007fff245de000 	c:\Users\ASUS\.vscode\extensions\redhat.java-1.42.0-win32-x64\jre\21.0.7-win32-x86_64\bin\VCRUNTIME140.dll
0x00007fff2ff50000 - 0x00007fff2ff77000 	C:\WINDOWS\System32\win32u.dll
0x00007fff31bc0000 - 0x00007fff31beb000 	C:\WINDOWS\System32\GDI32.dll
0x00007fff30580000 - 0x00007fff306b7000 	C:\WINDOWS\System32\gdi32full.dll
0x00007fff1b330000 - 0x00007fff1b5ca000 	C:\WINDOWS\WinSxS\amd64_microsoft.windows.common-controls_6595b64144ccf1df_6.0.26100.4202_none_3e0698d4e335f517\COMCTL32.dll
0x00007fff2fbd0000 - 0x00007fff2fc73000 	C:\WINDOWS\System32\msvcp_win.dll
0x00007fff30b20000 - 0x00007fff30bc9000 	C:\WINDOWS\System32\msvcrt.dll
0x00007fff31c70000 - 0x00007fff31ca0000 	C:\WINDOWS\System32\IMM32.DLL
0x00007fff2a370000 - 0x00007fff2a37c000 	c:\Users\ASUS\.vscode\extensions\redhat.java-1.42.0-win32-x64\jre\21.0.7-win32-x86_64\bin\vcruntime140_1.dll
0x00007ffef4100000 - 0x00007ffef418d000 	c:\Users\ASUS\.vscode\extensions\redhat.java-1.42.0-win32-x64\jre\21.0.7-win32-x86_64\bin\msvcp140.dll
0x00007ffe9b430000 - 0x00007ffe9c1c0000 	c:\Users\ASUS\.vscode\extensions\redhat.java-1.42.0-win32-x64\jre\21.0.7-win32-x86_64\bin\server\jvm.dll
0x00007fff32350000 - 0x00007fff32403000 	C:\WINDOWS\System32\ADVAPI32.dll
0x00007fff30cf0000 - 0x00007fff30d96000 	C:\WINDOWS\System32\sechost.dll
0x00007fff30bd0000 - 0x00007fff30ce5000 	C:\WINDOWS\System32\RPCRT4.dll
0x00007fff30da0000 - 0x00007fff30e14000 	C:\WINDOWS\System32\WS2_32.dll
0x00007fff2f9a0000 - 0x00007fff2f9fe000 	C:\WINDOWS\SYSTEM32\POWRPROF.dll
0x00007fff1c4c0000 - 0x00007fff1c4f5000 	C:\WINDOWS\SYSTEM32\WINMM.dll
0x00007fff24890000 - 0x00007fff2489b000 	C:\WINDOWS\SYSTEM32\VERSION.dll
0x00007fff2f980000 - 0x00007fff2f994000 	C:\WINDOWS\SYSTEM32\UMPDC.dll
0x00007fff2e8f0000 - 0x00007fff2e90b000 	C:\WINDOWS\SYSTEM32\kernel.appcore.dll
0x00007fff27e30000 - 0x00007fff27e3a000 	c:\Users\ASUS\.vscode\extensions\redhat.java-1.42.0-win32-x64\jre\21.0.7-win32-x86_64\bin\jimage.dll
0x00007fff2c710000 - 0x00007fff2c951000 	C:\WINDOWS\SYSTEM32\DBGHELP.DLL
0x00007fff317c0000 - 0x00007fff31b45000 	C:\WINDOWS\System32\combase.dll
0x00007fff32410000 - 0x00007fff324f1000 	C:\WINDOWS\System32\OLEAUT32.dll
0x00007fff19fa0000 - 0x00007fff19fd9000 	C:\WINDOWS\SYSTEM32\dbgcore.DLL
0x00007fff2fb30000 - 0x00007fff2fbc9000 	C:\WINDOWS\System32\bcryptPrimitives.dll
0x00007fff27ab0000 - 0x00007fff27abf000 	c:\Users\ASUS\.vscode\extensions\redhat.java-1.42.0-win32-x64\jre\21.0.7-win32-x86_64\bin\instrument.dll
0x00007fff21050000 - 0x00007fff2106f000 	c:\Users\ASUS\.vscode\extensions\redhat.java-1.42.0-win32-x64\jre\21.0.7-win32-x86_64\bin\java.dll
0x00007fff31070000 - 0x00007fff317b2000 	C:\WINDOWS\System32\SHELL32.dll
0x00007fff2fc80000 - 0x00007fff2fdf4000 	C:\WINDOWS\System32\wintypes.dll
0x00007fff2d7d0000 - 0x00007fff2e027000 	C:\WINDOWS\SYSTEM32\windows.storage.dll
0x00007fff31f10000 - 0x00007fff32001000 	C:\WINDOWS\System32\SHCORE.dll
0x00007fff30e20000 - 0x00007fff30e8a000 	C:\WINDOWS\System32\shlwapi.dll
0x00007fff2fa40000 - 0x00007fff2fa6f000 	C:\WINDOWS\SYSTEM32\profapi.dll
0x00007fff20ce0000 - 0x00007fff20cf8000 	c:\Users\ASUS\.vscode\extensions\redhat.java-1.42.0-win32-x64\jre\21.0.7-win32-x86_64\bin\zip.dll
0x00007fff248a0000 - 0x00007fff248b0000 	C:\Users\ASUS\.vscode\extensions\redhat.java-1.42.0-win32-x64\jre\21.0.7-win32-x86_64\bin\net.dll
0x00007fff27cf0000 - 0x00007fff27e0e000 	C:\WINDOWS\SYSTEM32\WINHTTP.dll
0x00007fff2ee60000 - 0x00007fff2eeca000 	C:\WINDOWS\system32\mswsock.dll
0x00007fff21030000 - 0x00007fff21046000 	C:\Users\ASUS\.vscode\extensions\redhat.java-1.42.0-win32-x64\jre\21.0.7-win32-x86_64\bin\nio.dll
0x00007fff22690000 - 0x00007fff226a0000 	c:\Users\ASUS\.vscode\extensions\redhat.java-1.42.0-win32-x64\jre\21.0.7-win32-x86_64\bin\verify.dll
0x00007fff10b40000 - 0x00007fff10b85000 	C:\Users\ASUS\AppData\Roaming\Code\User\globalStorage\redhat.java\1.42.0\config_ss_win\org.eclipse.equinox.launcher\org.eclipse.equinox.launcher.win32.win32.x86_64_1.2.1300.v20250331-1702\eclipse_11911.dll
0x00007fff30ec0000 - 0x00007fff3105e000 	C:\WINDOWS\System32\ole32.dll
0x00007fff2f110000 - 0x00007fff2f12b000 	C:\WINDOWS\SYSTEM32\CRYPTSP.dll
0x00007fff2e850000 - 0x00007fff2e88a000 	C:\WINDOWS\system32\rsaenh.dll
0x00007fff2ef00000 - 0x00007fff2ef2b000 	C:\WINDOWS\SYSTEM32\USERENV.dll
0x00007fff2fa10000 - 0x00007fff2fa36000 	C:\WINDOWS\SYSTEM32\bcrypt.dll
0x00007fff2f130000 - 0x00007fff2f13c000 	C:\WINDOWS\SYSTEM32\CRYPTBASE.dll
0x00007fff2e320000 - 0x00007fff2e353000 	C:\WINDOWS\SYSTEM32\IPHLPAPI.DLL
0x00007fff321f0000 - 0x00007fff321fa000 	C:\WINDOWS\System32\NSI.dll
0x00007ffef40b0000 - 0x00007ffef40f9000 	C:\Users\ASUS\AppData\Local\Temp\jna-2018896\jna13068868007520270615.dll
0x00007fff31bb0000 - 0x00007fff31bb8000 	C:\WINDOWS\System32\PSAPI.DLL

dbghelp: loaded successfully - version: 4.0.5 - missing functions: none
symbol engine: initialized successfully - sym options: 0x614 - pdb path: .;c:\Users\ASUS\.vscode\extensions\redhat.java-1.42.0-win32-x64\jre\21.0.7-win32-x86_64\bin;C:\WINDOWS\SYSTEM32;C:\WINDOWS\WinSxS\amd64_microsoft.windows.common-controls_6595b64144ccf1df_6.0.26100.4202_none_3e0698d4e335f517;c:\Users\ASUS\.vscode\extensions\redhat.java-1.42.0-win32-x64\jre\21.0.7-win32-x86_64\bin\server;C:\Users\ASUS\AppData\Roaming\Code\User\globalStorage\redhat.java\1.42.0\config_ss_win\org.eclipse.equinox.launcher\org.eclipse.equinox.launcher.win32.win32.x86_64_1.2.1300.v20250331-1702;C:\Users\ASUS\AppData\Local\Temp\jna-2018896

VM Arguments:
jvm_args: --add-modules=ALL-SYSTEM --add-opens=java.base/java.util=ALL-UNNAMED --add-opens=java.base/java.lang=ALL-UNNAMED --add-opens=java.base/sun.nio.fs=ALL-UNNAMED -Declipse.application=org.eclipse.jdt.ls.core.id1 -Dosgi.bundles.defaultStartLevel=4 -Declipse.product=org.eclipse.jdt.ls.core.product -Djava.import.generatesMetadataFilesAtProjectRoot=false -DDetectVMInstallationsJob.disabled=true -Dfile.encoding=utf8 -XX:+UseParallelGC -XX:GCTimeRatio=4 -XX:AdaptiveSizePolicyWeight=90 -Dsun.zip.disableMemoryMapping=true -Xmx1G -Xms100m -Xlog:disable -javaagent:c:\Users\ASUS\.vscode\extensions\redhat.java-1.42.0-win32-x64\lombok\lombok-1.18.36.jar 
java_command: c:\Users\ASUS\.vscode\extensions\redhat.java-1.42.0-win32-x64\server\plugins\org.eclipse.equinox.launcher_1.7.0.v20250424-1814.jar -configuration c:\Users\ASUS\AppData\Roaming\Code\User\globalStorage\redhat.java\1.42.0\config_ss_win -data c:\Users\ASUS\AppData\Roaming\Code\User\workspaceStorage\a33238b1471dacc6b2a44bf7a413b9cd\redhat.java\ss_ws --pipe=\\.\pipe\lsp-e39dc72f5fdc9c097812a877886df6d6-sock
java_class_path (initial): c:\Users\ASUS\.vscode\extensions\redhat.java-1.42.0-win32-x64\server\plugins\org.eclipse.equinox.launcher_1.7.0.v20250424-1814.jar
Launcher Type: SUN_STANDARD

[Global flags]
    uintx AdaptiveSizePolicyWeight                 = 90                                        {product} {command line}
     intx CICompilerCount                          = 4                                         {product} {ergonomic}
    uintx GCTimeRatio                              = 4                                         {product} {command line}
   size_t InitialHeapSize                          = 104857600                                 {product} {command line}
   size_t MaxHeapSize                              = 1073741824                                {product} {command line}
   size_t MaxNewSize                               = 357564416                                 {product} {ergonomic}
   size_t MinHeapDeltaBytes                        = 524288                                    {product} {ergonomic}
   size_t MinHeapSize                              = 104857600                                 {product} {command line}
   size_t NewSize                                  = 34603008                                  {product} {ergonomic}
    uintx NonNMethodCodeHeapSize                   = 5839372                                {pd product} {ergonomic}
    uintx NonProfiledCodeHeapSize                  = 122909434                              {pd product} {ergonomic}
   size_t OldSize                                  = 70254592                                  {product} {ergonomic}
    uintx ProfiledCodeHeapSize                     = 122909434                              {pd product} {ergonomic}
    uintx ReservedCodeCacheSize                    = 251658240                              {pd product} {ergonomic}
     bool SegmentedCodeCache                       = true                                      {product} {ergonomic}
   size_t SoftMaxHeapSize                          = 1073741824                             {manageable} {ergonomic}
     bool UseCompressedOops                        = true                           {product lp64_product} {ergonomic}
     bool UseLargePagesIndividualAllocation        = false                                  {pd product} {ergonomic}
     bool UseParallelGC                            = true                                      {product} {command line}

Logging:
Log output configuration:
 #0: stdout all=off uptime,level,tags foldmultilines=false
 #1: stderr all=off uptime,level,tags foldmultilines=false

Environment Variables:
PATH=C:\Program Files\Common Files\Oracle\Java\javapath;C:\WINDOWS\system32;C:\WINDOWS;C:\WINDOWS\System32\Wbem;C:\WINDOWS\System32\WindowsPowerShell\v1.0\;C:\WINDOWS\System32\OpenSSH\;C:\Program Files\Git\cmd;C:\Program Files\Java\jdk-23\bin;C:\Program Files\nodejs\;C:\MinGW\bin;C:\Users\ASUS\AppData\Local\Programs\Python\Python313\Scripts\;C:\Users\ASUS\AppData\Local\Programs\Python\Python313\;C:\Users\ASUS\AppData\Local\Microsoft\WindowsApps;C:\Users\ASUS\AppData\Local\Programs\Microsoft VS Code\bin;C:\Users\ASUS\AppData\Local\GitHubDesktop\bin;C:\Program Files\JetBrains\IntelliJ IDEA Community Edition 2024.2\bin;;C:\Users\ASUS\AppData\Roaming\npm;C:\Users\ASUS\AppData\Local\JetBrains\CLion 2024.3.4\bin;;
USERNAME=ASUS
OS=Windows_NT
PROCESSOR_IDENTIFIER=Intel64 Family 6 Model 126 Stepping 5, GenuineIntel
TMP=C:\Users\ASUS\AppData\Local\Temp
TEMP=C:\Users\ASUS\AppData\Local\Temp




Periodic native trim disabled

---------------  S Y S T E M  ---------------

OS:
 Windows 11 , 64 bit Build 26100 (10.0.26100.4202)
OS uptime: 1 days 23:53 hours

CPU: total 8 (initial active 8) (4 cores per cpu, 2 threads per core) family 6 model 126 stepping 5 microcode 0xb8, cx8, cmov, fxsr, ht, mmx, 3dnowpref, sse, sse2, sse3, ssse3, sse4.1, sse4.2, popcnt, lzcnt, tsc, tscinvbit, avx, avx2, aes, erms, clmul, bmi1, bmi2, adx, avx512f, avx512dq, avx512cd, avx512bw, avx512vl, sha, fma, vzeroupper, avx512_vpopcntdq, avx512_vpclmulqdq, avx512_vaes, avx512_vnni, clflush, clflushopt, avx512_vbmi2, avx512_vbmi, rdtscp, rdpid, fsrm, gfni, avx512_bitalg, f16c, pku, avx512_ifma
Processor Information for the first 8 processors :
  Max Mhz: 1190, Current Mhz: 991, Mhz Limit: 987

Memory: 4k page, system-wide physical 7929M (881M free)
TotalPageFile size 12025M (AvailPageFile size 3M)
current process WorkingSet (physical memory assigned to process): 129M, peak: 129M
current process commit charge ("private bytes"): 234M, peak: 235M

vm_info: OpenJDK 64-Bit Server VM (21.0.7+6-LTS) for windows-amd64 JRE (21.0.7+6-LTS), built on 2025-04-15T00:00:00Z by "admin" with MS VC++ 17.7 (VS2022)

END.
